   1     1  0.500000E-03  0.250000E-01  0.268643E+01  0.805929E+00
   1     2  0.500000E-03  0.750000E-01  0.271313E+01  0.813940E+00
   1     3  0.500000E-03  0.125000E+00  0.274010E+01  0.822029E+00
   1     4  0.500000E-03  0.175000E+00  0.276753E+01  0.830259E+00
   1     5  0.500000E-03  0.225000E+00  0.279552E+01  0.838655E+00
   1     6  0.500000E-03  0.275000E+00  0.282416E+01  0.847247E+00
   1     7  0.500000E-03  0.325000E+00  0.285356E+01  0.856068E+00
   1     8  0.500000E-03  0.375000E+00  0.288460E+01  0.865379E+00
   1     9  0.500000E-03  0.425000E+00  0.292585E+01  0.877755E+00
   1    10  0.500000E-03  0.475000E+00  0.297167E+01  0.891502E+00
   1    11  0.500000E-03  0.525000E+00  0.301981E+01  0.905942E+00
   1    12  0.500000E-03  0.575000E+00  0.307069E+01  0.921208E+00
   1    13  0.500000E-03  0.625000E+00  0.312489E+01  0.937467E+00
   1    14  0.500000E-03  0.675000E+00  0.318318E+01  0.954954E+00
   1    15  0.500000E-03  0.725000E+00  0.323453E+01  0.970360E+00
   1    16  0.500000E-03  0.775000E+00  0.326991E+01  0.980972E+00
   1    17  0.500000E-03  0.825000E+00  0.330917E+01  0.992751E+00
   1    18  0.500000E-03  0.875000E+00  0.335478E+01  0.100643E+01
   1    19  0.500000E-03  0.925000E+00  0.340483E+01  0.102145E+01
   1    20  0.500000E-03  0.975000E+00  0.343423E+01  0.103027E+01
   2     1  0.104531E-02  0.250000E-01  0.360041E+01  0.108012E+01
   2     2  0.104531E-02  0.750000E-01  0.360871E+01  0.108261E+01
   2     3  0.104531E-02  0.125000E+00  0.361690E+01  0.108507E+01
   2     4  0.104531E-02  0.175000E+00  0.362516E+01  0.108755E+01
   2     5  0.104531E-02  0.225000E+00  0.363353E+01  0.109006E+01
   2     6  0.104531E-02  0.275000E+00  0.364203E+01  0.109261E+01
   2     7  0.104531E-02  0.325000E+00  0.365068E+01  0.109520E+01
   2     8  0.104531E-02  0.375000E+00  0.365932E+01  0.109780E+01
   2     9  0.104531E-02  0.425000E+00  0.366565E+01  0.109969E+01
   2    10  0.104531E-02  0.475000E+00  0.367144E+01  0.110143E+01
   2    11  0.104531E-02  0.525000E+00  0.367744E+01  0.110323E+01
   2    12  0.104531E-02  0.575000E+00  0.368371E+01  0.110511E+01
   2    13  0.104531E-02  0.625000E+00  0.369030E+01  0.110709E+01
   2    14  0.104531E-02  0.675000E+00  0.369731E+01  0.110919E+01
   2    15  0.104531E-02  0.725000E+00  0.370014E+01  0.111004E+01
   2    16  0.104531E-02  0.775000E+00  0.369510E+01  0.110853E+01
   2    17  0.104531E-02  0.825000E+00  0.368943E+01  0.110683E+01
   2    18  0.104531E-02  0.875000E+00  0.368298E+01  0.110489E+01
   2    19  0.104531E-02  0.925000E+00  0.367559E+01  0.110268E+01
   2    20  0.104531E-02  0.975000E+00  0.366749E+01  0.110025E+01
   3     1  0.164005E-02  0.250000E-01  0.369482E+01  0.110845E+01
   3     2  0.164005E-02  0.750000E-01  0.368917E+01  0.110675E+01
   3     3  0.164005E-02  0.125000E+00  0.368333E+01  0.110500E+01
   3     4  0.164005E-02  0.175000E+00  0.367746E+01  0.110324E+01
   3     5  0.164005E-02  0.225000E+00  0.367155E+01  0.110147E+01
   3     6  0.164005E-02  0.275000E+00  0.366558E+01  0.109968E+01
   3     7  0.164005E-02  0.325000E+00  0.365954E+01  0.109786E+01
   3     8  0.164005E-02  0.375000E+00  0.365265E+01  0.109579E+01
   3     9  0.164005E-02  0.425000E+00  0.363653E+01  0.109096E+01
   3    10  0.164005E-02  0.475000E+00  0.361739E+01  0.108522E+01
   3    11  0.164005E-02  0.525000E+00  0.359776E+01  0.107933E+01
   3    12  0.164005E-02  0.575000E+00  0.357753E+01  0.107326E+01
   3    13  0.164005E-02  0.625000E+00  0.355653E+01  0.106696E+01
   3    14  0.164005E-02  0.675000E+00  0.353456E+01  0.106037E+01
   3    15  0.164005E-02  0.725000E+00  0.351115E+01  0.105335E+01
   3    16  0.164005E-02  0.775000E+00  0.348572E+01  0.104572E+01
   3    17  0.164005E-02  0.825000E+00  0.345786E+01  0.103736E+01
   3    18  0.164005E-02  0.875000E+00  0.342631E+01  0.102789E+01
   3    19  0.164005E-02  0.925000E+00  0.339193E+01  0.101758E+01
   3    20  0.164005E-02  0.975000E+00  0.336668E+01  0.101000E+01
   4     1  0.228868E-02  0.250000E-01  0.351076E+01  0.105323E+01
   4     2  0.228868E-02  0.750000E-01  0.349745E+01  0.104924E+01
   4     3  0.228868E-02  0.125000E+00  0.348397E+01  0.104519E+01
   4     4  0.228868E-02  0.175000E+00  0.347045E+01  0.104114E+01
   4     5  0.228868E-02  0.225000E+00  0.345687E+01  0.103706E+01
   4     6  0.228868E-02  0.275000E+00  0.344317E+01  0.103295E+01
   4     7  0.228868E-02  0.325000E+00  0.342933E+01  0.102880E+01
   4     8  0.228868E-02  0.375000E+00  0.341428E+01  0.102428E+01
   4     9  0.228868E-02  0.425000E+00  0.338663E+01  0.101599E+01
   4    10  0.228868E-02  0.475000E+00  0.335485E+01  0.100645E+01
   4    11  0.228868E-02  0.525000E+00  0.332239E+01  0.996717E+00
   4    12  0.228868E-02  0.575000E+00  0.328907E+01  0.986720E+00
   4    13  0.228868E-02  0.625000E+00  0.325463E+01  0.976388E+00
   4    14  0.228868E-02  0.675000E+00  0.321876E+01  0.965629E+00
   4    15  0.228868E-02  0.725000E+00  0.318305E+01  0.954916E+00
   4    16  0.228868E-02  0.775000E+00  0.314844E+01  0.944531E+00
   4    17  0.228868E-02  0.825000E+00  0.311073E+01  0.933219E+00
   4    18  0.228868E-02  0.875000E+00  0.306820E+01  0.920460E+00
   4    19  0.228868E-02  0.925000E+00  0.302222E+01  0.906666E+00
   4    20  0.228868E-02  0.975000E+00  0.298984E+01  0.896951E+00
   5     1  0.299609E-02  0.250000E-01  0.324775E+01  0.974326E+00
   5     2  0.299609E-02  0.750000E-01  0.323030E+01  0.969089E+00
   5     3  0.299609E-02  0.125000E+00  0.321271E+01  0.963812E+00
   5     4  0.299609E-02  0.175000E+00  0.319510E+01  0.958531E+00
   5     5  0.299609E-02  0.225000E+00  0.317744E+01  0.953231E+00
   5     6  0.299609E-02  0.275000E+00  0.315966E+01  0.947898E+00
   5     7  0.299609E-02  0.325000E+00  0.314172E+01  0.942515E+00
   5     8  0.299609E-02  0.375000E+00  0.312241E+01  0.936722E+00
   5     9  0.299609E-02  0.425000E+00  0.308896E+01  0.926690E+00
   5    10  0.299609E-02  0.475000E+00  0.305095E+01  0.915284E+00
   5    11  0.299609E-02  0.525000E+00  0.301223E+01  0.903669E+00
   5    12  0.299609E-02  0.575000E+00  0.297260E+01  0.891780E+00
   5    13  0.299609E-02  0.625000E+00  0.293177E+01  0.879532E+00
   5    14  0.299609E-02  0.675000E+00  0.288940E+01  0.866819E+00
   5    15  0.299609E-02  0.725000E+00  0.284816E+01  0.854447E+00
   5    16  0.299609E-02  0.775000E+00  0.280977E+01  0.842932E+00
   5    17  0.299609E-02  0.825000E+00  0.276810E+01  0.830431E+00
   5    18  0.299609E-02  0.875000E+00  0.272125E+01  0.816375E+00
   5    19  0.299609E-02  0.925000E+00  0.267084E+01  0.801251E+00
   5    20  0.299609E-02  0.975000E+00  0.263598E+01  0.790795E+00
   6     1  0.376762E-02  0.250000E-01  0.297095E+01  0.891284E+00
   6     2  0.376762E-02  0.750000E-01  0.295139E+01  0.885416E+00
   6     3  0.376762E-02  0.125000E+00  0.293173E+01  0.879520E+00
   6     4  0.376762E-02  0.175000E+00  0.291209E+01  0.873626E+00
   6     5  0.376762E-02  0.225000E+00  0.289239E+01  0.867718E+00
   6     6  0.376762E-02  0.275000E+00  0.287260E+01  0.861781E+00
   6     7  0.376762E-02  0.325000E+00  0.285265E+01  0.855796E+00
   6     8  0.376762E-02  0.375000E+00  0.283129E+01  0.849388E+00
   6     9  0.376762E-02  0.425000E+00  0.279530E+01  0.838589E+00
   6    10  0.376762E-02  0.475000E+00  0.275462E+01  0.826386E+00
   6    11  0.376762E-02  0.525000E+00  0.271329E+01  0.813986E+00
   6    12  0.376762E-02  0.575000E+00  0.267108E+01  0.801325E+00
   6    13  0.376762E-02  0.625000E+00  0.262771E+01  0.788313E+00
   6    14  0.376762E-02  0.675000E+00  0.258281E+01  0.774842E+00
   6    15  0.376762E-02  0.725000E+00  0.253969E+01  0.761906E+00
   6    16  0.376762E-02  0.775000E+00  0.250052E+01  0.750157E+00
   6    17  0.376762E-02  0.825000E+00  0.245811E+01  0.737432E+00
   6    18  0.376762E-02  0.875000E+00  0.241053E+01  0.723158E+00
   6    19  0.376762E-02  0.925000E+00  0.235948E+01  0.707844E+00
   6    20  0.376762E-02  0.975000E+00  0.232440E+01  0.697319E+00
   7     1  0.460906E-02  0.250000E-01  0.270412E+01  0.811237E+00
   7     2  0.460906E-02  0.750000E-01  0.268370E+01  0.805109E+00
   7     3  0.460906E-02  0.125000E+00  0.266321E+01  0.798963E+00
   7     4  0.460906E-02  0.175000E+00  0.264275E+01  0.792826E+00
   7     5  0.460906E-02  0.225000E+00  0.262227E+01  0.786681E+00
   7     6  0.460906E-02  0.275000E+00  0.260170E+01  0.780511E+00
   7     7  0.460906E-02  0.325000E+00  0.258099E+01  0.774297E+00
   7     8  0.460906E-02  0.375000E+00  0.255889E+01  0.767668E+00
   7     9  0.460906E-02  0.425000E+00  0.252228E+01  0.756684E+00
   7    10  0.460906E-02  0.475000E+00  0.248108E+01  0.744325E+00
   7    11  0.460906E-02  0.525000E+00  0.243930E+01  0.731789E+00
   7    12  0.460906E-02  0.575000E+00  0.239671E+01  0.719012E+00
   7    13  0.460906E-02  0.625000E+00  0.235303E+01  0.705908E+00
   7    14  0.460906E-02  0.675000E+00  0.230790E+01  0.692370E+00
   7    15  0.460906E-02  0.725000E+00  0.226478E+01  0.679433E+00
   7    16  0.460906E-02  0.775000E+00  0.222591E+01  0.667774E+00
   7    17  0.460906E-02  0.825000E+00  0.218391E+01  0.655172E+00
   7    18  0.460906E-02  0.875000E+00  0.213689E+01  0.641066E+00
   7    19  0.460906E-02  0.925000E+00  0.208658E+01  0.625973E+00
   7    20  0.460906E-02  0.975000E+00  0.205227E+01  0.615680E+00
   8     1  0.552676E-02  0.250000E-01  0.245620E+01  0.736860E+00
   8     2  0.552676E-02  0.750000E-01  0.243566E+01  0.730699E+00
   8     3  0.552676E-02  0.125000E+00  0.241510E+01  0.724530E+00
   8     4  0.552676E-02  0.175000E+00  0.239458E+01  0.718374E+00
   8     5  0.552676E-02  0.225000E+00  0.237405E+01  0.712215E+00
   8     6  0.552676E-02  0.275000E+00  0.235345E+01  0.706036E+00
   8     7  0.552676E-02  0.325000E+00  0.233273E+01  0.699820E+00
   8     8  0.552676E-02  0.375000E+00  0.231065E+01  0.693196E+00
   8     9  0.552676E-02  0.425000E+00  0.227427E+01  0.682281E+00
   8    10  0.552676E-02  0.475000E+00  0.223341E+01  0.670023E+00
   8    11  0.552676E-02  0.525000E+00  0.219204E+01  0.657613E+00
   8    12  0.552676E-02  0.575000E+00  0.214995E+01  0.644985E+00
   8    13  0.552676E-02  0.625000E+00  0.210686E+01  0.632058E+00
   8    14  0.552676E-02  0.675000E+00  0.206242E+01  0.618728E+00
   8    15  0.552676E-02  0.725000E+00  0.202025E+01  0.606076E+00
   8    16  0.552676E-02  0.775000E+00  0.198271E+01  0.594813E+00
   8    17  0.552676E-02  0.825000E+00  0.194220E+01  0.582661E+00
   8    18  0.552676E-02  0.875000E+00  0.189694E+01  0.569081E+00
   8    19  0.552676E-02  0.925000E+00  0.184861E+01  0.554583E+00
   8    20  0.552676E-02  0.975000E+00  0.181584E+01  0.544753E+00
   9     1  0.652763E-02  0.250000E-01  0.222841E+01  0.668523E+00
   9     2  0.652763E-02  0.750000E-01  0.220809E+01  0.662426E+00
   9     3  0.652763E-02  0.125000E+00  0.218777E+01  0.656330E+00
   9     4  0.652763E-02  0.175000E+00  0.216750E+01  0.650251E+00
   9     5  0.652763E-02  0.225000E+00  0.214724E+01  0.644174E+00
   9     6  0.652763E-02  0.275000E+00  0.212694E+01  0.638081E+00
   9     7  0.652763E-02  0.325000E+00  0.210652E+01  0.631957E+00
   9     8  0.652763E-02  0.375000E+00  0.208482E+01  0.625445E+00
   9     9  0.652763E-02  0.425000E+00  0.204943E+01  0.614829E+00
   9    10  0.652763E-02  0.475000E+00  0.200980E+01  0.602942E+00
   9    11  0.652763E-02  0.525000E+00  0.196974E+01  0.590922E+00
   9    12  0.652763E-02  0.575000E+00  0.192904E+01  0.578711E+00
   9    13  0.652763E-02  0.625000E+00  0.188743E+01  0.566229E+00
   9    14  0.652763E-02  0.675000E+00  0.184459E+01  0.553378E+00
   9    15  0.652763E-02  0.725000E+00  0.180416E+01  0.541248E+00
   9    16  0.652763E-02  0.775000E+00  0.176851E+01  0.530554E+00
   9    17  0.652763E-02  0.825000E+00  0.173011E+01  0.519032E+00
   9    18  0.652763E-02  0.875000E+00  0.168725E+01  0.506174E+00
   9    19  0.652763E-02  0.925000E+00  0.164157E+01  0.492470E+00
   9    20  0.652763E-02  0.975000E+00  0.161068E+01  0.483203E+00
  10     1  0.761920E-02  0.250000E-01  0.201994E+01  0.605982E+00
  10     2  0.761920E-02  0.750000E-01  0.200024E+01  0.600070E+00
  10     3  0.761920E-02  0.125000E+00  0.198055E+01  0.594165E+00
  10     4  0.761920E-02  0.175000E+00  0.196093E+01  0.588280E+00
  10     5  0.761920E-02  0.225000E+00  0.194134E+01  0.582401E+00
  10     6  0.761920E-02  0.275000E+00  0.192170E+01  0.576511E+00
  10     7  0.761920E-02  0.325000E+00  0.190198E+01  0.570594E+00
  10     8  0.761920E-02  0.375000E+00  0.188104E+01  0.564313E+00
  10     9  0.761920E-02  0.425000E+00  0.184717E+01  0.554150E+00
  10    10  0.761920E-02  0.475000E+00  0.180931E+01  0.542793E+00
  10    11  0.761920E-02  0.525000E+00  0.177108E+01  0.531325E+00
  10    12  0.761920E-02  0.575000E+00  0.173229E+01  0.519688E+00
  10    13  0.761920E-02  0.625000E+00  0.169269E+01  0.507808E+00
  10    14  0.761920E-02  0.675000E+00  0.165198E+01  0.495593E+00
  10    15  0.761920E-02  0.725000E+00  0.161363E+01  0.484090E+00
  10    16  0.761920E-02  0.775000E+00  0.157994E+01  0.473982E+00
  10    17  0.761920E-02  0.825000E+00  0.154368E+01  0.463105E+00
  10    18  0.761920E-02  0.875000E+00  0.150328E+01  0.450984E+00
  10    19  0.761920E-02  0.925000E+00  0.146029E+01  0.438086E+00
  10    20  0.761920E-02  0.975000E+00  0.143132E+01  0.429395E+00
  11     1  0.880971E-02  0.250000E-01  0.183057E+01  0.549171E+00
  11     2  0.880971E-02  0.750000E-01  0.181170E+01  0.543511E+00
  11     3  0.880971E-02  0.125000E+00  0.179287E+01  0.537861E+00
  11     4  0.880971E-02  0.175000E+00  0.177412E+01  0.532235E+00
  11     5  0.880971E-02  0.225000E+00  0.175539E+01  0.526617E+00
  11     6  0.880971E-02  0.275000E+00  0.173664E+01  0.520992E+00
  11     7  0.880971E-02  0.325000E+00  0.171781E+01  0.515344E+00
  11     8  0.880971E-02  0.375000E+00  0.169785E+01  0.509354E+00
  11     9  0.880971E-02  0.425000E+00  0.166563E+01  0.499690E+00
  11    10  0.880971E-02  0.475000E+00  0.162969E+01  0.488907E+00
  11    11  0.880971E-02  0.525000E+00  0.159343E+01  0.478029E+00
  11    12  0.880971E-02  0.575000E+00  0.155668E+01  0.467005E+00
  11    13  0.880971E-02  0.625000E+00  0.151921E+01  0.455764E+00
  11    14  0.880971E-02  0.675000E+00  0.148073E+01  0.444220E+00
  11    15  0.880971E-02  0.725000E+00  0.144464E+01  0.433391E+00
  11    16  0.880971E-02  0.775000E+00  0.141312E+01  0.423937E+00
  11    17  0.880971E-02  0.825000E+00  0.137925E+01  0.413775E+00
  11    18  0.880971E-02  0.875000E+00  0.134155E+01  0.402464E+00
  11    19  0.880971E-02  0.925000E+00  0.130149E+01  0.390446E+00
  11    20  0.880971E-02  0.975000E+00  0.127461E+01  0.382383E+00
  12     1  0.101081E-01  0.250000E-01  0.165913E+01  0.497740E+00
  12     2  0.101081E-01  0.750000E-01  0.164117E+01  0.492352E+00
  12     3  0.101081E-01  0.125000E+00  0.162326E+01  0.486977E+00
  12     4  0.101081E-01  0.175000E+00  0.160542E+01  0.481627E+00
  12     5  0.101081E-01  0.225000E+00  0.158763E+01  0.476289E+00
  12     6  0.101081E-01  0.275000E+00  0.156982E+01  0.470946E+00
  12     7  0.101081E-01  0.325000E+00  0.155195E+01  0.465585E+00
  12     8  0.101081E-01  0.375000E+00  0.153302E+01  0.459906E+00
  12     9  0.101081E-01  0.425000E+00  0.150261E+01  0.450782E+00
  12    10  0.101081E-01  0.475000E+00  0.146872E+01  0.440616E+00
  12    11  0.101081E-01  0.525000E+00  0.143457E+01  0.430372E+00
  12    12  0.101081E-01  0.575000E+00  0.140000E+01  0.420000E+00
  12    13  0.101081E-01  0.625000E+00  0.136479E+01  0.409436E+00
  12    14  0.101081E-01  0.675000E+00  0.132867E+01  0.398601E+00
  12    15  0.101081E-01  0.725000E+00  0.129490E+01  0.388470E+00
  12    16  0.101081E-01  0.775000E+00  0.126560E+01  0.379679E+00
  12    17  0.101081E-01  0.825000E+00  0.123413E+01  0.370239E+00
  12    18  0.101081E-01  0.875000E+00  0.119914E+01  0.359742E+00
  12    19  0.101081E-01  0.925000E+00  0.116199E+01  0.348598E+00
  12    20  0.101081E-01  0.975000E+00  0.113705E+01  0.341115E+00
  13     1  0.115242E-01  0.250000E-01  0.150347E+01  0.451041E+00
  13     2  0.115242E-01  0.750000E-01  0.148647E+01  0.445940E+00
  13     3  0.115242E-01  0.125000E+00  0.146952E+01  0.440855E+00
  13     4  0.115242E-01  0.175000E+00  0.145265E+01  0.435796E+00
  13     5  0.115242E-01  0.225000E+00  0.143584E+01  0.430751E+00
  13     6  0.115242E-01  0.275000E+00  0.141901E+01  0.425704E+00
  13     7  0.115242E-01  0.325000E+00  0.140214E+01  0.420642E+00
  13     8  0.115242E-01  0.375000E+00  0.138429E+01  0.415287E+00
  13     9  0.115242E-01  0.425000E+00  0.135580E+01  0.406741E+00
  13    10  0.115242E-01  0.475000E+00  0.132412E+01  0.397237E+00
  13    11  0.115242E-01  0.525000E+00  0.129222E+01  0.387667E+00
  13    12  0.115242E-01  0.575000E+00  0.125995E+01  0.377987E+00
  13    13  0.115242E-01  0.625000E+00  0.122712E+01  0.368136E+00
  13    14  0.115242E-01  0.675000E+00  0.119347E+01  0.358041E+00
  13    15  0.115242E-01  0.725000E+00  0.116204E+01  0.348613E+00
  13    16  0.115242E-01  0.775000E+00  0.113480E+01  0.340440E+00
  13    17  0.115242E-01  0.825000E+00  0.110557E+01  0.331672E+00
  13    18  0.115242E-01  0.875000E+00  0.107310E+01  0.321930E+00
  13    19  0.115242E-01  0.925000E+00  0.103869E+01  0.311606E+00
  13    20  0.115242E-01  0.975000E+00  0.101574E+01  0.304723E+00
  14     1  0.130685E-01  0.250000E-01  0.136229E+01  0.408687E+00
  14     2  0.130685E-01  0.750000E-01  0.134636E+01  0.403908E+00
  14     3  0.130685E-01  0.125000E+00  0.133049E+01  0.399146E+00
  14     4  0.130685E-01  0.175000E+00  0.131470E+01  0.394411E+00
  14     5  0.130685E-01  0.225000E+00  0.129897E+01  0.389690E+00
  14     6  0.130685E-01  0.275000E+00  0.128323E+01  0.384970E+00
  14     7  0.130685E-01  0.325000E+00  0.126746E+01  0.380238E+00
  14     8  0.130685E-01  0.375000E+00  0.125078E+01  0.375233E+00
  14     9  0.130685E-01  0.425000E+00  0.122413E+01  0.367240E+00
  14    10  0.130685E-01  0.475000E+00  0.119452E+01  0.358355E+00
  14    11  0.130685E-01  0.525000E+00  0.116473E+01  0.349418E+00
  14    12  0.130685E-01  0.575000E+00  0.113461E+01  0.340384E+00
  14    13  0.130685E-01  0.625000E+00  0.110400E+01  0.331201E+00
  14    14  0.130685E-01  0.675000E+00  0.107266E+01  0.321799E+00
  14    15  0.130685E-01  0.725000E+00  0.104355E+01  0.313064E+00
  14    16  0.130685E-01  0.775000E+00  0.101857E+01  0.305571E+00
  14    17  0.130685E-01  0.825000E+00  0.991791E+00  0.297537E+00
  14    18  0.130685E-01  0.875000E+00  0.962058E+00  0.288617E+00
  14    19  0.130685E-01  0.925000E+00  0.930579E+00  0.279174E+00
  14    20  0.130685E-01  0.975000E+00  0.909689E+00  0.272907E+00
  15     1  0.147529E-01  0.250000E-01  0.123475E+01  0.370424E+00
  15     2  0.147529E-01  0.750000E-01  0.121981E+01  0.365943E+00
  15     3  0.147529E-01  0.125000E+00  0.120493E+01  0.361480E+00
  15     4  0.147529E-01  0.175000E+00  0.119015E+01  0.357044E+00
  15     5  0.147529E-01  0.225000E+00  0.117541E+01  0.352623E+00
  15     6  0.147529E-01  0.275000E+00  0.116068E+01  0.348204E+00
  15     7  0.147529E-01  0.325000E+00  0.114592E+01  0.343776E+00
  15     8  0.147529E-01  0.375000E+00  0.113033E+01  0.339100E+00
  15     9  0.147529E-01  0.425000E+00  0.110561E+01  0.331682E+00
  15    10  0.147529E-01  0.475000E+00  0.107817E+01  0.323451E+00
  15    11  0.147529E-01  0.525000E+00  0.105058E+01  0.315175E+00
  15    12  0.147529E-01  0.575000E+00  0.102272E+01  0.306817E+00
  15    13  0.147529E-01  0.625000E+00  0.994419E+00  0.298326E+00
  15    14  0.147529E-01  0.675000E+00  0.965464E+00  0.289639E+00
  15    15  0.147529E-01  0.725000E+00  0.938678E+00  0.281603E+00
  15    16  0.147529E-01  0.775000E+00  0.915899E+00  0.274770E+00
  15    17  0.147529E-01  0.825000E+00  0.891490E+00  0.267447E+00
  15    18  0.147529E-01  0.875000E+00  0.864399E+00  0.259320E+00
  15    19  0.147529E-01  0.925000E+00  0.835743E+00  0.250723E+00
  15    20  0.147529E-01  0.975000E+00  0.816842E+00  0.245053E+00
  16     1  0.165899E-01  0.250000E-01  0.111904E+01  0.335712E+00
  16     2  0.165899E-01  0.750000E-01  0.110509E+01  0.331528E+00
  16     3  0.165899E-01  0.125000E+00  0.109121E+01  0.327364E+00
  16     4  0.165899E-01  0.175000E+00  0.107742E+01  0.323226E+00
  16     5  0.165899E-01  0.225000E+00  0.106368E+01  0.319103E+00
  16     6  0.165899E-01  0.275000E+00  0.104995E+01  0.314985E+00
  16     7  0.165899E-01  0.325000E+00  0.103620E+01  0.310859E+00
  16     8  0.165899E-01  0.375000E+00  0.102170E+01  0.306510E+00
  16     9  0.165899E-01  0.425000E+00  0.998954E+00  0.299686E+00
  16    10  0.165899E-01  0.475000E+00  0.973765E+00  0.292130E+00
  16    11  0.165899E-01  0.525000E+00  0.948453E+00  0.284536E+00
  16    12  0.165899E-01  0.575000E+00  0.922898E+00  0.276869E+00
  16    13  0.165899E-01  0.625000E+00  0.896948E+00  0.269084E+00
  16    14  0.165899E-01  0.675000E+00  0.870413E+00  0.261124E+00
  16    15  0.165899E-01  0.725000E+00  0.846007E+00  0.253802E+00
  16    16  0.165899E-01  0.775000E+00  0.825505E+00  0.247652E+00
  16    17  0.165899E-01  0.825000E+00  0.803540E+00  0.241062E+00
  16    18  0.165899E-01  0.875000E+00  0.779161E+00  0.233748E+00
  16    19  0.165899E-01  0.925000E+00  0.753396E+00  0.226019E+00
  16    20  0.165899E-01  0.975000E+00  0.736591E+00  0.220977E+00
  17     1  0.185934E-01  0.250000E-01  0.101403E+01  0.304209E+00
  17     2  0.185934E-01  0.750000E-01  0.100120E+01  0.300361E+00
  17     3  0.185934E-01  0.125000E+00  0.988441E+00  0.296532E+00
  17     4  0.185934E-01  0.175000E+00  0.975761E+00  0.292728E+00
  17     5  0.185934E-01  0.225000E+00  0.963131E+00  0.288939E+00
  17     6  0.185934E-01  0.275000E+00  0.950517E+00  0.285155E+00
  17     7  0.185934E-01  0.325000E+00  0.937881E+00  0.281364E+00
  17     8  0.185934E-01  0.375000E+00  0.924575E+00  0.277372E+00
  17     9  0.185934E-01  0.425000E+00  0.903826E+00  0.271148E+00
  17    10  0.185934E-01  0.475000E+00  0.880876E+00  0.264263E+00
  17    11  0.185934E-01  0.525000E+00  0.857818E+00  0.257346E+00
  17    12  0.185934E-01  0.575000E+00  0.834544E+00  0.250363E+00
  17    13  0.185934E-01  0.625000E+00  0.810914E+00  0.243274E+00
  17    14  0.185934E-01  0.675000E+00  0.786757E+00  0.236027E+00
  17    15  0.185934E-01  0.725000E+00  0.764691E+00  0.229407E+00
  17    16  0.185934E-01  0.775000E+00  0.746443E+00  0.223933E+00
  17    17  0.185934E-01  0.825000E+00  0.726890E+00  0.218067E+00
  17    18  0.185934E-01  0.875000E+00  0.705179E+00  0.211554E+00
  17    19  0.185934E-01  0.925000E+00  0.682209E+00  0.204663E+00
  17    20  0.185934E-01  0.975000E+00  0.667119E+00  0.200136E+00
  18     1  0.207784E-01  0.250000E-01  0.919909E+00  0.275973E+00
  18     2  0.207784E-01  0.750000E-01  0.908122E+00  0.272437E+00
  18     3  0.207784E-01  0.125000E+00  0.896397E+00  0.268919E+00
  18     4  0.207784E-01  0.175000E+00  0.884750E+00  0.265425E+00
  18     5  0.207784E-01  0.225000E+00  0.873150E+00  0.261945E+00
  18     6  0.207784E-01  0.275000E+00  0.861567E+00  0.258470E+00
  18     7  0.207784E-01  0.325000E+00  0.849966E+00  0.254990E+00
  18     8  0.207784E-01  0.375000E+00  0.837780E+00  0.251334E+00
  18     9  0.207784E-01  0.425000E+00  0.819100E+00  0.245730E+00
  18    10  0.207784E-01  0.475000E+00  0.798495E+00  0.239549E+00
  18    11  0.207784E-01  0.525000E+00  0.777788E+00  0.233337E+00
  18    12  0.207784E-01  0.575000E+00  0.756882E+00  0.227064E+00
  18    13  0.207784E-01  0.625000E+00  0.735650E+00  0.220695E+00
  18    14  0.207784E-01  0.675000E+00  0.713939E+00  0.214182E+00
  18    15  0.207784E-01  0.725000E+00  0.694044E+00  0.208213E+00
  18    16  0.207784E-01  0.775000E+00  0.677475E+00  0.203242E+00
  18    17  0.207784E-01  0.825000E+00  0.659720E+00  0.197916E+00
  18    18  0.207784E-01  0.875000E+00  0.640005E+00  0.192001E+00
  18    19  0.207784E-01  0.925000E+00  0.619120E+00  0.185736E+00
  18    20  0.207784E-01  0.975000E+00  0.605182E+00  0.181555E+00
  19     1  0.231615E-01  0.250000E-01  0.835304E+00  0.250591E+00
  19     2  0.231615E-01  0.750000E-01  0.824635E+00  0.247390E+00
  19     3  0.231615E-01  0.125000E+00  0.814020E+00  0.244206E+00
  19     4  0.231615E-01  0.175000E+00  0.803477E+00  0.241043E+00
  19     5  0.231615E-01  0.225000E+00  0.792975E+00  0.237893E+00
  19     6  0.231615E-01  0.275000E+00  0.782488E+00  0.234746E+00
  19     7  0.231615E-01  0.325000E+00  0.771985E+00  0.231596E+00
  19     8  0.231615E-01  0.375000E+00  0.760959E+00  0.228288E+00
  19     9  0.231615E-01  0.425000E+00  0.744151E+00  0.223245E+00
  19    10  0.231615E-01  0.475000E+00  0.725625E+00  0.217687E+00
  19    11  0.231615E-01  0.525000E+00  0.707002E+00  0.212100E+00
  19    12  0.231615E-01  0.575000E+00  0.688193E+00  0.206458E+00
  19    13  0.231615E-01  0.625000E+00  0.669087E+00  0.200726E+00
  19    14  0.231615E-01  0.675000E+00  0.649544E+00  0.194863E+00
  19    15  0.231615E-01  0.725000E+00  0.631433E+00  0.189430E+00
  19    16  0.231615E-01  0.775000E+00  0.615968E+00  0.184790E+00
  19    17  0.231615E-01  0.825000E+00  0.599398E+00  0.179820E+00
  19    18  0.231615E-01  0.875000E+00  0.581014E+00  0.174304E+00
  19    19  0.231615E-01  0.925000E+00  0.561533E+00  0.168460E+00
  19    20  0.231615E-01  0.975000E+00  0.548369E+00  0.164511E+00
  20     1  0.257605E-01  0.250000E-01  0.760128E+00  0.228038E+00
  20     2  0.257605E-01  0.750000E-01  0.750583E+00  0.225175E+00
  20     3  0.257605E-01  0.125000E+00  0.741085E+00  0.222325E+00
  20     4  0.257605E-01  0.175000E+00  0.731647E+00  0.219494E+00
  20     5  0.257605E-01  0.225000E+00  0.722246E+00  0.216674E+00
  20     6  0.257605E-01  0.275000E+00  0.712855E+00  0.213856E+00
  20     7  0.257605E-01  0.325000E+00  0.703448E+00  0.211034E+00
  20     8  0.257605E-01  0.375000E+00  0.693543E+00  0.208063E+00
  20     9  0.257605E-01  0.425000E+00  0.678127E+00  0.203438E+00
  20    10  0.257605E-01  0.475000E+00  0.661078E+00  0.198323E+00
  20    11  0.257605E-01  0.525000E+00  0.643944E+00  0.193183E+00
  20    12  0.257605E-01  0.575000E+00  0.626644E+00  0.187993E+00
  20    13  0.257605E-01  0.625000E+00  0.609076E+00  0.182723E+00
  20    14  0.257605E-01  0.675000E+00  0.591110E+00  0.177333E+00
  20    15  0.257605E-01  0.725000E+00  0.574278E+00  0.172283E+00
  20    16  0.257605E-01  0.775000E+00  0.559555E+00  0.167866E+00
  20    17  0.257605E-01  0.825000E+00  0.543792E+00  0.163138E+00
  20    18  0.257605E-01  0.875000E+00  0.526327E+00  0.157898E+00
  20    19  0.257605E-01  0.925000E+00  0.507830E+00  0.152349E+00
  20    20  0.257605E-01  0.975000E+00  0.495208E+00  0.148562E+00
  21     1  0.285951E-01  0.250000E-01  0.694048E+00  0.208214E+00
  21     2  0.285951E-01  0.750000E-01  0.685342E+00  0.205603E+00
  21     3  0.285951E-01  0.125000E+00  0.676678E+00  0.203004E+00
  21     4  0.285951E-01  0.175000E+00  0.668070E+00  0.200421E+00
  21     5  0.285951E-01  0.225000E+00  0.659495E+00  0.197849E+00
  21     6  0.285951E-01  0.275000E+00  0.650930E+00  0.195279E+00
  21     7  0.285951E-01  0.325000E+00  0.642349E+00  0.192705E+00
  21     8  0.285951E-01  0.375000E+00  0.633281E+00  0.189984E+00
  21     9  0.285951E-01  0.425000E+00  0.618803E+00  0.185641E+00
  21    10  0.285951E-01  0.475000E+00  0.602734E+00  0.180820E+00
  21    11  0.285951E-01  0.525000E+00  0.586598E+00  0.175979E+00
  21    12  0.285951E-01  0.575000E+00  0.570320E+00  0.171096E+00
  21    13  0.285951E-01  0.625000E+00  0.553806E+00  0.166142E+00
  21    14  0.285951E-01  0.675000E+00  0.536934E+00  0.161080E+00
  21    15  0.285951E-01  0.725000E+00  0.520989E+00  0.156297E+00
  21    16  0.285951E-01  0.775000E+00  0.506772E+00  0.152032E+00
  21    17  0.285951E-01  0.825000E+00  0.491573E+00  0.147472E+00
  21    18  0.285951E-01  0.875000E+00  0.474767E+00  0.142430E+00
  21    19  0.285951E-01  0.925000E+00  0.456994E+00  0.137098E+00
  21    20  0.285951E-01  0.975000E+00  0.444791E+00  0.133437E+00
  22     1  0.316865E-01  0.250000E-01  0.634791E+00  0.190437E+00
  22     2  0.316865E-01  0.750000E-01  0.626644E+00  0.187993E+00
  22     3  0.316865E-01  0.125000E+00  0.618541E+00  0.185562E+00
  22     4  0.316865E-01  0.175000E+00  0.610492E+00  0.183148E+00
  22     5  0.316865E-01  0.225000E+00  0.602476E+00  0.180743E+00
  22     6  0.316865E-01  0.275000E+00  0.594471E+00  0.178341E+00
  22     7  0.316865E-01  0.325000E+00  0.586455E+00  0.175936E+00
  22     8  0.316865E-01  0.375000E+00  0.577961E+00  0.173388E+00
  22     9  0.316865E-01  0.425000E+00  0.564114E+00  0.169234E+00
  22    10  0.316865E-01  0.475000E+00  0.548709E+00  0.164613E+00
  22    11  0.316865E-01  0.525000E+00  0.533262E+00  0.159979E+00
  22    12  0.316865E-01  0.575000E+00  0.517703E+00  0.155311E+00
  22    13  0.316865E-01  0.625000E+00  0.501940E+00  0.150582E+00
  22    14  0.316865E-01  0.675000E+00  0.485862E+00  0.145759E+00
  22    15  0.316865E-01  0.725000E+00  0.470583E+00  0.141175E+00
  22    16  0.316865E-01  0.775000E+00  0.456784E+00  0.137035E+00
  22    17  0.316865E-01  0.825000E+00  0.442058E+00  0.132618E+00
  22    18  0.316865E-01  0.875000E+00  0.425817E+00  0.127745E+00
  22    19  0.316865E-01  0.925000E+00  0.408682E+00  0.122605E+00
  22    20  0.316865E-01  0.975000E+00  0.396903E+00  0.119071E+00
  23     1  0.350582E-01  0.250000E-01  0.580278E+00  0.174083E+00
  23     2  0.350582E-01  0.750000E-01  0.572514E+00  0.171754E+00
  23     3  0.350582E-01  0.125000E+00  0.564795E+00  0.169439E+00
  23     4  0.350582E-01  0.175000E+00  0.557133E+00  0.167140E+00
  23     5  0.350582E-01  0.225000E+00  0.549507E+00  0.164852E+00
  23     6  0.350582E-01  0.275000E+00  0.541895E+00  0.162569E+00
  23     7  0.350582E-01  0.325000E+00  0.534277E+00  0.160283E+00
  23     8  0.350582E-01  0.375000E+00  0.526190E+00  0.157857E+00
  23     9  0.350582E-01  0.425000E+00  0.512785E+00  0.153836E+00
  23    10  0.350582E-01  0.475000E+00  0.497856E+00  0.149357E+00
  23    11  0.350582E-01  0.525000E+00  0.482914E+00  0.144874E+00
  23    12  0.350582E-01  0.575000E+00  0.467892E+00  0.140368E+00
  23    13  0.350582E-01  0.625000E+00  0.452706E+00  0.135812E+00
  23    14  0.350582E-01  0.675000E+00  0.437248E+00  0.131174E+00
  23    15  0.350582E-01  0.725000E+00  0.422534E+00  0.126760E+00
  23    16  0.350582E-01  0.775000E+00  0.409169E+00  0.122751E+00
  23    17  0.350582E-01  0.825000E+00  0.394942E+00  0.118483E+00
  23    18  0.350582E-01  0.875000E+00  0.379295E+00  0.113789E+00
  23    19  0.350582E-01  0.925000E+00  0.362829E+00  0.108849E+00
  23    20  0.350582E-01  0.975000E+00  0.351475E+00  0.105443E+00
  24     1  0.387354E-01  0.250000E-01  0.529116E+00  0.158735E+00
  24     2  0.387354E-01  0.750000E-01  0.521622E+00  0.156487E+00
  24     3  0.387354E-01  0.125000E+00  0.514180E+00  0.154254E+00
  24     4  0.387354E-01  0.175000E+00  0.506797E+00  0.152039E+00
  24     5  0.387354E-01  0.225000E+00  0.499456E+00  0.149837E+00
  24     6  0.387354E-01  0.275000E+00  0.492134E+00  0.147640E+00
  24     7  0.387354E-01  0.325000E+00  0.484813E+00  0.145444E+00
  24     8  0.387354E-01  0.375000E+00  0.477033E+00  0.143110E+00
  24     9  0.387354E-01  0.425000E+00  0.464004E+00  0.139201E+00
  24    10  0.387354E-01  0.475000E+00  0.449493E+00  0.134848E+00
  24    11  0.387354E-01  0.525000E+00  0.435004E+00  0.130501E+00
  24    12  0.387354E-01  0.575000E+00  0.420471E+00  0.126141E+00
  24    13  0.387354E-01  0.625000E+00  0.405814E+00  0.121744E+00
  24    14  0.387354E-01  0.675000E+00  0.390934E+00  0.117280E+00
  24    15  0.387354E-01  0.725000E+00  0.376751E+00  0.113025E+00
  24    16  0.387354E-01  0.775000E+00  0.363803E+00  0.109141E+00
  24    17  0.387354E-01  0.825000E+00  0.350058E+00  0.105017E+00
  24    18  0.387354E-01  0.875000E+00  0.334992E+00  0.100497E+00
  24    19  0.387354E-01  0.925000E+00  0.319189E+00  0.957567E-01
  24    20  0.387354E-01  0.975000E+00  0.308286E+00  0.924858E-01
  25     1  0.427458E-01  0.250000E-01  0.480463E+00  0.144139E+00
  25     2  0.427458E-01  0.750000E-01  0.473173E+00  0.141952E+00
  25     3  0.427458E-01  0.125000E+00  0.465942E+00  0.139783E+00
  25     4  0.427458E-01  0.175000E+00  0.458777E+00  0.137633E+00
  25     5  0.427458E-01  0.225000E+00  0.451659E+00  0.135498E+00
  25     6  0.427458E-01  0.275000E+00  0.444568E+00  0.133370E+00
  25     7  0.427458E-01  0.325000E+00  0.437484E+00  0.131245E+00
  25     8  0.427458E-01  0.375000E+00  0.429959E+00  0.128988E+00
  25     9  0.427458E-01  0.425000E+00  0.417293E+00  0.125188E+00
  25    10  0.427458E-01  0.475000E+00  0.403206E+00  0.120962E+00
  25    11  0.427458E-01  0.525000E+00  0.389175E+00  0.116753E+00
  25    12  0.427458E-01  0.575000E+00  0.375142E+00  0.112542E+00
  25    13  0.427458E-01  0.625000E+00  0.361028E+00  0.108308E+00
  25    14  0.427458E-01  0.675000E+00  0.346741E+00  0.104022E+00
  25    15  0.427458E-01  0.725000E+00  0.333122E+00  0.999367E-01
  25    16  0.427458E-01  0.775000E+00  0.320653E+00  0.961960E-01
  25    17  0.427458E-01  0.825000E+00  0.307460E+00  0.922380E-01
  25    18  0.427458E-01  0.875000E+00  0.293053E+00  0.879158E-01
  25    19  0.427458E-01  0.925000E+00  0.278005E+00  0.834015E-01
  25    20  0.427458E-01  0.975000E+00  0.267677E+00  0.803032E-01
  26     1  0.471197E-01  0.250000E-01  0.433799E+00  0.130140E+00
  26     2  0.471197E-01  0.750000E-01  0.426724E+00  0.128017E+00
  26     3  0.471197E-01  0.125000E+00  0.419716E+00  0.125915E+00
  26     4  0.471197E-01  0.175000E+00  0.412780E+00  0.123834E+00
  26     5  0.471197E-01  0.225000E+00  0.405898E+00  0.121769E+00
  26     6  0.471197E-01  0.275000E+00  0.399050E+00  0.119715E+00
  26     7  0.471197E-01  0.325000E+00  0.392217E+00  0.117665E+00
  26     8  0.471197E-01  0.375000E+00  0.384958E+00  0.115487E+00
  26     9  0.471197E-01  0.425000E+00  0.372655E+00  0.111796E+00
  26    10  0.471197E-01  0.475000E+00  0.358989E+00  0.107697E+00
  26    11  0.471197E-01  0.525000E+00  0.345421E+00  0.103626E+00
  26    12  0.471197E-01  0.575000E+00  0.331892E+00  0.995675E-01
  26    13  0.471197E-01  0.625000E+00  0.318330E+00  0.954991E-01
  26    14  0.471197E-01  0.675000E+00  0.304651E+00  0.913952E-01
  26    15  0.471197E-01  0.725000E+00  0.291662E+00  0.874986E-01
  26    16  0.471197E-01  0.775000E+00  0.279821E+00  0.839463E-01
  26    17  0.471197E-01  0.825000E+00  0.267336E+00  0.802008E-01
  26    18  0.471197E-01  0.875000E+00  0.253755E+00  0.761265E-01
  26    19  0.471197E-01  0.925000E+00  0.239629E+00  0.718886E-01
  26    20  0.471197E-01  0.975000E+00  0.229959E+00  0.689879E-01
  27     1  0.518899E-01  0.250000E-01  0.389098E+00  0.116729E+00
  27     2  0.518899E-01  0.750000E-01  0.382242E+00  0.114673E+00
  27     3  0.518899E-01  0.125000E+00  0.375462E+00  0.112639E+00
  27     4  0.518899E-01  0.175000E+00  0.368761E+00  0.110628E+00
  27     5  0.518899E-01  0.225000E+00  0.362120E+00  0.108636E+00
  27     6  0.518899E-01  0.275000E+00  0.355521E+00  0.106656E+00
  27     7  0.518899E-01  0.325000E+00  0.348946E+00  0.104684E+00
  27     8  0.518899E-01  0.375000E+00  0.341966E+00  0.102590E+00
  27     9  0.518899E-01  0.425000E+00  0.330102E+00  0.990307E-01
  27    10  0.518899E-01  0.475000E+00  0.316953E+00  0.950858E-01
  27    11  0.518899E-01  0.525000E+00  0.303940E+00  0.911821E-01
  27    12  0.518899E-01  0.575000E+00  0.291011E+00  0.873032E-01
  27    13  0.518899E-01  0.625000E+00  0.278097E+00  0.834290E-01
  27    14  0.518899E-01  0.675000E+00  0.265119E+00  0.795356E-01
  27    15  0.518899E-01  0.725000E+00  0.252853E+00  0.758559E-01
  27    16  0.518899E-01  0.775000E+00  0.241732E+00  0.725195E-01
  27    17  0.518899E-01  0.825000E+00  0.230049E+00  0.690148E-01
  27    18  0.518899E-01  0.875000E+00  0.217395E+00  0.652184E-01
  27    19  0.518899E-01  0.925000E+00  0.204293E+00  0.612879E-01
  27    20  0.518899E-01  0.975000E+00  0.195376E+00  0.586128E-01
  28     1  0.570925E-01  0.250000E-01  0.346381E+00  0.103914E+00
  28     2  0.570925E-01  0.750000E-01  0.339740E+00  0.101922E+00
  28     3  0.570925E-01  0.125000E+00  0.333185E+00  0.999556E-01
  28     4  0.570925E-01  0.175000E+00  0.326716E+00  0.980149E-01
  28     5  0.570925E-01  0.225000E+00  0.320316E+00  0.960949E-01
  28     6  0.570925E-01  0.275000E+00  0.313967E+00  0.941902E-01
  28     7  0.570925E-01  0.325000E+00  0.307652E+00  0.922956E-01
  28     8  0.570925E-01  0.375000E+00  0.300961E+00  0.902882E-01
  28     9  0.570925E-01  0.425000E+00  0.289635E+00  0.868905E-01
  28    10  0.570925E-01  0.475000E+00  0.277126E+00  0.831377E-01
  28    11  0.570925E-01  0.525000E+00  0.264791E+00  0.794372E-01
  28    12  0.570925E-01  0.575000E+00  0.252579E+00  0.757737E-01
  28    13  0.570925E-01  0.625000E+00  0.240429E+00  0.721286E-01
  28    14  0.570925E-01  0.675000E+00  0.228267E+00  0.684802E-01
  28    15  0.570925E-01  0.725000E+00  0.216839E+00  0.650517E-01
  28    16  0.570925E-01  0.775000E+00  0.206553E+00  0.619659E-01
  28    17  0.570925E-01  0.825000E+00  0.195790E+00  0.587369E-01
  28    18  0.570925E-01  0.875000E+00  0.184181E+00  0.552542E-01
  28    19  0.570925E-01  0.925000E+00  0.172216E+00  0.516649E-01
  28    20  0.570925E-01  0.975000E+00  0.164102E+00  0.492305E-01
  29     1  0.627666E-01  0.250000E-01  0.305486E+00  0.916458E-01
  29     2  0.627666E-01  0.750000E-01  0.299137E+00  0.897410E-01
  29     3  0.627666E-01  0.125000E+00  0.292881E+00  0.878643E-01
  29     4  0.627666E-01  0.175000E+00  0.286718E+00  0.860153E-01
  29     5  0.627666E-01  0.225000E+00  0.280630E+00  0.841890E-01
  29     6  0.627666E-01  0.275000E+00  0.274601E+00  0.823803E-01
  29     7  0.627666E-01  0.325000E+00  0.268614E+00  0.805842E-01
  29     8  0.627666E-01  0.375000E+00  0.262284E+00  0.786851E-01
  29     9  0.627666E-01  0.425000E+00  0.251612E+00  0.754836E-01
  29    10  0.627666E-01  0.475000E+00  0.239866E+00  0.719599E-01
  29    11  0.627666E-01  0.525000E+00  0.228328E+00  0.684983E-01
  29    12  0.627666E-01  0.575000E+00  0.216948E+00  0.650844E-01
  29    13  0.627666E-01  0.625000E+00  0.205671E+00  0.617012E-01
  29    14  0.627666E-01  0.675000E+00  0.194430E+00  0.583290E-01
  29    15  0.627666E-01  0.725000E+00  0.183920E+00  0.551759E-01
  29    16  0.627666E-01  0.775000E+00  0.174512E+00  0.523537E-01
  29    17  0.627666E-01  0.825000E+00  0.164709E+00  0.494128E-01
  29    18  0.627666E-01  0.875000E+00  0.154185E+00  0.462555E-01
  29    19  0.627666E-01  0.925000E+00  0.143390E+00  0.430171E-01
  29    20  0.627666E-01  0.975000E+00  0.136082E+00  0.408247E-01
  30     1  0.689549E-01  0.250000E-01  0.266793E+00  0.800379E-01
  30     2  0.689549E-01  0.750000E-01  0.260793E+00  0.782380E-01
  30     3  0.689549E-01  0.125000E+00  0.254894E+00  0.764682E-01
  30     4  0.689549E-01  0.175000E+00  0.249092E+00  0.747275E-01
  30     5  0.689549E-01  0.225000E+00  0.243371E+00  0.730112E-01
  30     6  0.689549E-01  0.275000E+00  0.237715E+00  0.713145E-01
  30     7  0.689549E-01  0.325000E+00  0.232109E+00  0.696327E-01
  30     8  0.689549E-01  0.375000E+00  0.226195E+00  0.678584E-01
  30     9  0.689549E-01  0.425000E+00  0.216269E+00  0.648808E-01
  30    10  0.689549E-01  0.475000E+00  0.205386E+00  0.616159E-01
  30    11  0.689549E-01  0.525000E+00  0.194736E+00  0.584209E-01
  30    12  0.689549E-01  0.575000E+00  0.184275E+00  0.552826E-01
  30    13  0.689549E-01  0.625000E+00  0.173952E+00  0.521855E-01
  30    14  0.689549E-01  0.675000E+00  0.163707E+00  0.491121E-01
  30    15  0.689549E-01  0.725000E+00  0.154164E+00  0.462491E-01
  30    16  0.689549E-01  0.775000E+00  0.145650E+00  0.436950E-01
  30    17  0.689549E-01  0.825000E+00  0.136818E+00  0.410454E-01
  30    18  0.689549E-01  0.875000E+00  0.127384E+00  0.382153E-01
  30    19  0.689549E-01  0.925000E+00  0.117760E+00  0.353281E-01
  30    20  0.689549E-01  0.975000E+00  0.111265E+00  0.333796E-01
  31     1  0.757040E-01  0.250000E-01  0.230611E+00  0.691833E-01
  31     2  0.757040E-01  0.750000E-01  0.225014E+00  0.675042E-01
  31     3  0.757040E-01  0.125000E+00  0.219522E+00  0.658565E-01
  31     4  0.757040E-01  0.175000E+00  0.214129E+00  0.642388E-01
  31     5  0.757040E-01  0.225000E+00  0.208823E+00  0.626468E-01
  31     6  0.757040E-01  0.275000E+00  0.203586E+00  0.610758E-01
  31     7  0.757040E-01  0.325000E+00  0.198405E+00  0.595216E-01
  31     8  0.757040E-01  0.375000E+00  0.192951E+00  0.578852E-01
  31     9  0.757040E-01  0.425000E+00  0.183820E+00  0.551461E-01
  31    10  0.757040E-01  0.475000E+00  0.173846E+00  0.521539E-01
  31    11  0.757040E-01  0.525000E+00  0.164127E+00  0.492380E-01
  31    12  0.757040E-01  0.575000E+00  0.154621E+00  0.463864E-01
  31    13  0.757040E-01  0.625000E+00  0.145283E+00  0.435850E-01
  31    14  0.757040E-01  0.675000E+00  0.136061E+00  0.408182E-01
  31    15  0.757040E-01  0.725000E+00  0.127504E+00  0.382511E-01
  31    16  0.757040E-01  0.775000E+00  0.119893E+00  0.359679E-01
  31    17  0.757040E-01  0.825000E+00  0.112037E+00  0.336112E-01
  31    18  0.757040E-01  0.875000E+00  0.103693E+00  0.311079E-01
  31    19  0.757040E-01  0.925000E+00  0.952300E-01  0.285690E-01
  31    20  0.757040E-01  0.975000E+00  0.895357E-01  0.268607E-01
  32     1  0.830647E-01  0.250000E-01  0.197175E+00  0.591525E-01
  32     2  0.830647E-01  0.750000E-01  0.192027E+00  0.576082E-01
  32     3  0.830647E-01  0.125000E+00  0.186986E+00  0.560958E-01
  32     4  0.830647E-01  0.175000E+00  0.182046E+00  0.546138E-01
  32     5  0.830647E-01  0.225000E+00  0.177194E+00  0.531581E-01
  32     6  0.830647E-01  0.275000E+00  0.172415E+00  0.517244E-01
  32     7  0.830647E-01  0.325000E+00  0.167696E+00  0.503088E-01
  32     8  0.830647E-01  0.375000E+00  0.162736E+00  0.488207E-01
  32     9  0.830647E-01  0.425000E+00  0.154432E+00  0.463295E-01
  32    10  0.830647E-01  0.475000E+00  0.145392E+00  0.436177E-01
  32    11  0.830647E-01  0.525000E+00  0.136624E+00  0.409873E-01
  32    12  0.830647E-01  0.575000E+00  0.128090E+00  0.384270E-01
  32    13  0.830647E-01  0.625000E+00  0.119748E+00  0.359243E-01
  32    14  0.830647E-01  0.675000E+00  0.111551E+00  0.334653E-01
  32    15  0.830647E-01  0.725000E+00  0.103983E+00  0.311949E-01
  32    16  0.830647E-01  0.775000E+00  0.972844E-01  0.291853E-01
  32    17  0.830647E-01  0.825000E+00  0.904063E-01  0.271219E-01
  32    18  0.830647E-01  0.875000E+00  0.831440E-01  0.249432E-01
  32    19  0.830647E-01  0.925000E+00  0.758338E-01  0.227501E-01
  32    20  0.830647E-01  0.975000E+00  0.710026E-01  0.213008E-01
  33     1  0.910926E-01  0.250000E-01  0.166729E+00  0.500186E-01
  33     2  0.910926E-01  0.750000E-01  0.162037E+00  0.486113E-01
  33     3  0.910926E-01  0.125000E+00  0.157453E+00  0.472360E-01
  33     4  0.910926E-01  0.175000E+00  0.152971E+00  0.458912E-01
  33     5  0.910926E-01  0.225000E+00  0.148577E+00  0.445731E-01
  33     6  0.910926E-01  0.275000E+00  0.144259E+00  0.432777E-01
  33     7  0.910926E-01  0.325000E+00  0.140005E+00  0.420014E-01
  33     8  0.910926E-01  0.375000E+00  0.135540E+00  0.406621E-01
  33     9  0.910926E-01  0.425000E+00  0.128061E+00  0.384184E-01
  33    10  0.910926E-01  0.475000E+00  0.119952E+00  0.359857E-01
  33    11  0.910926E-01  0.525000E+00  0.112128E+00  0.336383E-01
  33    12  0.910926E-01  0.575000E+00  0.104552E+00  0.313656E-01
  33    13  0.910926E-01  0.625000E+00  0.971881E-01  0.291564E-01
  33    14  0.910926E-01  0.675000E+00  0.899947E-01  0.269984E-01
  33    15  0.910926E-01  0.725000E+00  0.834414E-01  0.250324E-01
  33    16  0.910926E-01  0.775000E+00  0.777583E-01  0.233275E-01
  33    17  0.910926E-01  0.825000E+00  0.719489E-01  0.215847E-01
  33    18  0.910926E-01  0.875000E+00  0.658433E-01  0.197530E-01
  33    19  0.910926E-01  0.925000E+00  0.597375E-01  0.179213E-01
  33    20  0.910926E-01  0.975000E+00  0.557906E-01  0.167372E-01
  34     1  0.998479E-01  0.250000E-01  0.139262E+00  0.417787E-01
  34     2  0.998479E-01  0.750000E-01  0.135033E+00  0.405100E-01
  34     3  0.998479E-01  0.125000E+00  0.130911E+00  0.392732E-01
  34     4  0.998479E-01  0.175000E+00  0.126889E+00  0.380667E-01
  34     5  0.998479E-01  0.225000E+00  0.122956E+00  0.368869E-01
  34     6  0.998479E-01  0.275000E+00  0.119100E+00  0.357301E-01
  34     7  0.998479E-01  0.325000E+00  0.115310E+00  0.345931E-01
  34     8  0.998479E-01  0.375000E+00  0.111345E+00  0.334035E-01
  34     9  0.998479E-01  0.425000E+00  0.104739E+00  0.314217E-01
  34    10  0.998479E-01  0.475000E+00  0.976121E-01  0.292836E-01
  34    11  0.998479E-01  0.525000E+00  0.907700E-01  0.272310E-01
  34    12  0.998479E-01  0.575000E+00  0.841808E-01  0.252543E-01
  34    13  0.998479E-01  0.625000E+00  0.778110E-01  0.233433E-01
  34    14  0.998479E-01  0.675000E+00  0.716247E-01  0.214874E-01
  34    15  0.998479E-01  0.725000E+00  0.660971E-01  0.198291E-01
  34    16  0.998479E-01  0.775000E+00  0.614616E-01  0.184385E-01
  34    17  0.998479E-01  0.825000E+00  0.567364E-01  0.170209E-01
  34    18  0.998479E-01  0.875000E+00  0.517827E-01  0.155348E-01
  34    19  0.998479E-01  0.925000E+00  0.468494E-01  0.140548E-01
  34    20  0.998479E-01  0.975000E+00  0.437209E-01  0.131163E-01
  35     1  0.109397E+00  0.250000E-01  0.114720E+00  0.344159E-01
  35     2  0.109397E+00  0.750000E-01  0.110957E+00  0.332872E-01
  35     3  0.109397E+00  0.125000E+00  0.107300E+00  0.321899E-01
  35     4  0.109397E+00  0.175000E+00  0.103740E+00  0.311221E-01
  35     5  0.109397E+00  0.225000E+00  0.100268E+00  0.300805E-01
  35     6  0.109397E+00  0.275000E+00  0.968735E-01  0.290620E-01
  35     7  0.109397E+00  0.325000E+00  0.935450E-01  0.280635E-01
  35     8  0.109397E+00  0.375000E+00  0.900810E-01  0.270243E-01
  35     9  0.109397E+00  0.425000E+00  0.844288E-01  0.253286E-01
  35    10  0.109397E+00  0.475000E+00  0.783695E-01  0.235109E-01
  35    11  0.109397E+00  0.525000E+00  0.725761E-01  0.217728E-01
  35    12  0.109397E+00  0.575000E+00  0.670201E-01  0.201060E-01
  35    13  0.109397E+00  0.625000E+00  0.616724E-01  0.185017E-01
  35    14  0.109397E+00  0.675000E+00  0.565025E-01  0.169507E-01
  35    15  0.109397E+00  0.725000E+00  0.519697E-01  0.155909E-01
  35    16  0.109397E+00  0.775000E+00  0.483001E-01  0.144900E-01
  35    17  0.109397E+00  0.825000E+00  0.445639E-01  0.133692E-01
  35    18  0.109397E+00  0.875000E+00  0.406492E-01  0.121948E-01
  35    19  0.109397E+00  0.925000E+00  0.367548E-01  0.110264E-01
  35    20  0.109397E+00  0.975000E+00  0.343003E-01  0.102901E-01
  36     1  0.119811E+00  0.250000E-01  0.931201E-01  0.279360E-01
  36     2  0.119811E+00  0.750000E-01  0.898393E-01  0.269518E-01
  36     3  0.119811E+00  0.125000E+00  0.866579E-01  0.259974E-01
  36     4  0.119811E+00  0.175000E+00  0.835700E-01  0.250710E-01
  36     5  0.119811E+00  0.225000E+00  0.805656E-01  0.241697E-01
  36     6  0.119811E+00  0.275000E+00  0.776352E-01  0.232906E-01
  36     7  0.119811E+00  0.325000E+00  0.747699E-01  0.224310E-01
  36     8  0.119811E+00  0.375000E+00  0.718107E-01  0.215432E-01
  36     9  0.119811E+00  0.425000E+00  0.671578E-01  0.201474E-01
  36    10  0.119811E+00  0.475000E+00  0.622078E-01  0.186623E-01
  36    11  0.119811E+00  0.525000E+00  0.574848E-01  0.172454E-01
  36    12  0.119811E+00  0.575000E+00  0.529654E-01  0.158896E-01
  36    13  0.119811E+00  0.625000E+00  0.486253E-01  0.145876E-01
  36    14  0.119811E+00  0.675000E+00  0.444395E-01  0.133318E-01
  36    15  0.119811E+00  0.725000E+00  0.408075E-01  0.122423E-01
  36    16  0.119811E+00  0.775000E+00  0.379260E-01  0.113778E-01
  36    17  0.119811E+00  0.825000E+00  0.349933E-01  0.104980E-01
  36    18  0.119811E+00  0.875000E+00  0.319205E-01  0.957616E-02
  36    19  0.119811E+00  0.925000E+00  0.288625E-01  0.865875E-02
  36    20  0.119811E+00  0.975000E+00  0.269280E-01  0.807840E-02
  37     1  0.131169E+00  0.250000E-01  0.743895E-01  0.223168E-01
  37     2  0.131169E+00  0.750000E-01  0.716517E-01  0.214955E-01
  37     3  0.131169E+00  0.125000E+00  0.690015E-01  0.207004E-01
  37     4  0.131169E+00  0.175000E+00  0.664332E-01  0.199300E-01
  37     5  0.131169E+00  0.225000E+00  0.639386E-01  0.191816E-01
  37     6  0.131169E+00  0.275000E+00  0.615095E-01  0.184528E-01
  37     7  0.131169E+00  0.325000E+00  0.591383E-01  0.177415E-01
  37     8  0.131169E+00  0.375000E+00  0.567032E-01  0.170110E-01
  37     9  0.131169E+00  0.425000E+00  0.529864E-01  0.158959E-01
  37    10  0.131169E+00  0.475000E+00  0.490534E-01  0.147160E-01
  37    11  0.131169E+00  0.525000E+00  0.453030E-01  0.135909E-01
  37    12  0.131169E+00  0.575000E+00  0.417163E-01  0.125149E-01
  37    13  0.131169E+00  0.625000E+00  0.382741E-01  0.114822E-01
  37    14  0.131169E+00  0.675000E+00  0.349563E-01  0.104869E-01
  37    15  0.131169E+00  0.725000E+00  0.320804E-01  0.962411E-02
  37    16  0.131169E+00  0.775000E+00  0.298020E-01  0.894059E-02
  37    17  0.131169E+00  0.825000E+00  0.274842E-01  0.824527E-02
  37    18  0.131169E+00  0.875000E+00  0.250570E-01  0.751709E-02
  37    19  0.131169E+00  0.925000E+00  0.226410E-01  0.679231E-02
  37    20  0.131169E+00  0.975000E+00  0.211003E-01  0.633009E-02
  38     1  0.143556E+00  0.250000E-01  0.588182E-01  0.176455E-01
  38     2  0.143556E+00  0.750000E-01  0.566147E-01  0.169844E-01
  38     3  0.143556E+00  0.125000E+00  0.544831E-01  0.163449E-01
  38     4  0.143556E+00  0.175000E+00  0.524189E-01  0.157257E-01
  38     5  0.143556E+00  0.225000E+00  0.504153E-01  0.151246E-01
  38     6  0.143556E+00  0.275000E+00  0.484657E-01  0.145397E-01
  38     7  0.143556E+00  0.325000E+00  0.465639E-01  0.139692E-01
  38     8  0.143556E+00  0.375000E+00  0.446158E-01  0.133847E-01
  38     9  0.143556E+00  0.425000E+00  0.416831E-01  0.125049E-01
  38    10  0.143556E+00  0.475000E+00  0.385873E-01  0.115762E-01
  38    11  0.143556E+00  0.525000E+00  0.356354E-01  0.106906E-01
  38    12  0.143556E+00  0.575000E+00  0.328125E-01  0.984374E-02
  38    13  0.143556E+00  0.625000E+00  0.301034E-01  0.903101E-02
  38    14  0.143556E+00  0.675000E+00  0.274923E-01  0.824770E-02
  38    15  0.143556E+00  0.725000E+00  0.252177E-01  0.756532E-02
  38    16  0.143556E+00  0.775000E+00  0.233953E-01  0.701859E-02
  38    17  0.143556E+00  0.825000E+00  0.215436E-01  0.646307E-02
  38    18  0.143556E+00  0.875000E+00  0.196075E-01  0.588224E-02
  38    19  0.143556E+00  0.925000E+00  0.176822E-01  0.530466E-02
  38    20  0.143556E+00  0.975000E+00  0.164448E-01  0.493345E-02
  39     1  0.157066E+00  0.250000E-01  0.463058E-01  0.138918E-01
  39     2  0.157066E+00  0.750000E-01  0.445720E-01  0.133716E-01
  39     3  0.157066E+00  0.125000E+00  0.428946E-01  0.128684E-01
  39     4  0.157066E+00  0.175000E+00  0.412703E-01  0.123811E-01
  39     5  0.157066E+00  0.225000E+00  0.396936E-01  0.119081E-01
  39     6  0.157066E+00  0.275000E+00  0.381594E-01  0.114478E-01
  39     7  0.157066E+00  0.325000E+00  0.366628E-01  0.109988E-01
  39     8  0.157066E+00  0.375000E+00  0.351285E-01  0.105386E-01
  39     9  0.157066E+00  0.425000E+00  0.328059E-01  0.984178E-02
  39    10  0.157066E+00  0.475000E+00  0.303528E-01  0.910585E-02
  39    11  0.157066E+00  0.525000E+00  0.280150E-01  0.840451E-02
  39    12  0.157066E+00  0.575000E+00  0.257807E-01  0.773421E-02
  39    13  0.157066E+00  0.625000E+00  0.236377E-01  0.709131E-02
  39    14  0.157066E+00  0.675000E+00  0.215736E-01  0.647209E-02
  39    15  0.157066E+00  0.725000E+00  0.197642E-01  0.592927E-02
  39    16  0.157066E+00  0.775000E+00  0.182934E-01  0.548801E-02
  39    17  0.157066E+00  0.825000E+00  0.168021E-01  0.504062E-02
  39    18  0.157066E+00  0.875000E+00  0.152471E-01  0.457414E-02
  39    19  0.157066E+00  0.925000E+00  0.137043E-01  0.411130E-02
  39    20  0.157066E+00  0.975000E+00  0.127066E-01  0.381197E-02
  40     1  0.171800E+00  0.250000E-01  0.364855E-01  0.109456E-01
  40     2  0.171800E+00  0.750000E-01  0.351190E-01  0.105357E-01
  40     3  0.171800E+00  0.125000E+00  0.337971E-01  0.101391E-01
  40     4  0.171800E+00  0.175000E+00  0.325170E-01  0.975511E-02
  40     5  0.171800E+00  0.225000E+00  0.312745E-01  0.938234E-02
  40     6  0.171800E+00  0.275000E+00  0.300654E-01  0.901961E-02
  40     7  0.171800E+00  0.325000E+00  0.288859E-01  0.866578E-02
  40     8  0.171800E+00  0.375000E+00  0.276745E-01  0.830236E-02
  40     9  0.171800E+00  0.425000E+00  0.258154E-01  0.774462E-02
  40    10  0.171800E+00  0.475000E+00  0.238495E-01  0.715486E-02
  40    11  0.171800E+00  0.525000E+00  0.219789E-01  0.659368E-02
  40    12  0.171800E+00  0.575000E+00  0.201939E-01  0.605817E-02
  40    13  0.171800E+00  0.625000E+00  0.184846E-01  0.554539E-02
  40    14  0.171800E+00  0.675000E+00  0.168411E-01  0.505233E-02
  40    15  0.171800E+00  0.725000E+00  0.153923E-01  0.461770E-02
  40    16  0.171800E+00  0.775000E+00  0.141983E-01  0.425948E-02
  40    17  0.171800E+00  0.825000E+00  0.129916E-01  0.389747E-02
  40    18  0.171800E+00  0.875000E+00  0.117385E-01  0.352155E-02
  40    19  0.171800E+00  0.925000E+00  0.104996E-01  0.314988E-02
  40    20  0.171800E+00  0.975000E+00  0.969384E-02  0.290815E-02
  41     1  0.187870E+00  0.250000E-01  0.287687E-01  0.863062E-02
  41     2  0.187870E+00  0.750000E-01  0.276814E-01  0.830443E-02
  41     3  0.187870E+00  0.125000E+00  0.266299E-01  0.798898E-02
  41     4  0.187870E+00  0.175000E+00  0.256121E-01  0.768363E-02
  41     5  0.187870E+00  0.225000E+00  0.246244E-01  0.738733E-02
  41     6  0.187870E+00  0.275000E+00  0.236637E-01  0.709912E-02
  41     7  0.187870E+00  0.325000E+00  0.227269E-01  0.681808E-02
  41     8  0.187870E+00  0.375000E+00  0.217629E-01  0.652887E-02
  41     9  0.187870E+00  0.425000E+00  0.202597E-01  0.607793E-02
  41    10  0.187870E+00  0.475000E+00  0.186693E-01  0.560080E-02
  41    11  0.187870E+00  0.525000E+00  0.171599E-01  0.514797E-02
  41    12  0.187870E+00  0.575000E+00  0.157234E-01  0.471701E-02
  41    13  0.187870E+00  0.625000E+00  0.143517E-01  0.430550E-02
  41    14  0.187870E+00  0.675000E+00  0.130365E-01  0.391096E-02
  41    15  0.187870E+00  0.725000E+00  0.118724E-01  0.356173E-02
  41    16  0.187870E+00  0.775000E+00  0.109015E-01  0.327044E-02
  41    17  0.187870E+00  0.825000E+00  0.992466E-02  0.297740E-02
  41    18  0.187870E+00  0.875000E+00  0.891582E-02  0.267475E-02
  41    19  0.187870E+00  0.925000E+00  0.792383E-02  0.237715E-02
  41    20  0.187870E+00  0.975000E+00  0.727889E-02  0.218367E-02
  42     1  0.205396E+00  0.250000E-01  0.226586E-01  0.679757E-02
  42     2  0.205396E+00  0.750000E-01  0.217823E-01  0.653469E-02
  42     3  0.205396E+00  0.125000E+00  0.209357E-01  0.628072E-02
  42     4  0.205396E+00  0.175000E+00  0.201170E-01  0.603509E-02
  42     5  0.205396E+00  0.225000E+00  0.193232E-01  0.579697E-02
  42     6  0.205396E+00  0.275000E+00  0.185519E-01  0.556557E-02
  42     7  0.205396E+00  0.325000E+00  0.178005E-01  0.534014E-02
  42     8  0.205396E+00  0.375000E+00  0.170262E-01  0.510787E-02
  42     9  0.205396E+00  0.425000E+00  0.158021E-01  0.474063E-02
  42    10  0.205396E+00  0.475000E+00  0.145078E-01  0.435233E-02
  42    11  0.205396E+00  0.525000E+00  0.132839E-01  0.398518E-02
  42    12  0.205396E+00  0.575000E+00  0.121237E-01  0.363712E-02
  42    13  0.205396E+00  0.625000E+00  0.110204E-01  0.330612E-02
  42    14  0.205396E+00  0.675000E+00  0.996707E-02  0.299012E-02
  42    15  0.205396E+00  0.725000E+00  0.903448E-02  0.271035E-02
  42    16  0.205396E+00  0.775000E+00  0.825278E-02  0.247583E-02
  42    17  0.205396E+00  0.825000E+00  0.747050E-02  0.224115E-02
  42    18  0.205396E+00  0.875000E+00  0.666750E-02  0.200025E-02
  42    19  0.205396E+00  0.925000E+00  0.588349E-02  0.176505E-02
  42    20  0.205396E+00  0.975000E+00  0.537922E-02  0.161376E-02
  43     1  0.224510E+00  0.250000E-01  0.177573E-01  0.532718E-02
  43     2  0.224510E+00  0.750000E-01  0.170475E-01  0.511424E-02
  43     3  0.224510E+00  0.125000E+00  0.163627E-01  0.490880E-02
  43     4  0.224510E+00  0.175000E+00  0.157013E-01  0.471038E-02
  43     5  0.224510E+00  0.225000E+00  0.150610E-01  0.451829E-02
  43     6  0.224510E+00  0.275000E+00  0.144396E-01  0.433188E-02
  43     7  0.224510E+00  0.325000E+00  0.138351E-01  0.415053E-02
  43     8  0.224510E+00  0.375000E+00  0.132118E-01  0.396353E-02
  43     9  0.224510E+00  0.425000E+00  0.122126E-01  0.366377E-02
  43    10  0.224510E+00  0.475000E+00  0.111579E-01  0.334736E-02
  43    11  0.224510E+00  0.525000E+00  0.101655E-01  0.304965E-02
  43    12  0.224510E+00  0.575000E+00  0.922957E-02  0.276887E-02
  43    13  0.224510E+00  0.625000E+00  0.834421E-02  0.250326E-02
  43    14  0.224510E+00  0.675000E+00  0.750368E-02  0.225110E-02
  43    15  0.224510E+00  0.725000E+00  0.676508E-02  0.202952E-02
  43    16  0.224510E+00  0.775000E+00  0.615180E-02  0.184554E-02
  43    17  0.224510E+00  0.825000E+00  0.554102E-02  0.166231E-02
  43    18  0.224510E+00  0.875000E+00  0.491741E-02  0.147522E-02
  43    19  0.224510E+00  0.925000E+00  0.431280E-02  0.129384E-02
  43    20  0.224510E+00  0.975000E+00  0.393140E-02  0.117942E-02
  44     1  0.245357E+00  0.250000E-01  0.138128E-01  0.414383E-02
  44     2  0.245357E+00  0.750000E-01  0.132343E-01  0.397030E-02
  44     3  0.245357E+00  0.125000E+00  0.126775E-01  0.380324E-02
  44     4  0.245357E+00  0.175000E+00  0.121407E-01  0.364220E-02
  44     5  0.245357E+00  0.225000E+00  0.116221E-01  0.348662E-02
  44     6  0.245357E+00  0.275000E+00  0.111198E-01  0.333594E-02
  44     7  0.245357E+00  0.325000E+00  0.106322E-01  0.318966E-02
  44     8  0.245357E+00  0.375000E+00  0.101299E-01  0.303897E-02
  44     9  0.245357E+00  0.425000E+00  0.932100E-02  0.279630E-02
  44    10  0.245357E+00  0.475000E+00  0.847015E-02  0.254104E-02
  44    11  0.245357E+00  0.525000E+00  0.767399E-02  0.230220E-02
  44    12  0.245357E+00  0.575000E+00  0.692734E-02  0.207820E-02
  44    13  0.245357E+00  0.625000E+00  0.622519E-02  0.186756E-02
  44    14  0.245357E+00  0.675000E+00  0.556271E-02  0.166881E-02
  44    15  0.245357E+00  0.725000E+00  0.498968E-02  0.149690E-02
  44    16  0.245357E+00  0.775000E+00  0.452606E-02  0.135782E-02
  44    17  0.245357E+00  0.825000E+00  0.406573E-02  0.121972E-02
  44    18  0.245357E+00  0.875000E+00  0.359708E-02  0.107912E-02
  44    19  0.245357E+00  0.925000E+00  0.314485E-02  0.943456E-03
  44    20  0.245357E+00  0.975000E+00  0.286568E-02  0.859705E-03
  45     1  0.268092E+00  0.250000E-01  0.106207E-01  0.318621E-02
  45     2  0.268092E+00  0.750000E-01  0.101504E-01  0.304511E-02
  45     3  0.268092E+00  0.125000E+00  0.969869E-02  0.290961E-02
  45     4  0.268092E+00  0.175000E+00  0.926444E-02  0.277933E-02
  45     5  0.268092E+00  0.225000E+00  0.884597E-02  0.265379E-02
  45     6  0.268092E+00  0.275000E+00  0.844174E-02  0.253252E-02
  45     7  0.268092E+00  0.325000E+00  0.805032E-02  0.241510E-02
  45     8  0.268092E+00  0.375000E+00  0.764869E-02  0.229461E-02
  45     9  0.268092E+00  0.425000E+00  0.700897E-02  0.210269E-02
  45    10  0.268092E+00  0.475000E+00  0.633972E-02  0.190192E-02
  45    11  0.268092E+00  0.525000E+00  0.571643E-02  0.171493E-02
  45    12  0.268092E+00  0.575000E+00  0.513473E-02  0.154042E-02
  45    13  0.268092E+00  0.625000E+00  0.459045E-02  0.137714E-02
  45    14  0.268092E+00  0.675000E+00  0.407964E-02  0.122389E-02
  45    15  0.268092E+00  0.725000E+00  0.364617E-02  0.109385E-02
  45    16  0.268092E+00  0.775000E+00  0.330756E-02  0.992269E-03
  45    17  0.268092E+00  0.825000E+00  0.297156E-02  0.891468E-03
  45    18  0.268092E+00  0.875000E+00  0.262943E-02  0.788828E-03
  45    19  0.268092E+00  0.925000E+00  0.229961E-02  0.689883E-03
  45    20  0.268092E+00  0.975000E+00  0.209871E-02  0.629614E-03
  46     1  0.292889E+00  0.250000E-01  0.804466E-02  0.241340E-02
  46     2  0.292889E+00  0.750000E-01  0.766779E-02  0.230034E-02
  46     3  0.292889E+00  0.125000E+00  0.730688E-02  0.219207E-02
  46     4  0.292889E+00  0.175000E+00  0.696083E-02  0.208825E-02
  46     5  0.292889E+00  0.225000E+00  0.662825E-02  0.198848E-02
  46     6  0.292889E+00  0.275000E+00  0.630787E-02  0.189236E-02
  46     7  0.292889E+00  0.325000E+00  0.599852E-02  0.179956E-02
  46     8  0.292889E+00  0.375000E+00  0.568314E-02  0.170494E-02
  46     9  0.292889E+00  0.425000E+00  0.519456E-02  0.155837E-02
  46    10  0.292889E+00  0.475000E+00  0.468673E-02  0.140602E-02
  46    11  0.292889E+00  0.525000E+00  0.421499E-02  0.126450E-02
  46    12  0.292889E+00  0.575000E+00  0.377588E-02  0.113276E-02
  46    13  0.292889E+00  0.625000E+00  0.336615E-02  0.100984E-02
  46    14  0.292889E+00  0.675000E+00  0.298271E-02  0.894812E-03
  46    15  0.292889E+00  0.725000E+00  0.266213E-02  0.798639E-03
  46    16  0.292889E+00  0.775000E+00  0.241913E-02  0.725739E-03
  46    17  0.292889E+00  0.825000E+00  0.217770E-02  0.653309E-03
  46    18  0.292889E+00  0.875000E+00  0.193134E-02  0.579401E-03
  46    19  0.292889E+00  0.925000E+00  0.169340E-02  0.508019E-03
  46    20  0.292889E+00  0.975000E+00  0.154891E-02  0.464674E-03
  47     1  0.319932E+00  0.250000E-01  0.599231E-02  0.179769E-02
  47     2  0.319932E+00  0.750000E-01  0.569964E-02  0.170989E-02
  47     3  0.319932E+00  0.125000E+00  0.541995E-02  0.162598E-02
  47     4  0.319932E+00  0.175000E+00  0.515234E-02  0.154570E-02
  47     5  0.319932E+00  0.225000E+00  0.489569E-02  0.146871E-02
  47     6  0.319932E+00  0.275000E+00  0.464899E-02  0.139470E-02
  47     7  0.319932E+00  0.325000E+00  0.441129E-02  0.132339E-02
  47     8  0.319932E+00  0.375000E+00  0.417060E-02  0.125118E-02
  47     9  0.319932E+00  0.425000E+00  0.381030E-02  0.114309E-02
  47    10  0.319932E+00  0.475000E+00  0.343796E-02  0.103139E-02
  47    11  0.319932E+00  0.525000E+00  0.309205E-02  0.927615E-03
  47    12  0.319932E+00  0.575000E+00  0.277005E-02  0.831015E-03
  47    13  0.319932E+00  0.625000E+00  0.246958E-02  0.740875E-03
  47    14  0.319932E+00  0.675000E+00  0.218839E-02  0.656516E-03
  47    15  0.319932E+00  0.725000E+00  0.195484E-02  0.586452E-03
  47    16  0.319932E+00  0.775000E+00  0.178057E-02  0.534170E-03
  47    17  0.319932E+00  0.825000E+00  0.160705E-02  0.482114E-03
  47    18  0.319932E+00  0.875000E+00  0.142949E-02  0.428848E-03
  47    19  0.319932E+00  0.925000E+00  0.125754E-02  0.377263E-03
  47    20  0.319932E+00  0.975000E+00  0.115326E-02  0.345979E-03
  48     1  0.349426E+00  0.250000E-01  0.440292E-02  0.132088E-02
  48     2  0.349426E+00  0.750000E-01  0.418432E-02  0.125530E-02
  48     3  0.349426E+00  0.125000E+00  0.397561E-02  0.119268E-02
  48     4  0.349426E+00  0.175000E+00  0.377608E-02  0.113282E-02
  48     5  0.349426E+00  0.225000E+00  0.358488E-02  0.107546E-02
  48     6  0.349426E+00  0.275000E+00  0.340125E-02  0.102038E-02
  48     7  0.349426E+00  0.325000E+00  0.322449E-02  0.967347E-03
  48     8  0.349426E+00  0.375000E+00  0.304627E-02  0.913881E-03
  48     9  0.349426E+00  0.425000E+00  0.278637E-02  0.835910E-03
  48    10  0.349426E+00  0.475000E+00  0.251860E-02  0.755580E-03
  48    11  0.349426E+00  0.525000E+00  0.226939E-02  0.680818E-03
  48    12  0.349426E+00  0.575000E+00  0.203697E-02  0.611092E-03
  48    13  0.349426E+00  0.625000E+00  0.181967E-02  0.545901E-03
  48    14  0.349426E+00  0.675000E+00  0.161588E-02  0.484765E-03
  48    15  0.349426E+00  0.725000E+00  0.144687E-02  0.434062E-03
  48    16  0.349426E+00  0.775000E+00  0.132155E-02  0.396465E-03
  48    17  0.349426E+00  0.825000E+00  0.119643E-02  0.358930E-03
  48    18  0.349426E+00  0.875000E+00  0.106798E-02  0.320394E-03
  48    19  0.349426E+00  0.925000E+00  0.943197E-03  0.282959E-03
  48    20  0.349426E+00  0.975000E+00  0.867703E-03  0.260311E-03
  49     1  0.381593E+00  0.250000E-01  0.321538E-02  0.964615E-03
  49     2  0.381593E+00  0.750000E-01  0.305718E-02  0.917154E-03
  49     3  0.381593E+00  0.125000E+00  0.290606E-02  0.871817E-03
  49     4  0.381593E+00  0.175000E+00  0.276151E-02  0.828454E-03
  49     5  0.381593E+00  0.225000E+00  0.262294E-02  0.786883E-03
  49     6  0.381593E+00  0.275000E+00  0.248980E-02  0.746939E-03
  49     7  0.381593E+00  0.325000E+00  0.236156E-02  0.708468E-03
  49     8  0.381593E+00  0.375000E+00  0.223241E-02  0.669723E-03
  49     9  0.381593E+00  0.425000E+00  0.204613E-02  0.613840E-03
  49    10  0.381593E+00  0.475000E+00  0.185421E-02  0.556264E-03
  49    11  0.381593E+00  0.525000E+00  0.167514E-02  0.502541E-03
  49    12  0.381593E+00  0.575000E+00  0.150767E-02  0.452302E-03
  49    13  0.381593E+00  0.625000E+00  0.135067E-02  0.405201E-03
  49    14  0.381593E+00  0.675000E+00  0.120300E-02  0.360900E-03
  49    15  0.381593E+00  0.725000E+00  0.108058E-02  0.324174E-03
  49    16  0.381593E+00  0.775000E+00  0.990279E-03  0.297084E-03
  49    17  0.381593E+00  0.825000E+00  0.899824E-03  0.269947E-03
  49    18  0.381593E+00  0.875000E+00  0.806593E-03  0.241978E-03
  49    19  0.381593E+00  0.925000E+00  0.715702E-03  0.214711E-03
  49    20  0.381593E+00  0.975000E+00  0.660978E-03  0.198293E-03
  50     1  0.416675E+00  0.250000E-01  0.235443E-02  0.706330E-03
  50     2  0.416675E+00  0.750000E-01  0.224107E-02  0.672322E-03
  50     3  0.416675E+00  0.125000E+00  0.213266E-02  0.639799E-03
  50     4  0.416675E+00  0.175000E+00  0.202886E-02  0.608657E-03
  50     5  0.416675E+00  0.225000E+00  0.192923E-02  0.578769E-03
  50     6  0.416675E+00  0.275000E+00  0.183339E-02  0.550018E-03
  50     7  0.416675E+00  0.325000E+00  0.174098E-02  0.522295E-03
  50     8  0.416675E+00  0.375000E+00  0.164788E-02  0.494364E-03
  50     9  0.416675E+00  0.425000E+00  0.151423E-02  0.454268E-03
  50    10  0.416675E+00  0.475000E+00  0.137632E-02  0.412896E-03
  50    11  0.416675E+00  0.525000E+00  0.124725E-02  0.374174E-03
  50    12  0.416675E+00  0.575000E+00  0.112617E-02  0.337850E-03
  50    13  0.416675E+00  0.625000E+00  0.101227E-02  0.303682E-03
  50    14  0.416675E+00  0.675000E+00  0.904785E-03  0.271436E-03
  50    15  0.416675E+00  0.725000E+00  0.815785E-03  0.244736E-03
  50    16  0.416675E+00  0.775000E+00  0.750670E-03  0.225201E-03
  50    17  0.416675E+00  0.825000E+00  0.685180E-03  0.205554E-03
  50    18  0.416675E+00  0.875000E+00  0.617354E-03  0.185206E-03
  50    19  0.416675E+00  0.925000E+00  0.550936E-03  0.165281E-03
  50    20  0.416675E+00  0.975000E+00  0.511154E-03  0.153346E-03
  51     1  0.454937E+00  0.250000E-01  0.173654E-02  0.520962E-03
  51     2  0.454937E+00  0.750000E-01  0.165502E-02  0.496505E-03
  51     3  0.454937E+00  0.125000E+00  0.157695E-02  0.473086E-03
  51     4  0.454937E+00  0.175000E+00  0.150211E-02  0.450633E-03
  51     5  0.454937E+00  0.225000E+00  0.143019E-02  0.429056E-03
  51     6  0.454937E+00  0.275000E+00  0.136091E-02  0.408273E-03
  51     7  0.454937E+00  0.325000E+00  0.129402E-02  0.388207E-03
  51     8  0.454937E+00  0.375000E+00  0.122662E-02  0.367986E-03
  51     9  0.454937E+00  0.425000E+00  0.113054E-02  0.339163E-03
  51    10  0.454937E+00  0.475000E+00  0.103126E-02  0.309377E-03
  51    11  0.454937E+00  0.525000E+00  0.937995E-03  0.281398E-03
  51    12  0.454937E+00  0.575000E+00  0.850179E-03  0.255054E-03
  51    13  0.454937E+00  0.625000E+00  0.767252E-03  0.230176E-03
  51    14  0.454937E+00  0.675000E+00  0.688669E-03  0.206601E-03
  51    15  0.454937E+00  0.725000E+00  0.623737E-03  0.187121E-03
  51    16  0.454937E+00  0.775000E+00  0.576776E-03  0.173033E-03
  51    17  0.454937E+00  0.825000E+00  0.529317E-03  0.158795E-03
  51    18  0.454937E+00  0.875000E+00  0.479879E-03  0.143964E-03
  51    19  0.454937E+00  0.925000E+00  0.431206E-03  0.129362E-03
  51    20  0.454937E+00  0.975000E+00  0.402218E-03  0.120665E-03
  52     1  0.496666E+00  0.250000E-01  0.129113E-02  0.387339E-03
  52     2  0.496666E+00  0.750000E-01  0.123236E-02  0.369708E-03
  52     3  0.496666E+00  0.125000E+00  0.117600E-02  0.352800E-03
  52     4  0.496666E+00  0.175000E+00  0.112188E-02  0.336565E-03
  52     5  0.496666E+00  0.225000E+00  0.106980E-02  0.320939E-03
  52     6  0.496666E+00  0.275000E+00  0.101955E-02  0.305865E-03
  52     7  0.496666E+00  0.325000E+00  0.970964E-03  0.291289E-03
  52     8  0.496666E+00  0.375000E+00  0.922000E-03  0.276600E-03
  52     9  0.496666E+00  0.425000E+00  0.852923E-03  0.255877E-03
  52    10  0.496666E+00  0.475000E+00  0.781427E-03  0.234428E-03
  52    11  0.496666E+00  0.525000E+00  0.713970E-03  0.214191E-03
  52    12  0.496666E+00  0.575000E+00  0.650161E-03  0.195048E-03
  52    13  0.496666E+00  0.625000E+00  0.589616E-03  0.176885E-03
  52    14  0.496666E+00  0.675000E+00  0.531955E-03  0.159586E-03
  52    15  0.496666E+00  0.725000E+00  0.484418E-03  0.145325E-03
  52    16  0.496666E+00  0.775000E+00  0.450514E-03  0.135154E-03
  52    17  0.496666E+00  0.825000E+00  0.416059E-03  0.124818E-03
  52    18  0.496666E+00  0.875000E+00  0.379924E-03  0.113977E-03
  52    19  0.496666E+00  0.925000E+00  0.344123E-03  0.103237E-03
  52    20  0.496666E+00  0.975000E+00  0.322927E-03  0.968782E-04
  53     1  0.542177E+00  0.250000E-01  0.969162E-03  0.290749E-03
  53     2  0.542177E+00  0.750000E-01  0.926717E-03  0.278015E-03
  53     3  0.542177E+00  0.125000E+00  0.885935E-03  0.265780E-03
  53     4  0.542177E+00  0.175000E+00  0.846706E-03  0.254012E-03
  53     5  0.542177E+00  0.225000E+00  0.808881E-03  0.242664E-03
  53     6  0.542177E+00  0.275000E+00  0.772325E-03  0.231697E-03
  53     7  0.542177E+00  0.325000E+00  0.736909E-03  0.221073E-03
  53     8  0.542177E+00  0.375000E+00  0.701220E-03  0.210366E-03
  53     9  0.542177E+00  0.425000E+00  0.651536E-03  0.195461E-03
  53    10  0.542177E+00  0.475000E+00  0.600032E-03  0.180010E-03
  53    11  0.542177E+00  0.525000E+00  0.551180E-03  0.165354E-03
  53    12  0.542177E+00  0.575000E+00  0.504717E-03  0.151415E-03
  53    13  0.542177E+00  0.625000E+00  0.460381E-03  0.138114E-03
  53    14  0.542177E+00  0.675000E+00  0.417904E-03  0.125371E-03
  53    15  0.542177E+00  0.725000E+00  0.382943E-03  0.114883E-03
  53    16  0.542177E+00  0.775000E+00  0.358363E-03  0.107509E-03
  53    17  0.542177E+00  0.825000E+00  0.333231E-03  0.999694E-04
  53    18  0.542177E+00  0.875000E+00  0.306679E-03  0.920036E-04
  53    19  0.542177E+00  0.925000E+00  0.280165E-03  0.840494E-04
  53    20  0.542177E+00  0.975000E+00  0.264378E-03  0.793134E-04
  54     1  0.591813E+00  0.250000E-01  0.735622E-03  0.220687E-03
  54     2  0.591813E+00  0.750000E-01  0.704975E-03  0.211493E-03
  54     3  0.591813E+00  0.125000E+00  0.675462E-03  0.202639E-03
  54     4  0.591813E+00  0.175000E+00  0.647009E-03  0.194103E-03
  54     5  0.591813E+00  0.225000E+00  0.619512E-03  0.185854E-03
  54     6  0.591813E+00  0.275000E+00  0.592876E-03  0.177863E-03
  54     7  0.591813E+00  0.325000E+00  0.567012E-03  0.170104E-03
  54     8  0.591813E+00  0.375000E+00  0.540947E-03  0.162284E-03
  54     9  0.591813E+00  0.425000E+00  0.505231E-03  0.151569E-03
  54    10  0.591813E+00  0.475000E+00  0.468142E-03  0.140443E-03
  54    11  0.591813E+00  0.525000E+00  0.432744E-03  0.129823E-03
  54    12  0.591813E+00  0.575000E+00  0.398862E-03  0.119658E-03
  54    13  0.591813E+00  0.625000E+00  0.366314E-03  0.109894E-03
  54    14  0.591813E+00  0.675000E+00  0.334912E-03  0.100474E-03
  54    15  0.591813E+00  0.725000E+00  0.308969E-03  0.926907E-04
  54    16  0.591813E+00  0.775000E+00  0.290761E-03  0.872283E-04
  54    17  0.591813E+00  0.825000E+00  0.272037E-03  0.816112E-04
  54    18  0.591813E+00  0.875000E+00  0.252124E-03  0.756372E-04
  54    19  0.591813E+00  0.925000E+00  0.232089E-03  0.696266E-04
  54    20  0.591813E+00  0.975000E+00  0.220020E-03  0.660061E-04
  55     1  0.645946E+00  0.250000E-01  0.566160E-03  0.169848E-03
  55     2  0.645946E+00  0.750000E-01  0.543990E-03  0.163197E-03
  55     3  0.645946E+00  0.125000E+00  0.522583E-03  0.156775E-03
  55     4  0.645946E+00  0.175000E+00  0.501891E-03  0.150567E-03
  55     5  0.645946E+00  0.225000E+00  0.481841E-03  0.144552E-03
  55     6  0.645946E+00  0.275000E+00  0.462368E-03  0.138710E-03
  55     7  0.645946E+00  0.325000E+00  0.443406E-03  0.133022E-03
  55     8  0.645946E+00  0.375000E+00  0.424287E-03  0.127286E-03
  55     9  0.645946E+00  0.425000E+00  0.398472E-03  0.119541E-03
  55    10  0.645946E+00  0.475000E+00  0.371605E-03  0.111482E-03
  55    11  0.645946E+00  0.525000E+00  0.345797E-03  0.103739E-03
  55    12  0.645946E+00  0.575000E+00  0.320925E-03  0.962774E-04
  55    13  0.645946E+00  0.625000E+00  0.296864E-03  0.890592E-04
  55    14  0.645946E+00  0.675000E+00  0.273479E-03  0.820436E-04
  55    15  0.645946E+00  0.725000E+00  0.253979E-03  0.761938E-04
  55    16  0.645946E+00  0.775000E+00  0.240123E-03  0.720369E-04
  55    17  0.645946E+00  0.825000E+00  0.225802E-03  0.677407E-04
  55    18  0.645946E+00  0.875000E+00  0.210488E-03  0.631465E-04
  55    19  0.645946E+00  0.925000E+00  0.194979E-03  0.584937E-04
  55    20  0.645946E+00  0.975000E+00  0.185506E-03  0.556517E-04
  56     1  0.704986E+00  0.250000E-01  0.442727E-03  0.132818E-03
  56     2  0.704986E+00  0.750000E-01  0.426711E-03  0.128013E-03
  56     3  0.704986E+00  0.125000E+00  0.411196E-03  0.123359E-03
  56     4  0.704986E+00  0.175000E+00  0.396152E-03  0.118846E-03
  56     5  0.704986E+00  0.225000E+00  0.381530E-03  0.114459E-03
  56     6  0.704986E+00  0.275000E+00  0.367282E-03  0.110185E-03
  56     7  0.704986E+00  0.325000E+00  0.353365E-03  0.106010E-03
  56     8  0.704986E+00  0.375000E+00  0.339295E-03  0.101789E-03
  56     9  0.704986E+00  0.425000E+00  0.320335E-03  0.961006E-04
  56    10  0.704986E+00  0.475000E+00  0.300519E-03  0.901558E-04
  56    11  0.704986E+00  0.525000E+00  0.281368E-03  0.844103E-04
  56    12  0.704986E+00  0.575000E+00  0.262796E-03  0.788388E-04
  56    13  0.704986E+00  0.625000E+00  0.244712E-03  0.734136E-04
  56    14  0.704986E+00  0.675000E+00  0.227016E-03  0.681047E-04
  56    15  0.704986E+00  0.725000E+00  0.212079E-03  0.636237E-04
  56    16  0.704986E+00  0.775000E+00  0.201238E-03  0.603713E-04
  56    17  0.704986E+00  0.825000E+00  0.189986E-03  0.569957E-04
  56    18  0.704986E+00  0.875000E+00  0.177902E-03  0.533706E-04
  56    19  0.704986E+00  0.925000E+00  0.165602E-03  0.496805E-04
  56    20  0.704986E+00  0.975000E+00  0.158011E-03  0.474032E-04
  57     1  0.769376E+00  0.250000E-01  0.352825E-03  0.105847E-03
  57     2  0.769376E+00  0.750000E-01  0.341161E-03  0.102348E-03
  57     3  0.769376E+00  0.125000E+00  0.329823E-03  0.989470E-04
  57     4  0.769376E+00  0.175000E+00  0.318794E-03  0.956383E-04
  57     5  0.769376E+00  0.225000E+00  0.308039E-03  0.924119E-04
  57     6  0.769376E+00  0.275000E+00  0.297526E-03  0.892577E-04
  57     7  0.769376E+00  0.325000E+00  0.287221E-03  0.861663E-04
  57     8  0.769376E+00  0.375000E+00  0.276755E-03  0.830264E-04
  57     9  0.769376E+00  0.425000E+00  0.262465E-03  0.787394E-04
  57    10  0.769376E+00  0.475000E+00  0.247434E-03  0.742301E-04
  57    11  0.769376E+00  0.525000E+00  0.232834E-03  0.698502E-04
  57    12  0.769376E+00  0.575000E+00  0.218603E-03  0.655810E-04
  57    13  0.769376E+00  0.625000E+00  0.204672E-03  0.614017E-04
  57    14  0.769376E+00  0.675000E+00  0.190963E-03  0.572889E-04
  57    15  0.769376E+00  0.725000E+00  0.179258E-03  0.537775E-04
  57    16  0.769376E+00  0.775000E+00  0.170583E-03  0.511750E-04
  57    17  0.769376E+00  0.825000E+00  0.161549E-03  0.484646E-04
  57    18  0.769376E+00  0.875000E+00  0.151814E-03  0.455441E-04
  57    19  0.769376E+00  0.925000E+00  0.141861E-03  0.425583E-04
  57    20  0.769376E+00  0.975000E+00  0.135647E-03  0.406942E-04
  58     1  0.839601E+00  0.250000E-01  0.287010E-03  0.861029E-04
  58     2  0.839601E+00  0.750000E-01  0.278283E-03  0.834848E-04
  58     3  0.839601E+00  0.125000E+00  0.269776E-03  0.809328E-04
  58     4  0.839601E+00  0.175000E+00  0.261478E-03  0.784434E-04
  58     5  0.839601E+00  0.225000E+00  0.253363E-03  0.760089E-04
  58     6  0.839601E+00  0.275000E+00  0.245408E-03  0.736224E-04
  58     7  0.839601E+00  0.325000E+00  0.237589E-03  0.712766E-04
  58     8  0.839601E+00  0.375000E+00  0.229611E-03  0.688833E-04
  58     9  0.839601E+00  0.425000E+00  0.218542E-03  0.655626E-04
  58    10  0.839601E+00  0.475000E+00  0.206828E-03  0.620483E-04
  58    11  0.839601E+00  0.525000E+00  0.195405E-03  0.586214E-04
  58    12  0.839601E+00  0.575000E+00  0.184224E-03  0.552673E-04
  58    13  0.839601E+00  0.625000E+00  0.173233E-03  0.519699E-04
  58    14  0.839601E+00  0.675000E+00  0.162368E-03  0.487105E-04
  58    15  0.839601E+00  0.725000E+00  0.152990E-03  0.458970E-04
  58    16  0.839601E+00  0.775000E+00  0.145891E-03  0.437672E-04
  58    17  0.839601E+00  0.825000E+00  0.138478E-03  0.415434E-04
  58    18  0.839601E+00  0.875000E+00  0.130471E-03  0.391413E-04
  58    19  0.839601E+00  0.925000E+00  0.122254E-03  0.366761E-04
  58    20  0.839601E+00  0.975000E+00  0.117036E-03  0.351109E-04
  59     1  0.916191E+00  0.250000E-01  0.237519E-03  0.712556E-04
  59     2  0.916191E+00  0.750000E-01  0.230818E-03  0.692455E-04
  59     3  0.916191E+00  0.125000E+00  0.224271E-03  0.672814E-04
  59     4  0.916191E+00  0.175000E+00  0.217870E-03  0.653610E-04
  59     5  0.916191E+00  0.225000E+00  0.211596E-03  0.634788E-04
  59     6  0.916191E+00  0.275000E+00  0.205431E-03  0.616293E-04
  59     7  0.916191E+00  0.325000E+00  0.199357E-03  0.598071E-04
  59     8  0.916191E+00  0.375000E+00  0.193133E-03  0.579400E-04
  59     9  0.916191E+00  0.425000E+00  0.184343E-03  0.553028E-04
  59    10  0.916191E+00  0.475000E+00  0.174986E-03  0.524957E-04
  59    11  0.916191E+00  0.525000E+00  0.165833E-03  0.497500E-04
  59    12  0.916191E+00  0.575000E+00  0.156848E-03  0.470543E-04
  59    13  0.916191E+00  0.625000E+00  0.147984E-03  0.443953E-04
  59    14  0.916191E+00  0.675000E+00  0.139193E-03  0.417579E-04
  59    15  0.916191E+00  0.725000E+00  0.131503E-03  0.394508E-04
  59    16  0.916191E+00  0.775000E+00  0.125516E-03  0.376548E-04
  59    17  0.916191E+00  0.825000E+00  0.119256E-03  0.357768E-04
  59    18  0.916191E+00  0.875000E+00  0.112486E-03  0.337459E-04
  59    19  0.916191E+00  0.925000E+00  0.105516E-03  0.316549E-04
  59    20  0.916191E+00  0.975000E+00  0.100971E-03  0.302914E-04
  60     1  0.999722E+00  0.250000E-01  0.199454E-03  0.598363E-04
  60     2  0.999722E+00  0.750000E-01  0.194159E-03  0.582478E-04
  60     3  0.999722E+00  0.125000E+00  0.188976E-03  0.566929E-04
  60     4  0.999722E+00  0.175000E+00  0.183900E-03  0.551699E-04
  60     5  0.999722E+00  0.225000E+00  0.178915E-03  0.536746E-04
  60     6  0.999722E+00  0.275000E+00  0.174009E-03  0.522027E-04
  60     7  0.999722E+00  0.325000E+00  0.169166E-03  0.507499E-04
  60     8  0.999722E+00  0.375000E+00  0.164187E-03  0.492560E-04
  60     9  0.999722E+00  0.425000E+00  0.157038E-03  0.471113E-04
  60    10  0.999722E+00  0.475000E+00  0.149393E-03  0.448178E-04
  60    11  0.999722E+00  0.525000E+00  0.141898E-03  0.425694E-04
  60    12  0.999722E+00  0.575000E+00  0.134523E-03  0.403569E-04
  60    13  0.999722E+00  0.625000E+00  0.127231E-03  0.381693E-04
  60    14  0.999722E+00  0.675000E+00  0.119980E-03  0.359940E-04
  60    15  0.999722E+00  0.725000E+00  0.113517E-03  0.340551E-04
  60    16  0.999722E+00  0.775000E+00  0.108278E-03  0.324833E-04
  60    17  0.999722E+00  0.825000E+00  0.102798E-03  0.308394E-04
  60    18  0.999722E+00  0.875000E+00  0.968774E-04  0.290632E-04
  60    19  0.999722E+00  0.925000E+00  0.907726E-04  0.272318E-04
  60    20  0.999722E+00  0.975000E+00  0.866866E-04  0.260060E-04
