     R     Theta      V_r      V_theta    V_rV_t      V_phi     v_phi     beta
      2.88      5.77    37.1749    55.1723     0.0000    62.9980     3.1488    -1.5408
      8.65      5.77    32.6096    22.2883     0.0000    46.3888     3.5361    -0.2513
     16.82      5.77    23.1616    22.1951     0.0000    30.6885     1.0390    -0.3379
     28.37      5.77    21.7493    17.7241     0.0000    25.3725     0.3854    -0.0127
     44.71      5.77    18.5690    11.3547     0.0000    16.6415     0.1028     0.4114
     67.84      5.77    13.4849     8.0824     0.0000    10.0149     0.1166     0.5446
    100.57      5.77    10.6386     7.4665     0.0000    10.4615     0.2132     0.2700
    146.86      5.77     9.5843     6.6145     0.0000     9.8195     0.1123     0.2369
    212.36      5.77     9.7141     5.8348     0.0000     9.3842     0.0413     0.3530
    305.03      5.77    10.8244     5.3742     0.0000     8.0349     0.0123     0.6012
    436.14      5.77    11.9172     4.5558     0.0000     8.9723     0.0012     0.6435
    621.64      5.77    13.6406     4.5521     0.0000     9.4290     0.0002     0.7054
    884.09      5.77    16.7236     5.9106     0.0000    10.6993     0.0002     0.7329
   1255.41      5.77    19.0560     6.7112     0.0000     6.7519     0.0002     0.8752
   1780.76      5.77    18.4930     6.0612     0.0000     1.1937     0.0003     0.9442
      2.88     17.56    42.9213    56.7675     0.0000    63.4970     2.7011    -0.9709
      8.65     17.56    30.4340    24.3939     0.0000    46.8939     3.2404    -0.5140
     16.82     17.56    25.3497    22.4351     0.0000    23.9034     0.9383     0.1631
     28.37     17.56    21.6304    17.3225     0.0000    24.0390     0.4100     0.0616
     44.71     17.56    17.6430    11.3665     0.0000    13.3893     0.0714     0.5045
     67.84     17.56    13.2500     8.2623     0.0000     9.9439     0.0875     0.5239
    100.57     17.56    10.5540     7.5875     0.0000    10.3407     0.1999     0.2614
    146.86     17.56     9.5586     6.7570     0.0000     9.3713     0.1236     0.2695
    212.36     17.56     9.8411     6.0876     0.0000     9.9096     0.0214     0.3017
    305.03     17.56    11.1159     5.6432     0.0000     8.6194     0.0102     0.5705
    436.14     17.56    12.2652     4.6719     0.0000     7.9184     0.0004     0.7191
    621.64     17.56    14.0594     4.7820     0.0000     7.4494     0.0006     0.8018
    884.09     17.56    17.0627     6.2686     0.0000     9.8893     0.0002     0.7646
   1255.41     17.56    19.1706     7.2882     0.0000     6.3217     0.0002     0.8734
   1780.76     17.56    18.1665     6.5916     0.0000     1.3148     0.0002     0.9316
      2.88     30.22    39.2908    53.8977     0.0000    65.8057     2.8037    -1.3460
      8.65     30.22    30.7466    26.6872     0.0000    44.5879     3.0925    -0.4332
     16.82     30.22    22.5350    23.2375     0.0000    26.5746     0.8432    -0.2277
     28.37     30.22    21.0801    16.9827     0.0000    23.1210     0.4143     0.0738
     44.71     30.22    16.5474    11.7155     0.0000    12.1724     0.0521     0.4788
     67.84     30.22    12.0562     8.6202     0.0000     9.8560     0.0999     0.4102
    100.57     30.22     9.8047     7.8307     0.0000    10.0068     0.1711     0.1601
    146.86     30.22     9.1675     7.2145     0.0000     9.8636     0.0646     0.1115
    212.36     30.22     9.7581     6.1996     0.0000     9.4671     0.0132     0.3276
    305.03     30.22    11.1899     5.9999     0.0000     8.1189     0.0063     0.5930
    436.14     30.22    12.4961     5.0627     0.0000     6.7774     0.0007     0.7709
    621.64     30.22    14.3299     5.3430     0.0000     7.5943     0.0007     0.7901
    884.09     30.22    17.3856     6.9796     0.0000     8.3737     0.0001     0.8034
   1255.41     30.22    18.9167     8.4131     0.0000     5.6156     0.0000     0.8570
   1780.76     30.22    17.2996     7.5491     0.0000     1.5924     0.0000     0.9006
      2.88     45.00    40.1285    39.0516     0.0000    70.9295     3.2200    -1.0389
      8.65     45.00    36.9153    29.6453     0.0000    36.0387     1.9125     0.1997
     16.82     45.00    22.8486    22.5105     0.0000    26.5811     0.8937    -0.1628
     28.37     45.00    18.9353    16.4567     0.0000    20.6968     0.4548     0.0247
     44.71     45.00    13.5269    11.6637     0.0000    13.0537     0.2080     0.1625
     67.84     45.00     9.9324     8.6450     0.0000    11.7575     0.0743    -0.0794
    100.57     45.00     8.4430     8.3107     0.0000     9.7374     0.0565    -0.1495
    146.86     45.00     8.1974     7.4316     0.0000     9.2726     0.0338    -0.0507
    212.36     45.00     9.1875     6.5662     0.0000     8.6392     0.0103     0.3025
    305.03     45.00    10.5385     6.8714     0.0000     7.8437     0.0019     0.5104
    436.14     45.00    12.1650     5.8319     0.0000     6.7677     0.0002     0.7303
    621.64     45.00    14.5591     6.1320     0.0000     7.1854     0.0005     0.7895
    884.09     45.00    17.2895     8.4774     0.0000     7.1637     0.0001     0.7940
   1255.41     45.00    18.0070    10.5835     0.0000     5.3073     0.0000     0.7838
   1780.76     45.00    15.8311     9.3125     0.0000     2.4319     0.0000     0.8152
      2.88     71.57    23.2296    45.3310     0.0000    59.4045     2.9951    -4.1822
      8.65     71.57    31.8798    21.4337     0.0000    44.0899     2.4370    -0.1853
     16.82     71.57    16.2470    20.6058     0.0000    28.8578     1.4344    -1.3856
     28.37     71.57    10.3624    14.1100     0.0000    16.8715     0.8088    -1.2555
     44.71     71.57     6.4190     9.2725     0.0000    14.3346     0.3041    -2.5379
     67.84     71.57     3.6239     6.7752     0.0000    11.5727     0.0694    -5.8469
    100.57     71.57     1.7791     5.4360     0.0000    11.1857     0.0547   -23.4333
    146.86     71.57     2.0394     6.1657     0.0000     9.8940     0.0298   -15.3387
    212.36     71.57     3.3987     8.1913     0.0000     7.4484     0.0024    -4.3058
    305.03     71.57     4.9769     8.8902     0.0000     7.0319     0.0002    -1.5935
    436.14     71.57     6.3194     7.4294     0.0000     6.7552     0.0001    -0.2624
    621.64     71.57     7.0939     8.3821     0.0000     7.0665     0.0001    -0.1942
    884.09     71.57     7.4226    12.0785     0.0000     8.9679     0.0001    -1.0538
   1255.41     71.57     8.5493    14.8930     0.0000    10.1932     0.0000    -1.2281
   1780.76     71.57     7.3792    13.4852     0.0000     7.9683     0.0000    -1.2528
