0.159542E-03  -.646138E+05  -.646138E+05  -.646138E+05
0.160974E-03  -.640595E+05  -.640595E+05  -.640595E+05
0.162418E-03  -.635101E+05  -.635101E+05  -.635101E+05
0.163876E-03  -.629655E+05  -.629655E+05  -.629655E+05
0.165347E-03  -.624259E+05  -.624259E+05  -.624259E+05
0.166831E-03  -.618910E+05  -.618910E+05  -.618910E+05
0.168328E-03  -.613609E+05  -.613609E+05  -.613609E+05
0.169839E-03  -.608355E+05  -.608355E+05  -.608355E+05
0.171363E-03  -.603147E+05  -.603147E+05  -.603147E+05
0.172901E-03  -.597986E+05  -.597986E+05  -.597986E+05
0.174452E-03  -.592871E+05  -.592871E+05  -.592871E+05
0.176018E-03  -.587801E+05  -.587801E+05  -.587801E+05
0.177598E-03  -.582777E+05  -.582777E+05  -.582777E+05
0.179191E-03  -.577797E+05  -.577797E+05  -.577797E+05
0.180800E-03  -.572862E+05  -.572862E+05  -.572862E+05
0.182422E-03  -.567970E+05  -.567970E+05  -.567970E+05
0.184059E-03  -.563122E+05  -.563122E+05  -.563122E+05
0.185711E-03  -.558317E+05  -.558317E+05  -.558317E+05
0.187378E-03  -.553555E+05  -.553555E+05  -.553555E+05
0.189059E-03  -.548835E+05  -.548835E+05  -.548835E+05
0.190756E-03  -.544157E+05  -.544157E+05  -.544157E+05
0.192468E-03  -.539520E+05  -.539520E+05  -.539520E+05
0.194195E-03  -.534925E+05  -.534925E+05  -.534925E+05
0.195938E-03  -.530371E+05  -.530371E+05  -.530371E+05
0.197697E-03  -.525857E+05  -.525857E+05  -.525857E+05
0.199471E-03  -.521384E+05  -.521384E+05  -.521384E+05
0.201261E-03  -.516950E+05  -.516950E+05  -.516950E+05
0.203067E-03  -.512556E+05  -.512556E+05  -.512556E+05
0.204890E-03  -.508201E+05  -.508201E+05  -.508201E+05
0.206729E-03  -.503884E+05  -.503884E+05  -.503884E+05
0.208584E-03  -.499606E+05  -.499606E+05  -.499606E+05
0.210456E-03  -.495366E+05  -.495366E+05  -.495366E+05
0.212344E-03  -.491163E+05  -.491163E+05  -.491163E+05
0.214250E-03  -.486999E+05  -.486999E+05  -.486999E+05
0.216173E-03  -.482871E+05  -.482871E+05  -.482871E+05
0.218113E-03  -.478779E+05  -.478779E+05  -.478779E+05
0.220070E-03  -.474725E+05  -.474725E+05  -.474725E+05
0.222045E-03  -.470706E+05  -.470706E+05  -.470706E+05
0.224038E-03  -.466723E+05  -.466723E+05  -.466723E+05
0.226049E-03  -.462775E+05  -.462775E+05  -.462775E+05
0.228077E-03  -.458863E+05  -.458863E+05  -.458863E+05
0.230124E-03  -.454985E+05  -.454985E+05  -.454985E+05
0.232190E-03  -.451142E+05  -.451142E+05  -.451142E+05
0.234273E-03  -.447333E+05  -.447333E+05  -.447333E+05
0.236376E-03  -.443558E+05  -.443558E+05  -.443558E+05
0.238497E-03  -.439816E+05  -.439816E+05  -.439816E+05
0.240638E-03  -.436108E+05  -.436108E+05  -.436108E+05
0.242797E-03  -.432433E+05  -.432433E+05  -.432433E+05
0.244976E-03  -.428790E+05  -.428790E+05  -.428790E+05
0.247175E-03  -.425180E+05  -.425180E+05  -.425180E+05
0.249393E-03  -.421602E+05  -.421602E+05  -.421602E+05
0.251631E-03  -.418056E+05  -.418056E+05  -.418056E+05
0.253889E-03  -.414541E+05  -.414541E+05  -.414541E+05
0.256168E-03  -.411058E+05  -.411058E+05  -.411058E+05
0.258467E-03  -.407605E+05  -.407605E+05  -.407605E+05
0.260787E-03  -.404183E+05  -.404183E+05  -.404183E+05
0.263127E-03  -.400792E+05  -.400792E+05  -.400792E+05
0.265488E-03  -.397431E+05  -.397431E+05  -.397431E+05
0.267871E-03  -.394100E+05  -.394100E+05  -.394100E+05
0.270275E-03  -.390798E+05  -.390798E+05  -.390798E+05
0.272701E-03  -.387526E+05  -.387526E+05  -.387526E+05
0.275148E-03  -.384283E+05  -.384283E+05  -.384283E+05
0.277617E-03  -.381069E+05  -.381069E+05  -.381069E+05
0.280109E-03  -.377883E+05  -.377883E+05  -.377883E+05
0.282623E-03  -.374725E+05  -.374725E+05  -.374725E+05
0.285159E-03  -.371596E+05  -.371596E+05  -.371596E+05
0.287718E-03  -.368495E+05  -.368495E+05  -.368495E+05
0.290300E-03  -.365421E+05  -.365421E+05  -.365421E+05
0.292906E-03  -.362374E+05  -.362374E+05  -.362374E+05
0.295534E-03  -.359355E+05  -.359355E+05  -.359355E+05
0.298186E-03  -.356362E+05  -.356362E+05  -.356362E+05
0.300863E-03  -.353396E+05  -.353396E+05  -.353396E+05
0.303563E-03  -.350457E+05  -.350457E+05  -.350457E+05
0.306287E-03  -.347543E+05  -.347543E+05  -.347543E+05
0.309036E-03  -.344656E+05  -.344656E+05  -.344656E+05
0.311809E-03  -.341794E+05  -.341794E+05  -.341794E+05
0.314608E-03  -.338958E+05  -.338958E+05  -.338958E+05
0.317431E-03  -.336146E+05  -.336146E+05  -.336146E+05
0.320280E-03  -.333360E+05  -.333360E+05  -.333360E+05
0.323154E-03  -.330599E+05  -.330599E+05  -.330599E+05
0.326054E-03  -.327862E+05  -.327862E+05  -.327862E+05
0.328980E-03  -.325150E+05  -.325150E+05  -.325150E+05
0.331933E-03  -.322461E+05  -.322461E+05  -.322461E+05
0.334912E-03  -.319797E+05  -.319797E+05  -.319797E+05
0.337917E-03  -.317156E+05  -.317156E+05  -.317156E+05
0.340950E-03  -.314539E+05  -.314539E+05  -.314539E+05
0.344010E-03  -.311945E+05  -.311945E+05  -.311945E+05
0.347097E-03  -.309374E+05  -.309374E+05  -.309374E+05
0.350212E-03  -.306826E+05  -.306826E+05  -.306826E+05
0.353355E-03  -.304301E+05  -.304301E+05  -.304301E+05
0.356526E-03  -.301798E+05  -.301798E+05  -.301798E+05
0.359726E-03  -.299317E+05  -.299317E+05  -.299317E+05
0.362954E-03  -.296859E+05  -.296859E+05  -.296859E+05
0.366212E-03  -.294422E+05  -.294422E+05  -.294422E+05
0.369498E-03  -.292007E+05  -.292007E+05  -.292007E+05
0.372814E-03  -.289614E+05  -.289614E+05  -.289614E+05
0.376160E-03  -.287241E+05  -.287241E+05  -.287241E+05
0.379536E-03  -.284890E+05  -.284890E+05  -.284890E+05
0.382942E-03  -.282560E+05  -.282560E+05  -.282560E+05
0.386379E-03  -.280250E+05  -.280250E+05  -.280250E+05
0.389846E-03  -.277962E+05  -.277962E+05  -.277962E+05
0.393345E-03  -.275693E+05  -.275693E+05  -.275693E+05
0.396875E-03  -.273445E+05  -.273445E+05  -.273445E+05
0.400437E-03  -.271216E+05  -.271216E+05  -.271216E+05
0.404031E-03  -.269007E+05  -.269007E+05  -.269007E+05
0.407657E-03  -.266819E+05  -.266819E+05  -.266819E+05
0.411315E-03  -.264649E+05  -.264649E+05  -.264649E+05
0.415006E-03  -.262499E+05  -.262499E+05  -.262499E+05
0.418731E-03  -.260368E+05  -.260368E+05  -.260368E+05
0.422489E-03  -.258256E+05  -.258256E+05  -.258256E+05
0.426280E-03  -.256162E+05  -.256162E+05  -.256162E+05
0.430106E-03  -.254088E+05  -.254088E+05  -.254088E+05
0.433966E-03  -.252031E+05  -.252031E+05  -.252031E+05
0.437861E-03  -.249993E+05  -.249993E+05  -.249993E+05
0.441790E-03  -.247974E+05  -.247974E+05  -.247974E+05
0.445755E-03  -.245972E+05  -.245972E+05  -.245972E+05
0.449756E-03  -.243988E+05  -.243988E+05  -.243988E+05
0.453792E-03  -.242021E+05  -.242021E+05  -.242021E+05
0.457864E-03  -.240072E+05  -.240072E+05  -.240072E+05
0.461974E-03  -.238141E+05  -.238141E+05  -.238141E+05
0.466119E-03  -.236226E+05  -.236226E+05  -.236226E+05
0.470303E-03  -.234329E+05  -.234329E+05  -.234329E+05
0.474523E-03  -.232448E+05  -.232448E+05  -.232448E+05
0.478782E-03  -.230585E+05  -.230585E+05  -.230585E+05
0.483079E-03  -.228737E+05  -.228737E+05  -.228737E+05
0.487414E-03  -.226907E+05  -.226907E+05  -.226907E+05
0.491788E-03  -.225092E+05  -.225092E+05  -.225092E+05
0.496202E-03  -.223294E+05  -.223294E+05  -.223294E+05
0.500655E-03  -.221511E+05  -.221511E+05  -.221511E+05
0.505148E-03  -.219745E+05  -.219745E+05  -.219745E+05
0.509682E-03  -.217994E+05  -.217994E+05  -.217994E+05
0.514256E-03  -.216259E+05  -.216259E+05  -.216259E+05
0.518871E-03  -.214539E+05  -.214539E+05  -.214539E+05
0.523528E-03  -.212835E+05  -.212835E+05  -.212835E+05
0.528226E-03  -.211145E+05  -.211145E+05  -.211145E+05
0.532967E-03  -.209471E+05  -.209471E+05  -.209471E+05
0.537750E-03  -.207812E+05  -.207812E+05  -.207812E+05
0.542576E-03  -.206167E+05  -.206167E+05  -.206167E+05
0.547445E-03  -.204537E+05  -.204537E+05  -.204537E+05
0.552358E-03  -.202922E+05  -.202922E+05  -.202922E+05
0.557315E-03  -.201320E+05  -.201320E+05  -.201320E+05
0.562317E-03  -.199733E+05  -.199733E+05  -.199733E+05
0.567363E-03  -.198161E+05  -.198161E+05  -.198161E+05
0.572455E-03  -.196602E+05  -.196602E+05  -.196602E+05
0.577593E-03  -.195057E+05  -.195057E+05  -.195057E+05
0.582776E-03  -.193526E+05  -.193526E+05  -.193526E+05
0.588007E-03  -.192008E+05  -.192008E+05  -.192008E+05
0.593284E-03  -.190504E+05  -.190504E+05  -.190504E+05
0.598608E-03  -.189013E+05  -.189013E+05  -.189013E+05
0.603980E-03  -.187536E+05  -.187536E+05  -.187536E+05
0.609401E-03  -.186072E+05  -.186072E+05  -.186072E+05
0.614870E-03  -.184620E+05  -.184620E+05  -.184620E+05
0.620388E-03  -.183182E+05  -.183182E+05  -.183182E+05
0.625955E-03  -.181756E+05  -.181756E+05  -.181756E+05
0.631573E-03  -.180344E+05  -.180344E+05  -.180344E+05
0.637241E-03  -.178943E+05  -.178943E+05  -.178943E+05
0.642960E-03  -.177555E+05  -.177555E+05  -.177555E+05
0.648730E-03  -.176180E+05  -.176180E+05  -.176180E+05
0.654552E-03  -.174817E+05  -.174817E+05  -.174817E+05
0.660427E-03  -.173465E+05  -.173465E+05  -.173465E+05
0.666354E-03  -.172126E+05  -.172126E+05  -.172126E+05
0.672334E-03  -.170799E+05  -.170799E+05  -.170799E+05
0.678368E-03  -.169484E+05  -.169484E+05  -.169484E+05
0.684456E-03  -.168180E+05  -.168180E+05  -.168180E+05
0.690598E-03  -.166888E+05  -.166888E+05  -.166888E+05
0.696796E-03  -.165607E+05  -.165607E+05  -.165607E+05
0.703049E-03  -.164338E+05  -.164338E+05  -.164338E+05
0.709359E-03  -.163080E+05  -.163080E+05  -.163080E+05
0.715725E-03  -.161833E+05  -.161833E+05  -.161833E+05
0.722148E-03  -.160597E+05  -.160597E+05  -.160597E+05
0.728629E-03  -.159373E+05  -.159373E+05  -.159373E+05
0.735168E-03  -.158159E+05  -.158159E+05  -.158159E+05
0.741766E-03  -.156956E+05  -.156956E+05  -.156956E+05
0.748423E-03  -.155764E+05  -.155764E+05  -.155764E+05
0.755140E-03  -.154582E+05  -.154582E+05  -.154582E+05
0.761917E-03  -.153411E+05  -.153411E+05  -.153411E+05
0.768755E-03  -.152250E+05  -.152250E+05  -.152250E+05
0.775654E-03  -.151100E+05  -.151100E+05  -.151100E+05
0.782615E-03  -.149959E+05  -.149959E+05  -.149959E+05
0.789638E-03  -.148829E+05  -.148829E+05  -.148829E+05
0.796725E-03  -.147709E+05  -.147709E+05  -.147709E+05
0.803875E-03  -.146599E+05  -.146599E+05  -.146599E+05
0.811090E-03  -.145499E+05  -.145499E+05  -.145499E+05
0.818369E-03  -.144409E+05  -.144409E+05  -.144409E+05
0.825713E-03  -.143328E+05  -.143328E+05  -.143328E+05
0.833123E-03  -.142257E+05  -.142257E+05  -.142257E+05
0.840600E-03  -.141195E+05  -.141195E+05  -.141195E+05
0.848144E-03  -.140143E+05  -.140143E+05  -.140143E+05
0.855756E-03  -.139100E+05  -.139100E+05  -.139100E+05
0.863436E-03  -.138067E+05  -.138067E+05  -.138067E+05
0.871185E-03  -.137043E+05  -.137043E+05  -.137043E+05
0.879003E-03  -.136027E+05  -.136027E+05  -.136027E+05
0.886892E-03  -.135021E+05  -.135021E+05  -.135021E+05
0.894851E-03  -.134024E+05  -.134024E+05  -.134024E+05
0.902882E-03  -.133036E+05  -.133036E+05  -.133036E+05
0.910985E-03  -.132056E+05  -.132056E+05  -.132056E+05
0.919161E-03  -.131085E+05  -.131085E+05  -.131085E+05
0.927410E-03  -.130123E+05  -.130123E+05  -.130123E+05
0.935733E-03  -.129170E+05  -.129170E+05  -.129170E+05
0.944130E-03  -.128224E+05  -.128224E+05  -.128224E+05
0.952603E-03  -.127288E+05  -.127288E+05  -.127288E+05
0.961153E-03  -.126359E+05  -.126359E+05  -.126359E+05
0.969778E-03  -.125439E+05  -.125439E+05  -.125439E+05
0.978482E-03  -.124527E+05  -.124527E+05  -.124527E+05
0.987263E-03  -.123623E+05  -.123623E+05  -.123623E+05
0.996123E-03  -.122728E+05  -.122728E+05  -.122728E+05
0.100506E-02  -.121840E+05  -.121840E+05  -.121840E+05
0.101408E-02  -.120960E+05  -.120960E+05  -.120960E+05
0.102318E-02  -.120088E+05  -.120088E+05  -.120088E+05
0.103237E-02  -.119223E+05  -.119223E+05  -.119223E+05
0.104163E-02  -.118367E+05  -.118367E+05  -.118367E+05
0.105098E-02  -.117518E+05  -.117518E+05  -.117518E+05
0.106041E-02  -.116676E+05  -.116676E+05  -.116676E+05
0.106993E-02  -.115842E+05  -.115842E+05  -.115842E+05
0.107953E-02  -.115015E+05  -.115015E+05  -.115015E+05
0.108922E-02  -.114196E+05  -.114196E+05  -.114196E+05
0.109899E-02  -.113384E+05  -.113384E+05  -.113384E+05
0.110886E-02  -.112579E+05  -.112579E+05  -.112579E+05
0.111881E-02  -.111782E+05  -.111782E+05  -.111782E+05
0.112885E-02  -.110991E+05  -.110991E+05  -.110991E+05
0.113898E-02  -.110208E+05  -.110208E+05  -.110208E+05
0.114920E-02  -.109431E+05  -.109431E+05  -.109431E+05
0.115951E-02  -.108662E+05  -.108662E+05  -.108662E+05
0.116992E-02  -.107899E+05  -.107899E+05  -.107899E+05
0.118042E-02  -.107143E+05  -.107143E+05  -.107143E+05
0.119101E-02  -.106394E+05  -.106394E+05  -.106394E+05
0.120170E-02  -.105651E+05  -.105651E+05  -.105651E+05
0.121249E-02  -.104915E+05  -.104915E+05  -.104915E+05
0.122337E-02  -.104186E+05  -.104186E+05  -.104186E+05
0.123435E-02  -.103463E+05  -.103463E+05  -.103463E+05
0.124543E-02  -.102747E+05  -.102747E+05  -.102747E+05
0.125660E-02  -.102036E+05  -.102036E+05  -.102036E+05
0.126788E-02  -.101333E+05  -.101333E+05  -.101333E+05
0.127926E-02  -.100635E+05  -.100635E+05  -.100635E+05
0.129074E-02  -.999437E+04  -.999437E+04  -.999437E+04
0.130232E-02  -.992585E+04  -.992585E+04  -.992585E+04
0.131401E-02  -.985794E+04  -.985794E+04  -.985794E+04
0.132580E-02  -.979063E+04  -.979063E+04  -.979063E+04
0.133770E-02  -.972393E+04  -.972393E+04  -.972392E+04
0.134971E-02  -.965781E+04  -.965781E+04  -.965781E+04
0.136182E-02  -.959229E+04  -.959229E+04  -.959229E+04
0.137404E-02  -.952734E+04  -.952734E+04  -.952734E+04
0.138637E-02  -.946298E+04  -.946298E+04  -.946298E+04
0.139881E-02  -.939918E+04  -.939918E+04  -.939918E+04
0.141137E-02  -.933596E+04  -.933596E+04  -.933596E+04
0.142403E-02  -.927329E+04  -.927329E+04  -.927329E+04
0.143681E-02  -.921119E+04  -.921119E+04  -.921119E+04
0.144971E-02  -.914964E+04  -.914964E+04  -.914964E+04
0.146272E-02  -.908863E+04  -.908863E+04  -.908863E+04
0.147585E-02  -.902817E+04  -.902817E+04  -.902817E+04
0.148909E-02  -.896824E+04  -.896824E+04  -.896824E+04
0.150246E-02  -.890885E+04  -.890885E+04  -.890885E+04
0.151594E-02  -.884999E+04  -.884999E+04  -.884999E+04
0.152954E-02  -.879165E+04  -.879165E+04  -.879164E+04
0.154327E-02  -.873382E+04  -.873382E+04  -.873382E+04
0.155712E-02  -.867652E+04  -.867652E+04  -.867651E+04
0.157110E-02  -.861972E+04  -.861972E+04  -.861972E+04
0.158520E-02  -.856343E+04  -.856343E+04  -.856342E+04
0.159942E-02  -.850763E+04  -.850763E+04  -.850763E+04
0.161378E-02  -.845234E+04  -.845234E+04  -.845234E+04
0.162826E-02  -.839754E+04  -.839754E+04  -.839753E+04
0.164287E-02  -.834322E+04  -.834322E+04  -.834322E+04
0.165762E-02  -.828938E+04  -.828938E+04  -.828938E+04
0.167249E-02  -.823603E+04  -.823603E+04  -.823603E+04
0.168750E-02  -.818315E+04  -.818315E+04  -.818315E+04
0.170265E-02  -.813074E+04  -.813074E+04  -.813074E+04
0.171793E-02  -.807880E+04  -.807880E+04  -.807880E+04
0.173334E-02  -.802732E+04  -.802732E+04  -.802732E+04
0.174890E-02  -.797629E+04  -.797629E+04  -.797629E+04
0.176460E-02  -.792572E+04  -.792572E+04  -.792572E+04
0.178043E-02  -.787561E+04  -.787561E+04  -.787560E+04
0.179641E-02  -.782593E+04  -.782593E+04  -.782593E+04
0.181253E-02  -.777670E+04  -.777670E+04  -.777670E+04
0.182880E-02  -.772791E+04  -.772791E+04  -.772791E+04
0.184521E-02  -.767955E+04  -.767955E+04  -.767954E+04
0.186177E-02  -.763162E+04  -.763162E+04  -.763162E+04
0.187848E-02  -.758411E+04  -.758411E+04  -.758411E+04
0.189534E-02  -.753703E+04  -.753703E+04  -.753703E+04
0.191235E-02  -.749037E+04  -.749037E+04  -.749037E+04
0.192951E-02  -.744412E+04  -.744412E+04  -.744412E+04
0.194683E-02  -.739829E+04  -.739829E+04  -.739828E+04
0.196430E-02  -.735286E+04  -.735286E+04  -.735286E+04
0.198193E-02  -.730783E+04  -.730783E+04  -.730783E+04
0.199971E-02  -.726321E+04  -.726321E+04  -.726321E+04
0.201766E-02  -.721898E+04  -.721898E+04  -.721898E+04
0.203577E-02  -.717515E+04  -.717515E+04  -.717515E+04
0.205404E-02  -.713171E+04  -.713171E+04  -.713171E+04
0.207247E-02  -.708865E+04  -.708865E+04  -.708865E+04
0.209107E-02  -.704597E+04  -.704597E+04  -.704597E+04
0.210984E-02  -.700368E+04  -.700368E+04  -.700368E+04
0.212877E-02  -.696176E+04  -.696176E+04  -.696176E+04
0.214788E-02  -.692022E+04  -.692022E+04  -.692021E+04
0.216715E-02  -.687904E+04  -.687904E+04  -.687904E+04
0.218660E-02  -.683823E+04  -.683823E+04  -.683823E+04
0.220622E-02  -.679778E+04  -.679778E+04  -.679778E+04
0.222602E-02  -.675770E+04  -.675770E+04  -.675769E+04
0.224600E-02  -.671797E+04  -.671797E+04  -.671796E+04
0.226616E-02  -.667859E+04  -.667859E+04  -.667859E+04
0.228650E-02  -.663956E+04  -.663956E+04  -.663956E+04
0.230702E-02  -.660088E+04  -.660088E+04  -.660088E+04
0.232772E-02  -.656255E+04  -.656255E+04  -.656254E+04
0.234861E-02  -.652455E+04  -.652455E+04  -.652455E+04
0.236969E-02  -.648690E+04  -.648689E+04  -.648689E+04
0.239095E-02  -.644957E+04  -.644957E+04  -.644957E+04
0.241241E-02  -.641258E+04  -.641258E+04  -.641258E+04
0.243406E-02  -.637592E+04  -.637592E+04  -.637592E+04
0.245591E-02  -.633959E+04  -.633959E+04  -.633959E+04
0.247795E-02  -.630358E+04  -.630358E+04  -.630358E+04
0.250019E-02  -.626788E+04  -.626788E+04  -.626788E+04
0.252262E-02  -.623251E+04  -.623251E+04  -.623251E+04
0.254526E-02  -.619745E+04  -.619745E+04  -.619745E+04
0.256811E-02  -.616270E+04  -.616270E+04  -.616270E+04
0.259115E-02  -.612827E+04  -.612827E+04  -.612826E+04
0.261441E-02  -.609413E+04  -.609413E+04  -.609413E+04
0.263787E-02  -.606031E+04  -.606031E+04  -.606030E+04
0.266154E-02  -.602678E+04  -.602678E+04  -.602678E+04
0.268543E-02  -.599355E+04  -.599355E+04  -.599355E+04
0.270953E-02  -.596061E+04  -.596061E+04  -.596061E+04
0.273385E-02  -.592797E+04  -.592797E+04  -.592797E+04
0.275838E-02  -.589562E+04  -.589562E+04  -.589562E+04
0.278314E-02  -.586356E+04  -.586356E+04  -.586356E+04
0.280811E-02  -.583178E+04  -.583178E+04  -.583178E+04
0.283332E-02  -.580029E+04  -.580029E+04  -.580029E+04
0.285874E-02  -.576907E+04  -.576907E+04  -.576907E+04
0.288440E-02  -.573814E+04  -.573814E+04  -.573813E+04
0.291029E-02  -.570747E+04  -.570747E+04  -.570747E+04
0.293640E-02  -.567708E+04  -.567708E+04  -.567708E+04
0.296276E-02  -.564697E+04  -.564697E+04  -.564696E+04
0.298934E-02  -.561712E+04  -.561712E+04  -.561711E+04
0.301617E-02  -.558753E+04  -.558753E+04  -.558753E+04
0.304324E-02  -.555821E+04  -.555821E+04  -.555820E+04
0.307055E-02  -.552915E+04  -.552914E+04  -.552914E+04
0.309811E-02  -.550034E+04  -.550034E+04  -.550034E+04
0.312591E-02  -.547180E+04  -.547179E+04  -.547179E+04
0.315397E-02  -.544350E+04  -.544350E+04  -.544350E+04
0.318227E-02  -.541546E+04  -.541546E+04  -.541546E+04
0.321083E-02  -.538767E+04  -.538767E+04  -.538767E+04
0.323965E-02  -.536012E+04  -.536012E+04  -.536012E+04
0.326872E-02  -.533283E+04  -.533282E+04  -.533282E+04
0.329806E-02  -.530577E+04  -.530577E+04  -.530577E+04
0.332765E-02  -.527895E+04  -.527895E+04  -.527895E+04
0.335752E-02  -.525237E+04  -.525237E+04  -.525237E+04
0.338765E-02  -.522603E+04  -.522603E+04  -.522603E+04
0.341805E-02  -.519992E+04  -.519992E+04  -.519992E+04
0.344873E-02  -.517405E+04  -.517405E+04  -.517405E+04
0.347968E-02  -.514841E+04  -.514840E+04  -.514840E+04
0.351091E-02  -.512299E+04  -.512299E+04  -.512299E+04
0.354242E-02  -.509780E+04  -.509780E+04  -.509779E+04
0.357421E-02  -.507283E+04  -.507283E+04  -.507283E+04
0.360628E-02  -.504809E+04  -.504809E+04  -.504808E+04
0.363865E-02  -.502356E+04  -.502356E+04  -.502356E+04
0.367130E-02  -.499926E+04  -.499925E+04  -.499925E+04
0.370425E-02  -.497517E+04  -.497517E+04  -.497516E+04
0.373750E-02  -.495129E+04  -.495129E+04  -.495129E+04
0.377104E-02  -.492763E+04  -.492762E+04  -.492762E+04
0.380488E-02  -.490417E+04  -.490417E+04  -.490417E+04
0.383903E-02  -.488093E+04  -.488093E+04  -.488093E+04
0.387348E-02  -.485789E+04  -.485789E+04  -.485789E+04
0.390824E-02  -.483506E+04  -.483506E+04  -.483506E+04
0.394332E-02  -.481243E+04  -.481243E+04  -.481243E+04
0.397871E-02  -.479000E+04  -.479000E+04  -.479000E+04
0.401441E-02  -.476777E+04  -.476777E+04  -.476777E+04
0.405044E-02  -.474574E+04  -.474574E+04  -.474574E+04
0.408679E-02  -.472391E+04  -.472390E+04  -.472390E+04
0.412347E-02  -.470226E+04  -.470226E+04  -.470226E+04
0.416047E-02  -.468082E+04  -.468081E+04  -.468081E+04
0.419781E-02  -.465956E+04  -.465956E+04  -.465955E+04
0.423549E-02  -.463849E+04  -.463849E+04  -.463848E+04
0.427350E-02  -.461761E+04  -.461761E+04  -.461760E+04
0.431185E-02  -.459691E+04  -.459691E+04  -.459691E+04
0.435055E-02  -.457640E+04  -.457640E+04  -.457640E+04
0.438959E-02  -.455607E+04  -.455607E+04  -.455607E+04
0.442899E-02  -.453592E+04  -.453592E+04  -.453592E+04
0.446873E-02  -.451595E+04  -.451595E+04  -.451595E+04
0.450884E-02  -.449616E+04  -.449616E+04  -.449616E+04
0.454930E-02  -.447655E+04  -.447654E+04  -.447654E+04
0.459013E-02  -.445710E+04  -.445710E+04  -.445710E+04
0.463132E-02  -.443784E+04  -.443783E+04  -.443783E+04
0.467289E-02  -.441874E+04  -.441874E+04  -.441874E+04
0.471482E-02  -.439981E+04  -.439981E+04  -.439981E+04
0.475714E-02  -.438105E+04  -.438105E+04  -.438105E+04
0.479983E-02  -.436246E+04  -.436246E+04  -.436246E+04
0.484291E-02  -.434404E+04  -.434403E+04  -.434403E+04
0.488637E-02  -.432577E+04  -.432577E+04  -.432577E+04
0.493022E-02  -.430767E+04  -.430767E+04  -.430767E+04
0.497447E-02  -.428973E+04  -.428973E+04  -.428973E+04
0.501911E-02  -.427195E+04  -.427195E+04  -.427195E+04
0.506415E-02  -.425433E+04  -.425433E+04  -.425433E+04
0.510960E-02  -.423687E+04  -.423687E+04  -.423686E+04
0.515546E-02  -.421956E+04  -.421956E+04  -.421955E+04
0.520173E-02  -.420240E+04  -.420240E+04  -.420240E+04
0.524841E-02  -.418540E+04  -.418540E+04  -.418539E+04
0.529551E-02  -.416855E+04  -.416855E+04  -.416854E+04
0.534304E-02  -.415185E+04  -.415185E+04  -.415184E+04
0.539099E-02  -.413529E+04  -.413529E+04  -.413529E+04
0.543937E-02  -.411889E+04  -.411888E+04  -.411888E+04
0.548818E-02  -.410263E+04  -.410262E+04  -.410262E+04
0.553744E-02  -.408651E+04  -.408651E+04  -.408650E+04
0.558713E-02  -.407054E+04  -.407054E+04  -.407053E+04
0.563727E-02  -.405471E+04  -.405471E+04  -.405470E+04
0.568787E-02  -.403902E+04  -.403902E+04  -.403901E+04
0.573891E-02  -.402347E+04  -.402347E+04  -.402346E+04
0.579042E-02  -.400806E+04  -.400805E+04  -.400805E+04
0.584238E-02  -.399278E+04  -.399278E+04  -.399278E+04
0.589482E-02  -.397764E+04  -.397764E+04  -.397764E+04
0.594772E-02  -.396264E+04  -.396264E+04  -.396263E+04
0.600109E-02  -.394777E+04  -.394777E+04  -.394776E+04
0.605495E-02  -.393303E+04  -.393303E+04  -.393302E+04
0.610929E-02  -.391842E+04  -.391842E+04  -.391842E+04
0.616412E-02  -.390395E+04  -.390394E+04  -.390394E+04
0.621944E-02  -.388960E+04  -.388959E+04  -.388959E+04
0.627526E-02  -.387538E+04  -.387537E+04  -.387537E+04
0.633157E-02  -.386128E+04  -.386128E+04  -.386127E+04
0.638840E-02  -.384731E+04  -.384731E+04  -.384730E+04
0.644573E-02  -.383347E+04  -.383346E+04  -.383346E+04
0.650358E-02  -.381975E+04  -.381974E+04  -.381974E+04
0.656194E-02  -.380614E+04  -.380614E+04  -.380614E+04
0.662083E-02  -.379267E+04  -.379266E+04  -.379266E+04
0.668025E-02  -.377931E+04  -.377930E+04  -.377930E+04
0.674020E-02  -.376607E+04  -.376606E+04  -.376606E+04
0.680069E-02  -.375294E+04  -.375294E+04  -.375294E+04
0.686173E-02  -.373994E+04  -.373994E+04  -.373993E+04
0.692331E-02  -.372705E+04  -.372704E+04  -.372704E+04
0.698544E-02  -.371427E+04  -.371427E+04  -.371426E+04
0.704813E-02  -.370161E+04  -.370161E+04  -.370160E+04
0.711138E-02  -.368906E+04  -.368906E+04  -.368905E+04
0.717520E-02  -.367662E+04  -.367662E+04  -.367661E+04
0.723960E-02  -.366429E+04  -.366429E+04  -.366429E+04
0.730457E-02  -.365208E+04  -.365207E+04  -.365207E+04
0.737012E-02  -.363997E+04  -.363997E+04  -.363996E+04
0.743627E-02  -.362797E+04  -.362796E+04  -.362796E+04
0.750300E-02  -.361607E+04  -.361607E+04  -.361606E+04
0.757034E-02  -.360428E+04  -.360428E+04  -.360427E+04
0.763828E-02  -.359260E+04  -.359260E+04  -.359259E+04
0.770683E-02  -.358102E+04  -.358102E+04  -.358101E+04
0.777599E-02  -.356954E+04  -.356954E+04  -.356953E+04
0.784578E-02  -.355817E+04  -.355816E+04  -.355816E+04
0.791619E-02  -.354689E+04  -.354689E+04  -.354688E+04
0.798724E-02  -.353572E+04  -.353572E+04  -.353571E+04
0.805892E-02  -.352464E+04  -.352464E+04  -.352463E+04
0.813124E-02  -.351367E+04  -.351366E+04  -.351366E+04
0.820421E-02  -.350279E+04  -.350279E+04  -.350278E+04
0.827784E-02  -.349201E+04  -.349200E+04  -.349200E+04
0.835213E-02  -.348132E+04  -.348132E+04  -.348131E+04
0.842709E-02  -.347073E+04  -.347073E+04  -.347072E+04
0.850272E-02  -.346023E+04  -.346023E+04  -.346022E+04
0.857903E-02  -.344983E+04  -.344983E+04  -.344982E+04
0.865602E-02  -.343952E+04  -.343952E+04  -.343951E+04
0.873370E-02  -.342930E+04  -.342930E+04  -.342929E+04
0.881208E-02  -.341917E+04  -.341917E+04  -.341916E+04
0.889117E-02  -.340913E+04  -.340913E+04  -.340912E+04
0.897096E-02  -.339918E+04  -.339918E+04  -.339917E+04
0.905147E-02  -.338932E+04  -.338932E+04  -.338931E+04
0.913270E-02  -.337955E+04  -.337955E+04  -.337954E+04
0.921466E-02  -.336986E+04  -.336986E+04  -.336985E+04
0.929736E-02  -.336026E+04  -.336026E+04  -.336025E+04
0.938080E-02  -.335075E+04  -.335074E+04  -.335074E+04
0.946498E-02  -.334132E+04  -.334131E+04  -.334131E+04
0.954993E-02  -.333197E+04  -.333197E+04  -.333196E+04
0.963563E-02  -.332271E+04  -.332270E+04  -.332270E+04
0.972211E-02  -.331353E+04  -.331352E+04  -.331351E+04
0.980936E-02  -.330443E+04  -.330442E+04  -.330442E+04
0.989740E-02  -.329541E+04  -.329541E+04  -.329540E+04
0.998622E-02  -.328647E+04  -.328647E+04  -.328646E+04
0.100758E-01  -.327761E+04  -.327761E+04  -.327760E+04
0.101663E-01  -.326883E+04  -.326883E+04  -.326882E+04
0.102575E-01  -.326013E+04  -.326012E+04  -.326012E+04
0.103496E-01  -.325150E+04  -.325150E+04  -.325149E+04
0.104424E-01  -.324296E+04  -.324295E+04  -.324294E+04
0.105362E-01  -.323448E+04  -.323448E+04  -.323447E+04
0.106307E-01  -.322609E+04  -.322608E+04  -.322607E+04
0.107261E-01  -.321776E+04  -.321776E+04  -.321775E+04
0.108224E-01  -.320952E+04  -.320951E+04  -.320950E+04
0.109195E-01  -.320134E+04  -.320134E+04  -.320133E+04
0.110175E-01  -.319324E+04  -.319323E+04  -.319322E+04
0.111164E-01  -.318521E+04  -.318520E+04  -.318519E+04
0.112161E-01  -.317725E+04  -.317724E+04  -.317723E+04
0.113168E-01  -.316936E+04  -.316936E+04  -.316934E+04
0.114184E-01  -.316154E+04  -.316154E+04  -.316153E+04
0.115208E-01  -.315379E+04  -.315379E+04  -.315378E+04
0.116242E-01  -.314611E+04  -.314611E+04  -.314610E+04
0.117286E-01  -.313850E+04  -.313850E+04  -.313848E+04
0.118338E-01  -.313096E+04  -.313095E+04  -.313094E+04
0.119400E-01  -.312348E+04  -.312347E+04  -.312346E+04
0.120472E-01  -.311607E+04  -.311606E+04  -.311605E+04
0.121553E-01  -.310872E+04  -.310872E+04  -.310871E+04
0.122644E-01  -.310144E+04  -.310144E+04  -.310143E+04
0.123744E-01  -.309423E+04  -.309422E+04  -.309421E+04
0.124855E-01  -.308708E+04  -.308707E+04  -.308706E+04
0.125975E-01  -.307999E+04  -.307998E+04  -.307997E+04
0.127106E-01  -.307296E+04  -.307296E+04  -.307295E+04
0.128247E-01  -.306600E+04  -.306600E+04  -.306598E+04
0.129398E-01  -.305910E+04  -.305910E+04  -.305908E+04
0.130559E-01  -.305226E+04  -.305226E+04  -.305224E+04
0.131731E-01  -.304548E+04  -.304548E+04  -.304547E+04
0.132913E-01  -.303877E+04  -.303876E+04  -.303875E+04
0.134106E-01  -.303211E+04  -.303210E+04  -.303209E+04
0.135309E-01  -.302551E+04  -.302550E+04  -.302549E+04
0.136524E-01  -.301897E+04  -.301896E+04  -.301895E+04
0.137749E-01  -.301248E+04  -.301248E+04  -.301246E+04
0.138985E-01  -.300606E+04  -.300605E+04  -.300604E+04
0.140232E-01  -.299969E+04  -.299968E+04  -.299967E+04
0.141491E-01  -.299338E+04  -.299337E+04  -.299336E+04
0.142761E-01  -.298712E+04  -.298712E+04  -.298710E+04
0.144042E-01  -.298092E+04  -.298092E+04  -.298090E+04
0.145335E-01  -.297478E+04  -.297477E+04  -.297476E+04
0.146639E-01  -.296869E+04  -.296868E+04  -.296866E+04
0.147955E-01  -.296265E+04  -.296264E+04  -.296263E+04
0.149283E-01  -.295667E+04  -.295666E+04  -.295664E+04
0.150622E-01  -.295074E+04  -.295073E+04  -.295071E+04
0.151974E-01  -.294486E+04  -.294485E+04  -.294484E+04
0.153338E-01  -.293903E+04  -.293903E+04  -.293901E+04
0.154714E-01  -.293326E+04  -.293325E+04  -.293324E+04
0.156103E-01  -.292754E+04  -.292753E+04  -.292751E+04
0.157504E-01  -.292186E+04  -.292186E+04  -.292184E+04
0.158917E-01  -.291624E+04  -.291624E+04  -.291622E+04
0.160343E-01  -.291067E+04  -.291066E+04  -.291065E+04
0.161782E-01  -.290515E+04  -.290514E+04  -.290512E+04
0.163234E-01  -.289968E+04  -.289967E+04  -.289965E+04
0.164699E-01  -.289425E+04  -.289424E+04  -.289423E+04
0.166177E-01  -.288887E+04  -.288887E+04  -.288885E+04
0.167669E-01  -.288354E+04  -.288354E+04  -.288352E+04
0.169173E-01  -.287826E+04  -.287826E+04  -.287824E+04
0.170692E-01  -.287303E+04  -.287302E+04  -.287300E+04
0.172224E-01  -.286784E+04  -.286783E+04  -.286781E+04
0.173769E-01  -.286270E+04  -.286269E+04  -.286267E+04
0.175329E-01  -.285760E+04  -.285759E+04  -.285757E+04
0.176902E-01  -.285255E+04  -.285254E+04  -.285252E+04
0.178490E-01  -.284754E+04  -.284753E+04  -.284751E+04
0.180092E-01  -.284258E+04  -.284257E+04  -.284255E+04
0.181708E-01  -.283766E+04  -.283765E+04  -.283763E+04
0.183339E-01  -.283278E+04  -.283277E+04  -.283275E+04
0.184984E-01  -.282795E+04  -.282794E+04  -.282792E+04
0.186644E-01  -.282316E+04  -.282315E+04  -.282313E+04
0.188319E-01  -.281841E+04  -.281840E+04  -.281838E+04
0.190009E-01  -.281371E+04  -.281370E+04  -.281368E+04
0.191714E-01  -.280904E+04  -.280903E+04  -.280901E+04
0.193435E-01  -.280442E+04  -.280441E+04  -.280439E+04
0.195171E-01  -.279984E+04  -.279983E+04  -.279981E+04
0.196922E-01  -.279530E+04  -.279529E+04  -.279527E+04
0.198690E-01  -.279080E+04  -.279079E+04  -.279077E+04
0.200473E-01  -.278634E+04  -.278633E+04  -.278630E+04
0.202272E-01  -.278191E+04  -.278190E+04  -.278188E+04
0.204087E-01  -.277753E+04  -.277752E+04  -.277750E+04
0.205919E-01  -.277319E+04  -.277318E+04  -.277315E+04
0.207767E-01  -.276888E+04  -.276887E+04  -.276885E+04
0.209632E-01  -.276461E+04  -.276460E+04  -.276458E+04
0.211513E-01  -.276038E+04  -.276037E+04  -.276035E+04
0.213411E-01  -.275619E+04  -.275618E+04  -.275616E+04
0.215326E-01  -.275204E+04  -.275203E+04  -.275200E+04
0.217259E-01  -.274792E+04  -.274791E+04  -.274788E+04
0.219209E-01  -.274383E+04  -.274382E+04  -.274380E+04
0.221176E-01  -.273979E+04  -.273978E+04  -.273975E+04
0.223161E-01  -.273578E+04  -.273577E+04  -.273574E+04
0.225163E-01  -.273180E+04  -.273179E+04  -.273176E+04
0.227184E-01  -.272786E+04  -.272785E+04  -.272782E+04
0.229223E-01  -.272395E+04  -.272394E+04  -.272392E+04
0.231280E-01  -.272008E+04  -.272007E+04  -.272005E+04
0.233356E-01  -.271625E+04  -.271623E+04  -.271621E+04
0.235450E-01  -.271244E+04  -.271243E+04  -.271240E+04
0.237563E-01  -.270867E+04  -.270866E+04  -.270863E+04
0.239695E-01  -.270493E+04  -.270492E+04  -.270490E+04
0.241846E-01  -.270123E+04  -.270122E+04  -.270119E+04
0.244017E-01  -.269756E+04  -.269755E+04  -.269752E+04
0.246207E-01  -.269392E+04  -.269391E+04  -.269388E+04
0.248416E-01  -.269031E+04  -.269030E+04  -.269027E+04
0.250646E-01  -.268674E+04  -.268673E+04  -.268670E+04
0.252895E-01  -.268319E+04  -.268318E+04  -.268315E+04
0.255165E-01  -.267968E+04  -.267967E+04  -.267964E+04
0.257455E-01  -.267620E+04  -.267619E+04  -.267616E+04
0.259765E-01  -.267275E+04  -.267273E+04  -.267270E+04
0.262097E-01  -.266932E+04  -.266931E+04  -.266928E+04
0.264449E-01  -.266593E+04  -.266592E+04  -.266589E+04
0.266822E-01  -.266257E+04  -.266256E+04  -.266253E+04
0.269217E-01  -.265924E+04  -.265923E+04  -.265919E+04
0.271633E-01  -.265594E+04  -.265592E+04  -.265589E+04
0.274070E-01  -.265266E+04  -.265265E+04  -.265262E+04
0.276530E-01  -.264942E+04  -.264940E+04  -.264937E+04
0.279012E-01  -.264620E+04  -.264619E+04  -.264615E+04
0.281516E-01  -.264301E+04  -.264300E+04  -.264296E+04
0.284042E-01  -.263985E+04  -.263984E+04  -.263980E+04
0.286591E-01  -.263672E+04  -.263670E+04  -.263667E+04
0.289163E-01  -.263361E+04  -.263360E+04  -.263356E+04
0.291758E-01  -.263053E+04  -.263052E+04  -.263048E+04
0.294377E-01  -.262748E+04  -.262747E+04  -.262743E+04
0.297019E-01  -.262445E+04  -.262444E+04  -.262440E+04
0.299684E-01  -.262145E+04  -.262144E+04  -.262140E+04
0.302374E-01  -.261848E+04  -.261847E+04  -.261843E+04
0.305088E-01  -.261553E+04  -.261552E+04  -.261548E+04
0.307826E-01  -.261261E+04  -.261260E+04  -.261256E+04
0.310588E-01  -.260972E+04  -.260970E+04  -.260966E+04
0.313375E-01  -.260684E+04  -.260683E+04  -.260679E+04
0.316188E-01  -.260400E+04  -.260398E+04  -.260394E+04
0.319025E-01  -.260118E+04  -.260116E+04  -.260112E+04
0.321889E-01  -.259838E+04  -.259837E+04  -.259833E+04
0.324777E-01  -.259561E+04  -.259559E+04  -.259555E+04
0.327692E-01  -.259286E+04  -.259284E+04  -.259280E+04
0.330633E-01  -.259013E+04  -.259012E+04  -.259008E+04
0.333600E-01  -.258743E+04  -.258742E+04  -.258738E+04
0.336594E-01  -.258475E+04  -.258474E+04  -.258470E+04
0.339615E-01  -.258210E+04  -.258208E+04  -.258204E+04
0.342663E-01  -.257947E+04  -.257945E+04  -.257941E+04
0.345738E-01  -.257686E+04  -.257684E+04  -.257680E+04
0.348841E-01  -.257427E+04  -.257425E+04  -.257421E+04
0.351971E-01  -.257171E+04  -.257169E+04  -.257165E+04
0.355130E-01  -.256916E+04  -.256915E+04  -.256910E+04
0.358317E-01  -.256664E+04  -.256663E+04  -.256658E+04
0.361533E-01  -.256414E+04  -.256413E+04  -.256408E+04
0.364778E-01  -.256166E+04  -.256165E+04  -.256160E+04
0.368051E-01  -.255921E+04  -.255919E+04  -.255914E+04
0.371354E-01  -.255677E+04  -.255676E+04  -.255671E+04
0.374687E-01  -.255436E+04  -.255434E+04  -.255429E+04
0.378050E-01  -.255196E+04  -.255195E+04  -.255190E+04
0.381443E-01  -.254959E+04  -.254957E+04  -.254952E+04
0.384866E-01  -.254724E+04  -.254722E+04  -.254717E+04
0.388320E-01  -.254490E+04  -.254488E+04  -.254483E+04
0.391805E-01  -.254259E+04  -.254257E+04  -.254252E+04
0.395321E-01  -.254029E+04  -.254028E+04  -.254023E+04
0.398869E-01  -.253802E+04  -.253800E+04  -.253795E+04
0.402448E-01  -.253576E+04  -.253575E+04  -.253569E+04
0.406060E-01  -.253353E+04  -.253351E+04  -.253346E+04
0.409704E-01  -.253131E+04  -.253129E+04  -.253124E+04
0.413381E-01  -.252911E+04  -.252909E+04  -.252904E+04
0.417091E-01  -.252693E+04  -.252691E+04  -.252686E+04
0.420834E-01  -.252477E+04  -.252475E+04  -.252469E+04
0.424611E-01  -.252262E+04  -.252261E+04  -.252255E+04
0.428422E-01  -.252050E+04  -.252048E+04  -.252042E+04
0.432266E-01  -.251839E+04  -.251837E+04  -.251831E+04
0.436146E-01  -.251630E+04  -.251628E+04  -.251622E+04
0.440060E-01  -.251423E+04  -.251421E+04  -.251415E+04
0.444009E-01  -.251217E+04  -.251215E+04  -.251209E+04
0.447994E-01  -.251013E+04  -.251011E+04  -.251005E+04
0.452015E-01  -.250811E+04  -.250809E+04  -.250803E+04
0.456071E-01  -.250611E+04  -.250608E+04  -.250602E+04
0.460164E-01  -.250412E+04  -.250410E+04  -.250404E+04
0.464294E-01  -.250214E+04  -.250212E+04  -.250206E+04
0.468461E-01  -.250019E+04  -.250017E+04  -.250011E+04
0.472665E-01  -.249825E+04  -.249823E+04  -.249817E+04
0.476907E-01  -.249632E+04  -.249630E+04  -.249624E+04
0.481187E-01  -.249442E+04  -.249440E+04  -.249433E+04
0.485505E-01  -.249252E+04  -.249250E+04  -.249244E+04
0.489863E-01  -.249065E+04  -.249062E+04  -.249056E+04
0.494259E-01  -.248878E+04  -.248876E+04  -.248870E+04
0.498695E-01  -.248694E+04  -.248692E+04  -.248685E+04
0.503170E-01  -.248510E+04  -.248508E+04  -.248502E+04
0.507686E-01  -.248329E+04  -.248326E+04  -.248320E+04
0.512242E-01  -.248148E+04  -.248146E+04  -.248139E+04
0.516839E-01  -.247970E+04  -.247967E+04  -.247961E+04
0.521478E-01  -.247792E+04  -.247790E+04  -.247783E+04
0.526158E-01  -.247616E+04  -.247614E+04  -.247607E+04
0.530880E-01  -.247442E+04  -.247439E+04  -.247432E+04
0.535644E-01  -.247268E+04  -.247266E+04  -.247259E+04
0.540451E-01  -.247096E+04  -.247094E+04  -.247087E+04
0.545301E-01  -.246926E+04  -.246924E+04  -.246917E+04
0.550195E-01  -.246757E+04  -.246754E+04  -.246747E+04
0.555133E-01  -.246589E+04  -.246587E+04  -.246579E+04
0.560115E-01  -.246422E+04  -.246420E+04  -.246413E+04
0.565142E-01  -.246257E+04  -.246255E+04  -.246247E+04
0.570213E-01  -.246093E+04  -.246091E+04  -.246083E+04
0.575331E-01  -.245930E+04  -.245928E+04  -.245921E+04
0.580494E-01  -.245769E+04  -.245767E+04  -.245759E+04
0.585704E-01  -.245609E+04  -.245606E+04  -.245599E+04
0.590960E-01  -.245450E+04  -.245447E+04  -.245440E+04
0.596264E-01  -.245292E+04  -.245290E+04  -.245282E+04
0.601615E-01  -.245135E+04  -.245133E+04  -.245125E+04
0.607014E-01  -.244980E+04  -.244978E+04  -.244970E+04
0.612462E-01  -.244826E+04  -.244823E+04  -.244815E+04
0.617958E-01  -.244673E+04  -.244670E+04  -.244662E+04
0.623504E-01  -.244521E+04  -.244518E+04  -.244510E+04
0.629100E-01  -.244370E+04  -.244367E+04  -.244359E+04
0.634746E-01  -.244220E+04  -.244217E+04  -.244209E+04
0.640442E-01  -.244071E+04  -.244069E+04  -.244060E+04
0.646190E-01  -.243924E+04  -.243921E+04  -.243913E+04
0.651989E-01  -.243777E+04  -.243775E+04  -.243766E+04
0.657840E-01  -.243632E+04  -.243629E+04  -.243621E+04
0.663744E-01  -.243487E+04  -.243485E+04  -.243476E+04
0.669701E-01  -.243344E+04  -.243341E+04  -.243333E+04
0.675711E-01  -.243201E+04  -.243199E+04  -.243190E+04
0.681775E-01  -.243060E+04  -.243057E+04  -.243049E+04
0.687894E-01  -.242920E+04  -.242917E+04  -.242908E+04
0.694067E-01  -.242780E+04  -.242777E+04  -.242769E+04
0.700296E-01  -.242642E+04  -.242639E+04  -.242630E+04
0.706581E-01  -.242504E+04  -.242501E+04  -.242492E+04
0.712922E-01  -.242367E+04  -.242365E+04  -.242356E+04
0.719320E-01  -.242232E+04  -.242229E+04  -.242220E+04
0.725776E-01  -.242097E+04  -.242094E+04  -.242085E+04
0.732289E-01  -.241963E+04  -.241960E+04  -.241951E+04
0.738861E-01  -.241830E+04  -.241827E+04  -.241818E+04
0.745492E-01  -.241698E+04  -.241695E+04  -.241686E+04
0.752182E-01  -.241566E+04  -.241564E+04  -.241554E+04
0.758933E-01  -.241436E+04  -.241433E+04  -.241424E+04
0.765744E-01  -.241306E+04  -.241304E+04  -.241294E+04
0.772616E-01  -.241177E+04  -.241175E+04  -.241165E+04
0.779550E-01  -.241049E+04  -.241047E+04  -.241037E+04
0.786546E-01  -.240922E+04  -.240919E+04  -.240910E+04
0.793605E-01  -.240796E+04  -.240793E+04  -.240783E+04
0.800727E-01  -.240670E+04  -.240667E+04  -.240657E+04
0.807913E-01  -.240545E+04  -.240542E+04  -.240532E+04
0.815164E-01  -.240421E+04  -.240418E+04  -.240408E+04
0.822480E-01  -.240297E+04  -.240295E+04  -.240284E+04
0.829861E-01  -.240174E+04  -.240172E+04  -.240161E+04
0.837308E-01  -.240052E+04  -.240050E+04  -.240039E+04
0.844823E-01  -.239931E+04  -.239928E+04  -.239918E+04
0.852405E-01  -.239810E+04  -.239807E+04  -.239797E+04
0.860054E-01  -.239690E+04  -.239687E+04  -.239677E+04
0.867773E-01  -.239570E+04  -.239568E+04  -.239557E+04
0.875561E-01  -.239451E+04  -.239449E+04  -.239438E+04
0.883419E-01  -.239333E+04  -.239331E+04  -.239320E+04
0.891347E-01  -.239215E+04  -.239213E+04  -.239202E+04
0.899346E-01  -.239098E+04  -.239096E+04  -.239085E+04
0.907418E-01  -.238982E+04  -.238979E+04  -.238969E+04
0.915561E-01  -.238866E+04  -.238864E+04  -.238853E+04
0.923778E-01  -.238751E+04  -.238748E+04  -.238737E+04
0.932068E-01  -.238636E+04  -.238633E+04  -.238622E+04
0.940433E-01  -.238522E+04  -.238519E+04  -.238508E+04
0.948873E-01  -.238408E+04  -.238405E+04  -.238394E+04
0.957388E-01  -.238295E+04  -.238292E+04  -.238281E+04
0.965981E-01  -.238182E+04  -.238180E+04  -.238168E+04
0.974650E-01  -.238070E+04  -.238067E+04  -.238056E+04
0.983397E-01  -.237958E+04  -.237955E+04  -.237944E+04
0.992222E-01  -.237846E+04  -.237844E+04  -.237833E+04
0.100113E+00  -.237735E+04  -.237733E+04  -.237722E+04
0.101011E+00  -.237625E+04  -.237623E+04  -.237611E+04
0.101918E+00  -.237515E+04  -.237513E+04  -.237501E+04
0.102832E+00  -.237405E+04  -.237403E+04  -.237391E+04
0.103755E+00  -.237296E+04  -.237294E+04  -.237282E+04
0.104686E+00  -.237187E+04  -.237185E+04  -.237173E+04
0.105626E+00  -.237078E+04  -.237076E+04  -.237064E+04
0.106574E+00  -.236970E+04  -.236968E+04  -.236956E+04
0.107530E+00  -.236862E+04  -.236860E+04  -.236848E+04
0.108495E+00  -.236755E+04  -.236753E+04  -.236741E+04
0.109469E+00  -.236647E+04  -.236645E+04  -.236633E+04
0.110451E+00  -.236540E+04  -.236538E+04  -.236526E+04
0.111443E+00  -.236434E+04  -.236432E+04  -.236420E+04
0.112443E+00  -.236327E+04  -.236325E+04  -.236313E+04
0.113452E+00  -.236221E+04  -.236219E+04  -.236207E+04
0.114470E+00  -.236115E+04  -.236113E+04  -.236101E+04
0.115497E+00  -.236009E+04  -.236008E+04  -.235995E+04
0.116534E+00  -.235904E+04  -.235902E+04  -.235890E+04
0.117580E+00  -.235799E+04  -.235797E+04  -.235784E+04
0.118635E+00  -.235694E+04  -.235692E+04  -.235679E+04
0.119700E+00  -.235589E+04  -.235587E+04  -.235574E+04
0.120774E+00  -.235484E+04  -.235482E+04  -.235469E+04
0.121858E+00  -.235379E+04  -.235378E+04  -.235365E+04
0.122951E+00  -.235275E+04  -.235273E+04  -.235260E+04
0.124055E+00  -.235170E+04  -.235169E+04  -.235156E+04
0.125168E+00  -.235066E+04  -.235065E+04  -.235052E+04
0.126291E+00  -.234962E+04  -.234961E+04  -.234947E+04
0.127425E+00  -.234858E+04  -.234857E+04  -.234843E+04
0.128568E+00  -.234754E+04  -.234753E+04  -.234739E+04
0.129722E+00  -.234650E+04  -.234649E+04  -.234635E+04
0.130886E+00  -.234546E+04  -.234545E+04  -.234531E+04
0.132061E+00  -.234442E+04  -.234441E+04  -.234427E+04
0.133246E+00  -.234338E+04  -.234337E+04  -.234323E+04
0.134442E+00  -.234234E+04  -.234233E+04  -.234220E+04
0.135649E+00  -.234130E+04  -.234129E+04  -.234116E+04
0.136866E+00  -.234026E+04  -.234025E+04  -.234012E+04
0.138094E+00  -.233922E+04  -.233921E+04  -.233908E+04
0.139334E+00  -.233818E+04  -.233817E+04  -.233803E+04
0.140584E+00  -.233714E+04  -.233713E+04  -.233699E+04
0.141846E+00  -.233610E+04  -.233609E+04  -.233595E+04
0.143119E+00  -.233505E+04  -.233505E+04  -.233491E+04
0.144403E+00  -.233401E+04  -.233400E+04  -.233386E+04
0.145699E+00  -.233296E+04  -.233296E+04  -.233281E+04
0.147007E+00  -.233192E+04  -.233191E+04  -.233177E+04
0.148326E+00  -.233087E+04  -.233086E+04  -.233072E+04
0.149657E+00  -.232981E+04  -.232981E+04  -.232967E+04
0.151000E+00  -.232876E+04  -.232876E+04  -.232861E+04
0.152355E+00  -.232771E+04  -.232770E+04  -.232756E+04
0.153723E+00  -.232665E+04  -.232665E+04  -.232650E+04
0.155102E+00  -.232559E+04  -.232559E+04  -.232544E+04
0.156494E+00  -.232453E+04  -.232452E+04  -.232438E+04
0.157899E+00  -.232346E+04  -.232346E+04  -.232331E+04
0.159316E+00  -.232239E+04  -.232239E+04  -.232224E+04
0.160746E+00  -.232132E+04  -.232132E+04  -.232117E+04
0.162188E+00  -.232025E+04  -.232025E+04  -.232010E+04
0.163644E+00  -.231917E+04  -.231917E+04  -.231902E+04
0.165112E+00  -.231809E+04  -.231809E+04  -.231794E+04
0.166594E+00  -.231700E+04  -.231701E+04  -.231685E+04
0.168089E+00  -.231591E+04  -.231592E+04  -.231576E+04
0.169598E+00  -.231482E+04  -.231483E+04  -.231467E+04
0.171120E+00  -.231372E+04  -.231373E+04  -.231357E+04
0.172656E+00  -.231262E+04  -.231263E+04  -.231247E+04
0.174205E+00  -.231151E+04  -.231152E+04  -.231136E+04
0.175768E+00  -.231040E+04  -.231041E+04  -.231025E+04
0.177346E+00  -.230929E+04  -.230930E+04  -.230914E+04
0.178937E+00  -.230817E+04  -.230818E+04  -.230802E+04
0.180543E+00  -.230704E+04  -.230705E+04  -.230689E+04
0.182164E+00  -.230591E+04  -.230592E+04  -.230576E+04
0.183798E+00  -.230478E+04  -.230479E+04  -.230462E+04
0.185448E+00  -.230363E+04  -.230365E+04  -.230348E+04
0.187112E+00  -.230249E+04  -.230250E+04  -.230233E+04
0.188791E+00  -.230133E+04  -.230135E+04  -.230118E+04
0.190486E+00  -.230017E+04  -.230019E+04  -.230002E+04
0.192195E+00  -.229901E+04  -.229902E+04  -.229885E+04
0.193920E+00  -.229784E+04  -.229785E+04  -.229768E+04
0.195661E+00  -.229666E+04  -.229667E+04  -.229650E+04
0.197416E+00  -.229547E+04  -.229549E+04  -.229532E+04
0.199188E+00  -.229428E+04  -.229430E+04  -.229412E+04
0.200976E+00  -.229308E+04  -.229310E+04  -.229292E+04
0.202779E+00  -.229187E+04  -.229189E+04  -.229172E+04
0.204599E+00  -.229066E+04  -.229068E+04  -.229050E+04
0.206435E+00  -.228944E+04  -.228946E+04  -.228928E+04
0.208288E+00  -.228820E+04  -.228823E+04  -.228805E+04
0.210157E+00  -.228697E+04  -.228699E+04  -.228681E+04
0.212043E+00  -.228572E+04  -.228574E+04  -.228557E+04
0.213946E+00  -.228447E+04  -.228449E+04  -.228431E+04
0.215866E+00  -.228320E+04  -.228323E+04  -.228305E+04
0.217804E+00  -.228193E+04  -.228196E+04  -.228178E+04
0.219758E+00  -.228065E+04  -.228068E+04  -.228050E+04
0.221731E+00  -.227936E+04  -.227939E+04  -.227921E+04
0.223721E+00  -.227806E+04  -.227809E+04  -.227791E+04
0.225728E+00  -.227676E+04  -.227679E+04  -.227660E+04
0.227754E+00  -.227544E+04  -.227547E+04  -.227528E+04
0.229798E+00  -.227411E+04  -.227414E+04  -.227396E+04
0.231860E+00  -.227278E+04  -.227281E+04  -.227262E+04
0.233941E+00  -.227143E+04  -.227146E+04  -.227127E+04
0.236041E+00  -.227007E+04  -.227011E+04  -.226992E+04
0.238159E+00  -.226871E+04  -.226874E+04  -.226855E+04
0.240297E+00  -.226733E+04  -.226736E+04  -.226717E+04
0.242453E+00  -.226594E+04  -.226598E+04  -.226578E+04
0.244629E+00  -.226454E+04  -.226458E+04  -.226438E+04
0.246824E+00  -.226313E+04  -.226317E+04  -.226297E+04
0.249039E+00  -.226171E+04  -.226175E+04  -.226155E+04
0.251274E+00  -.226028E+04  -.226032E+04  -.226012E+04
0.253529E+00  -.225883E+04  -.225887E+04  -.225868E+04
0.255805E+00  -.225738E+04  -.225742E+04  -.225722E+04
0.258101E+00  -.225591E+04  -.225595E+04  -.225575E+04
0.260417E+00  -.225443E+04  -.225447E+04  -.225427E+04
0.262754E+00  -.225294E+04  -.225298E+04  -.225278E+04
0.265112E+00  -.225143E+04  -.225148E+04  -.225128E+04
0.267491E+00  -.224992E+04  -.224996E+04  -.224976E+04
0.269892E+00  -.224839E+04  -.224843E+04  -.224823E+04
0.272314E+00  -.224684E+04  -.224689E+04  -.224669E+04
0.274758E+00  -.224529E+04  -.224534E+04  -.224513E+04
0.277224E+00  -.224372E+04  -.224377E+04  -.224357E+04
0.279712E+00  -.224214E+04  -.224219E+04  -.224198E+04
0.282222E+00  -.224055E+04  -.224060E+04  -.224039E+04
0.284755E+00  -.223894E+04  -.223899E+04  -.223878E+04
0.287310E+00  -.223732E+04  -.223737E+04  -.223716E+04
0.289889E+00  -.223568E+04  -.223573E+04  -.223552E+04
0.292490E+00  -.223403E+04  -.223408E+04  -.223387E+04
0.295115E+00  -.223236E+04  -.223242E+04  -.223221E+04
0.297764E+00  -.223069E+04  -.223074E+04  -.223053E+04
0.300436E+00  -.222899E+04  -.222905E+04  -.222884E+04
0.303132E+00  -.222729E+04  -.222735E+04  -.222713E+04
0.305853E+00  -.222556E+04  -.222562E+04  -.222541E+04
0.308598E+00  -.222383E+04  -.222389E+04  -.222367E+04
0.311367E+00  -.222208E+04  -.222214E+04  -.222192E+04
0.314161E+00  -.222031E+04  -.222037E+04  -.222015E+04
0.316981E+00  -.221853E+04  -.221859E+04  -.221837E+04
0.319826E+00  -.221673E+04  -.221679E+04  -.221657E+04
0.322696E+00  -.221492E+04  -.221498E+04  -.221476E+04
0.325592E+00  -.221309E+04  -.221315E+04  -.221293E+04
0.328514E+00  -.221124E+04  -.221131E+04  -.221109E+04
0.331462E+00  -.220938E+04  -.220945E+04  -.220923E+04
0.334437E+00  -.220750E+04  -.220757E+04  -.220735E+04
0.337438E+00  -.220561E+04  -.220568E+04  -.220546E+04
0.340467E+00  -.220370E+04  -.220377E+04  -.220355E+04
0.343522E+00  -.220178E+04  -.220185E+04  -.220162E+04
0.346605E+00  -.219984E+04  -.219991E+04  -.219968E+04
0.349716E+00  -.219788E+04  -.219795E+04  -.219772E+04
0.352854E+00  -.219590E+04  -.219598E+04  -.219575E+04
0.356021E+00  -.219391E+04  -.219398E+04  -.219376E+04
0.359216E+00  -.219190E+04  -.219198E+04  -.219175E+04
0.362440E+00  -.218988E+04  -.218995E+04  -.218972E+04
0.365693E+00  -.218783E+04  -.218791E+04  -.218768E+04
0.368975E+00  -.218577E+04  -.218585E+04  -.218562E+04
0.372286E+00  -.218369E+04  -.218377E+04  -.218354E+04
0.375627E+00  -.218160E+04  -.218168E+04  -.218145E+04
0.378998E+00  -.217949E+04  -.217957E+04  -.217933E+04
0.382399E+00  -.217736E+04  -.217744E+04  -.217721E+04
0.385831E+00  -.217521E+04  -.217529E+04  -.217506E+04
0.389294E+00  -.217305E+04  -.217313E+04  -.217289E+04
0.392787E+00  -.217086E+04  -.217095E+04  -.217071E+04
0.396313E+00  -.216866E+04  -.216875E+04  -.216851E+04
0.399869E+00  -.216645E+04  -.216653E+04  -.216629E+04
0.403458E+00  -.216421E+04  -.216430E+04  -.216406E+04
0.407079E+00  -.216196E+04  -.216204E+04  -.216180E+04
0.410732E+00  -.215969E+04  -.215977E+04  -.215953E+04
0.414418E+00  -.215740E+04  -.215748E+04  -.215724E+04
0.418137E+00  -.215509E+04  -.215518E+04  -.215493E+04
0.421890E+00  -.215276E+04  -.215285E+04  -.215261E+04
0.425676E+00  -.215042E+04  -.215051E+04  -.215026E+04
0.429496E+00  -.214806E+04  -.214815E+04  -.214790E+04
0.433351E+00  -.214567E+04  -.214577E+04  -.214552E+04
0.437240E+00  -.214328E+04  -.214337E+04  -.214312E+04
0.441164E+00  -.214086E+04  -.214095E+04  -.214071E+04
0.445123E+00  -.213842E+04  -.213851E+04  -.213827E+04
0.449118E+00  -.213597E+04  -.213606E+04  -.213582E+04
0.453149E+00  -.213350E+04  -.213359E+04  -.213334E+04
0.457215E+00  -.213101E+04  -.213110E+04  -.213085E+04
0.461319E+00  -.212850E+04  -.212859E+04  -.212834E+04
0.465459E+00  -.212597E+04  -.212606E+04  -.212582E+04
0.469636E+00  -.212342E+04  -.212352E+04  -.212327E+04
0.473851E+00  -.212086E+04  -.212096E+04  -.212071E+04
0.478103E+00  -.211827E+04  -.211837E+04  -.211812E+04
0.482394E+00  -.211567E+04  -.211577E+04  -.211552E+04
0.486723E+00  -.211305E+04  -.211315E+04  -.211290E+04
0.491091E+00  -.211042E+04  -.211052E+04  -.211027E+04
0.495499E+00  -.210776E+04  -.210786E+04  -.210761E+04
0.499945E+00  -.210509E+04  -.210519E+04  -.210493E+04
0.504432E+00  -.210239E+04  -.210249E+04  -.210224E+04
0.508959E+00  -.209968E+04  -.209978E+04  -.209953E+04
0.513527E+00  -.209695E+04  -.209705E+04  -.209680E+04
0.518136E+00  -.209420E+04  -.209431E+04  -.209405E+04
0.522785E+00  -.209144E+04  -.209154E+04  -.209129E+04
0.527477E+00  -.208865E+04  -.208876E+04  -.208850E+04
0.532211E+00  -.208585E+04  -.208595E+04  -.208570E+04
0.536988E+00  -.208303E+04  -.208314E+04  -.208288E+04
0.541807E+00  -.208019E+04  -.208030E+04  -.208004E+04
0.546669E+00  -.207734E+04  -.207744E+04  -.207719E+04
0.551575E+00  -.207446E+04  -.207457E+04  -.207431E+04
0.556526E+00  -.207157E+04  -.207168E+04  -.207142E+04
0.561520E+00  -.206866E+04  -.206877E+04  -.206851E+04
0.566559E+00  -.206573E+04  -.206584E+04  -.206558E+04
0.571644E+00  -.206279E+04  -.206289E+04  -.206264E+04
0.576774E+00  -.205983E+04  -.205993E+04  -.205968E+04
0.581950E+00  -.205684E+04  -.205695E+04  -.205669E+04
0.587173E+00  -.205385E+04  -.205395E+04  -.205370E+04
0.592443E+00  -.205083E+04  -.205094E+04  -.205068E+04
0.597759E+00  -.204780E+04  -.204791E+04  -.204765E+04
0.603124E+00  -.204475E+04  -.204486E+04  -.204460E+04
0.608537E+00  -.204168E+04  -.204179E+04  -.204153E+04
0.613998E+00  -.203860E+04  -.203871E+04  -.203845E+04
0.619508E+00  -.203550E+04  -.203561E+04  -.203535E+04
0.625068E+00  -.203238E+04  -.203249E+04  -.203223E+04
0.630678E+00  -.202924E+04  -.202935E+04  -.202910E+04
0.636338E+00  -.202609E+04  -.202620E+04  -.202594E+04
0.642049E+00  -.202292E+04  -.202303E+04  -.202278E+04
0.647810E+00  -.201974E+04  -.201985E+04  -.201959E+04
0.653624E+00  -.201654E+04  -.201665E+04  -.201639E+04
0.659490E+00  -.201332E+04  -.201343E+04  -.201318E+04
0.665409E+00  -.201009E+04  -.201020E+04  -.200994E+04
0.671381E+00  -.200684E+04  -.200695E+04  -.200669E+04
0.677406E+00  -.200357E+04  -.200368E+04  -.200342E+04
0.683485E+00  -.200029E+04  -.200040E+04  -.200014E+04
0.689620E+00  -.199699E+04  -.199711E+04  -.199685E+04
0.695808E+00  -.199368E+04  -.199379E+04  -.199353E+04
0.702052E+00  -.199035E+04  -.199046E+04  -.199021E+04
0.708353E+00  -.198701E+04  -.198712E+04  -.198686E+04
0.714710E+00  -.198365E+04  -.198376E+04  -.198350E+04
0.721125E+00  -.198028E+04  -.198039E+04  -.198013E+04
0.727596E+00  -.197689E+04  -.197700E+04  -.197674E+04
0.734126E+00  -.197348E+04  -.197359E+04  -.197333E+04
0.740714E+00  -.197006E+04  -.197017E+04  -.196991E+04
0.747362E+00  -.196663E+04  -.196674E+04  -.196648E+04
0.754069E+00  -.196318E+04  -.196329E+04  -.196303E+04
0.760837E+00  -.195972E+04  -.195983E+04  -.195957E+04
0.767665E+00  -.195624E+04  -.195635E+04  -.195609E+04
0.774554E+00  -.195274E+04  -.195286E+04  -.195260E+04
0.781505E+00  -.194924E+04  -.194935E+04  -.194909E+04
0.788519E+00  -.194572E+04  -.194583E+04  -.194557E+04
0.795596E+00  -.194219E+04  -.194230E+04  -.194204E+04
0.802735E+00  -.193864E+04  -.193875E+04  -.193849E+04
0.809940E+00  -.193507E+04  -.193519E+04  -.193493E+04
0.817208E+00  -.193150E+04  -.193161E+04  -.193135E+04
0.824543E+00  -.192791E+04  -.192803E+04  -.192777E+04
0.831942E+00  -.192431E+04  -.192443E+04  -.192417E+04
0.839409E+00  -.192070E+04  -.192081E+04  -.192055E+04
0.846942E+00  -.191707E+04  -.191718E+04  -.191693E+04
0.854543E+00  -.191343E+04  -.191354E+04  -.191328E+04
0.862212E+00  -.190978E+04  -.190989E+04  -.190963E+04
0.869949E+00  -.190611E+04  -.190623E+04  -.190597E+04
0.877757E+00  -.190243E+04  -.190255E+04  -.190229E+04
0.885634E+00  -.189874E+04  -.189886E+04  -.189860E+04
0.893583E+00  -.189504E+04  -.189515E+04  -.189489E+04
0.901602E+00  -.189132E+04  -.189144E+04  -.189118E+04
0.909694E+00  -.188760E+04  -.188771E+04  -.188746E+04
0.917857E+00  -.188386E+04  -.188398E+04  -.188372E+04
0.926095E+00  -.188011E+04  -.188023E+04  -.187997E+04
0.934406E+00  -.187635E+04  -.187646E+04  -.187620E+04
0.942792E+00  -.187257E+04  -.187269E+04  -.187243E+04
0.951253E+00  -.186879E+04  -.186891E+04  -.186865E+04
0.959790E+00  -.186500E+04  -.186511E+04  -.186485E+04
0.968404E+00  -.186119E+04  -.186131E+04  -.186105E+04
0.977094E+00  -.185737E+04  -.185749E+04  -.185723E+04
0.985864E+00  -.185354E+04  -.185366E+04  -.185340E+04
0.994711E+00  -.184971E+04  -.184982E+04  -.184956E+04
0.100364E+01  -.184586E+04  -.184597E+04  -.184572E+04
0.101265E+01  -.184200E+04  -.184211E+04  -.184186E+04
0.102173E+01  -.183813E+04  -.183824E+04  -.183799E+04
0.103090E+01  -.183424E+04  -.183436E+04  -.183410E+04
0.104015E+01  -.183036E+04  -.183047E+04  -.183022E+04
0.104949E+01  -.182646E+04  -.182657E+04  -.182632E+04
0.105891E+01  -.182255E+04  -.182266E+04  -.182241E+04
0.106841E+01  -.181863E+04  -.181874E+04  -.181849E+04
0.107800E+01  -.181470E+04  -.181481E+04  -.181456E+04
0.108767E+01  -.181076E+04  -.181087E+04  -.181062E+04
0.109744E+01  -.180681E+04  -.180693E+04  -.180668E+04
0.110728E+01  -.180286E+04  -.180297E+04  -.180272E+04
0.111722E+01  -.179889E+04  -.179901E+04  -.179875E+04
0.112725E+01  -.179491E+04  -.179503E+04  -.179478E+04
0.113736E+01  -.179093E+04  -.179105E+04  -.179079E+04
0.114757E+01  -.178694E+04  -.178706E+04  -.178680E+04
0.115787E+01  -.178294E+04  -.178306E+04  -.178280E+04
0.116826E+01  -.177893E+04  -.177905E+04  -.177879E+04
0.117875E+01  -.177491E+04  -.177503E+04  -.177478E+04
0.118933E+01  -.177089E+04  -.177100E+04  -.177075E+04
0.120000E+01  -.176685E+04  -.176697E+04  -.176672E+04
0.000000E+00  0.210505E+04
0.100000E+00  0.210505E+04
0.200000E+00  0.210505E+04
0.300000E+00  0.210505E+04
0.400000E+00  0.210505E+04
0.500000E+00  0.210505E+04
0.600000E+00  0.210505E+04
0.700000E+00  0.210505E+04
0.800000E+00  0.210505E+04
0.900000E+00  0.210505E+04
0.100000E+01  0.210505E+04
0.110000E+01  0.210505E+04
0.120000E+01  0.210505E+04
0.130000E+01  0.210505E+04
0.140000E+01  0.210505E+04
0.150000E+01  0.210505E+04
0.160000E+01  0.210505E+04
0.170000E+01  0.210505E+04
0.180000E+01  0.210505E+04
0.190000E+01  0.210505E+04
0.200000E+01  0.210505E+04
0.210000E+01  0.210505E+04
0.220000E+01  0.210505E+04
0.230000E+01  0.210505E+04
0.240000E+01  0.210505E+04
0.250000E+01  0.210505E+04
0.260000E+01  0.210505E+04
0.270000E+01  0.210505E+04
0.280000E+01  0.210505E+04
0.290000E+01  0.210505E+04
0.300000E+01  0.210505E+04
0.310000E+01  0.210505E+04
0.320000E+01  0.210505E+04
0.330000E+01  0.210505E+04
0.340000E+01  0.210505E+04
0.350000E+01  0.210506E+04
0.360000E+01  0.210506E+04
0.370000E+01  0.210506E+04
0.380000E+01  0.210506E+04
0.390000E+01  0.210506E+04
0.400000E+01  0.210506E+04
0.410000E+01  0.210506E+04
0.420000E+01  0.210506E+04
0.430000E+01  0.210506E+04
0.440000E+01  0.210506E+04
0.450000E+01  0.210506E+04
0.460000E+01  0.210506E+04
0.470000E+01  0.210506E+04
0.480000E+01  0.210506E+04
0.490000E+01  0.210506E+04
0.500000E+01  0.210506E+04
0.510000E+01  0.210506E+04
0.520000E+01  0.210506E+04
0.530000E+01  0.210506E+04
0.540000E+01  0.210506E+04
0.550000E+01  0.210506E+04
0.560000E+01  0.210506E+04
0.570000E+01  0.210506E+04
0.580000E+01  0.210506E+04
0.590000E+01  0.210506E+04
0.600000E+01  0.210506E+04
0.610000E+01  0.210506E+04
0.620000E+01  0.210506E+04
0.630000E+01  0.210506E+04
0.640000E+01  0.210506E+04
0.650000E+01  0.210506E+04
0.660000E+01  0.210506E+04
0.670000E+01  0.210506E+04
0.680000E+01  0.210506E+04
0.690000E+01  0.210506E+04
0.700000E+01  0.210506E+04
0.710000E+01  0.210506E+04
0.720000E+01  0.210506E+04
0.730000E+01  0.210506E+04
0.740000E+01  0.210506E+04
0.750000E+01  0.210506E+04
0.760000E+01  0.210506E+04
0.770000E+01  0.210506E+04
0.780000E+01  0.210506E+04
0.790000E+01  0.210506E+04
0.800000E+01  0.210507E+04
0.810000E+01  0.210507E+04
0.820000E+01  0.210507E+04
0.830000E+01  0.210507E+04
0.840000E+01  0.210507E+04
0.850000E+01  0.210507E+04
0.860000E+01  0.210507E+04
0.870000E+01  0.210507E+04
0.880000E+01  0.210507E+04
0.890000E+01  0.210507E+04
0.900000E+01  0.210507E+04
0.910000E+01  0.210507E+04
0.920000E+01  0.210507E+04
0.930000E+01  0.210507E+04
0.940000E+01  0.210507E+04
0.950000E+01  0.210507E+04
0.960000E+01  0.210507E+04
0.970000E+01  0.210507E+04
0.980000E+01  0.210507E+04
0.990000E+01  0.210507E+04
0.100000E+02  0.210507E+04
0.101000E+02  0.210507E+04
0.102000E+02  0.210507E+04
0.103000E+02  0.210507E+04
0.104000E+02  0.210507E+04
0.105000E+02  0.210507E+04
0.106000E+02  0.210507E+04
0.107000E+02  0.210507E+04
0.108000E+02  0.210507E+04
0.109000E+02  0.210508E+04
0.110000E+02  0.210508E+04
0.111000E+02  0.210508E+04
0.112000E+02  0.210508E+04
0.113000E+02  0.210508E+04
0.114000E+02  0.210508E+04
0.115000E+02  0.210508E+04
0.116000E+02  0.210508E+04
0.117000E+02  0.210508E+04
0.118000E+02  0.210508E+04
0.119000E+02  0.210508E+04
0.120000E+02  0.210508E+04
0.121000E+02  0.210508E+04
0.122000E+02  0.210508E+04
0.123000E+02  0.210508E+04
0.124000E+02  0.210508E+04
0.125000E+02  0.210508E+04
0.126000E+02  0.210508E+04
0.127000E+02  0.210508E+04
0.128000E+02  0.210508E+04
0.129000E+02  0.210508E+04
0.130000E+02  0.210508E+04
0.131000E+02  0.210508E+04
0.132000E+02  0.210508E+04
0.133000E+02  0.210508E+04
0.134000E+02  0.210508E+04
0.135000E+02  0.210509E+04
0.136000E+02  0.210509E+04
0.137000E+02  0.210509E+04
0.138000E+02  0.210509E+04
0.139000E+02  0.210509E+04
0.140000E+02  0.210509E+04
0.141000E+02  0.210509E+04
0.142000E+02  0.210509E+04
0.143000E+02  0.210509E+04
0.144000E+02  0.210509E+04
0.145000E+02  0.210509E+04
0.146000E+02  0.210509E+04
0.147000E+02  0.210509E+04
0.148000E+02  0.210509E+04
0.149000E+02  0.210509E+04
0.150000E+02  0.210509E+04
0.151000E+02  0.210509E+04
0.152000E+02  0.210509E+04
0.153000E+02  0.210509E+04
0.154000E+02  0.210509E+04
0.155000E+02  0.210509E+04
0.156000E+02  0.210509E+04
0.157000E+02  0.210510E+04
0.158000E+02  0.210510E+04
0.159000E+02  0.210510E+04
0.160000E+02  0.210510E+04
0.161000E+02  0.210510E+04
0.162000E+02  0.210510E+04
0.163000E+02  0.210510E+04
0.164000E+02  0.210510E+04
0.165000E+02  0.210510E+04
0.166000E+02  0.210510E+04
0.167000E+02  0.210510E+04
0.168000E+02  0.210510E+04
0.169000E+02  0.210510E+04
0.170000E+02  0.210510E+04
0.171000E+02  0.210510E+04
0.172000E+02  0.210510E+04
0.173000E+02  0.210510E+04
0.174000E+02  0.210510E+04
0.175000E+02  0.210510E+04
0.176000E+02  0.210510E+04
0.177000E+02  0.210510E+04
0.178000E+02  0.210511E+04
0.179000E+02  0.210511E+04
0.180000E+02  0.210511E+04
0.181000E+02  0.210511E+04
0.182000E+02  0.210511E+04
0.183000E+02  0.210511E+04
0.184000E+02  0.210511E+04
0.185000E+02  0.210511E+04
0.186000E+02  0.210511E+04
0.187000E+02  0.210511E+04
0.188000E+02  0.210511E+04
0.189000E+02  0.210511E+04
0.190000E+02  0.210511E+04
0.191000E+02  0.210511E+04
0.192000E+02  0.210511E+04
0.193000E+02  0.210511E+04
0.194000E+02  0.210511E+04
0.195000E+02  0.210511E+04
0.196000E+02  0.210511E+04
0.197000E+02  0.210511E+04
0.198000E+02  0.210511E+04
0.199000E+02  0.210512E+04
0.200000E+02  0.210512E+04
0.201000E+02  0.210512E+04
0.202000E+02  0.210512E+04
0.203000E+02  0.210512E+04
0.204000E+02  0.210512E+04
0.205000E+02  0.210512E+04
0.206000E+02  0.210512E+04
0.207000E+02  0.210512E+04
0.208000E+02  0.210512E+04
0.209000E+02  0.210512E+04
0.210000E+02  0.210512E+04
0.211000E+02  0.210512E+04
0.212000E+02  0.210512E+04
0.213000E+02  0.210512E+04
0.214000E+02  0.210512E+04
0.215000E+02  0.210512E+04
0.216000E+02  0.210512E+04
0.217000E+02  0.210512E+04
0.218000E+02  0.210512E+04
0.219000E+02  0.210512E+04
0.220000E+02  0.210512E+04
0.221000E+02  0.210513E+04
0.222000E+02  0.210513E+04
0.223000E+02  0.210513E+04
0.224000E+02  0.210513E+04
0.225000E+02  0.210513E+04
0.226000E+02  0.210513E+04
0.227000E+02  0.210513E+04
0.228000E+02  0.210513E+04
0.229000E+02  0.210513E+04
0.230000E+02  0.210513E+04
0.231000E+02  0.210513E+04
0.232000E+02  0.210513E+04
0.233000E+02  0.210513E+04
0.234000E+02  0.210513E+04
0.235000E+02  0.210513E+04
0.236000E+02  0.210513E+04
0.237000E+02  0.210513E+04
0.238000E+02  0.210513E+04
0.239000E+02  0.210513E+04
0.240000E+02  0.210513E+04
0.241000E+02  0.210513E+04
0.242000E+02  0.210513E+04
0.243000E+02  0.210513E+04
0.244000E+02  0.210514E+04
0.245000E+02  0.210514E+04
0.246000E+02  0.210514E+04
0.247000E+02  0.210514E+04
0.248000E+02  0.210514E+04
0.249000E+02  0.210514E+04
0.250000E+02  0.210514E+04
0.251000E+02  0.210514E+04
0.252000E+02  0.210514E+04
0.253000E+02  0.210514E+04
0.254000E+02  0.210514E+04
0.255000E+02  0.210514E+04
0.256000E+02  0.210514E+04
0.257000E+02  0.210514E+04
0.258000E+02  0.210514E+04
0.259000E+02  0.210514E+04
0.260000E+02  0.210514E+04
0.261000E+02  0.210514E+04
0.262000E+02  0.210514E+04
0.263000E+02  0.210514E+04
0.264000E+02  0.210514E+04
0.265000E+02  0.210514E+04
0.266000E+02  0.210514E+04
0.267000E+02  0.210514E+04
0.268000E+02  0.210514E+04
0.269000E+02  0.210514E+04
0.270000E+02  0.210514E+04
0.271000E+02  0.210514E+04
0.272000E+02  0.210515E+04
0.273000E+02  0.210515E+04
0.274000E+02  0.210515E+04
0.275000E+02  0.210515E+04
0.276000E+02  0.210515E+04
0.277000E+02  0.210515E+04
0.278000E+02  0.210515E+04
0.279000E+02  0.210515E+04
0.280000E+02  0.210515E+04
0.281000E+02  0.210515E+04
0.282000E+02  0.210515E+04
0.283000E+02  0.210515E+04
0.284000E+02  0.210515E+04
0.285000E+02  0.210515E+04
0.286000E+02  0.210515E+04
0.287000E+02  0.210515E+04
0.288000E+02  0.210515E+04
0.289000E+02  0.210515E+04
0.290000E+02  0.210515E+04
0.291000E+02  0.210515E+04
0.292000E+02  0.210515E+04
0.293000E+02  0.210515E+04
0.294000E+02  0.210515E+04
0.295000E+02  0.210515E+04
0.296000E+02  0.210515E+04
0.297000E+02  0.210515E+04
0.298000E+02  0.210515E+04
0.299000E+02  0.210515E+04
0.300000E+02  0.210515E+04
0.301000E+02  0.210515E+04
0.302000E+02  0.210515E+04
0.303000E+02  0.210515E+04
0.304000E+02  0.210515E+04
0.305000E+02  0.210515E+04
0.306000E+02  0.210515E+04
0.307000E+02  0.210515E+04
0.308000E+02  0.210515E+04
0.309000E+02  0.210515E+04
0.310000E+02  0.210515E+04
0.311000E+02  0.210515E+04
0.312000E+02  0.210515E+04
0.313000E+02  0.210515E+04
0.314000E+02  0.210516E+04
0.315000E+02  0.210516E+04
0.316000E+02  0.210516E+04
0.317000E+02  0.210516E+04
0.318000E+02  0.210516E+04
0.319000E+02  0.210516E+04
0.320000E+02  0.210516E+04
0.321000E+02  0.210516E+04
0.322000E+02  0.210516E+04
0.323000E+02  0.210516E+04
0.324000E+02  0.210516E+04
0.325000E+02  0.210516E+04
0.326000E+02  0.210516E+04
0.327000E+02  0.210516E+04
0.328000E+02  0.210516E+04
0.329000E+02  0.210516E+04
0.330000E+02  0.210516E+04
0.331000E+02  0.210516E+04
0.332000E+02  0.210516E+04
0.333000E+02  0.210516E+04
0.334000E+02  0.210516E+04
0.335000E+02  0.210516E+04
0.336000E+02  0.210516E+04
0.337000E+02  0.210516E+04
0.338000E+02  0.210516E+04
0.339000E+02  0.210516E+04
0.340000E+02  0.210516E+04
0.341000E+02  0.210516E+04
0.342000E+02  0.210516E+04
0.343000E+02  0.210516E+04
0.344000E+02  0.210516E+04
0.345000E+02  0.210516E+04
0.346000E+02  0.210516E+04
0.347000E+02  0.210516E+04
0.348000E+02  0.210516E+04
0.349000E+02  0.210516E+04
0.350000E+02  0.210516E+04
0.351000E+02  0.210516E+04
0.352000E+02  0.210516E+04
0.353000E+02  0.210516E+04
0.354000E+02  0.210516E+04
0.355000E+02  0.210516E+04
0.356000E+02  0.210516E+04
0.357000E+02  0.210516E+04
0.358000E+02  0.210516E+04
0.359000E+02  0.210516E+04
0.360000E+02  0.210516E+04
0.361000E+02  0.210516E+04
0.362000E+02  0.210516E+04
0.363000E+02  0.210516E+04
0.364000E+02  0.210516E+04
0.365000E+02  0.210516E+04
0.366000E+02  0.210516E+04
0.367000E+02  0.210516E+04
0.368000E+02  0.210516E+04
0.369000E+02  0.210516E+04
0.370000E+02  0.210515E+04
0.371000E+02  0.210515E+04
0.372000E+02  0.210515E+04
0.373000E+02  0.210515E+04
0.374000E+02  0.210515E+04
0.375000E+02  0.210515E+04
0.376000E+02  0.210515E+04
0.377000E+02  0.210515E+04
0.378000E+02  0.210515E+04
0.379000E+02  0.210515E+04
0.380000E+02  0.210515E+04
0.381000E+02  0.210515E+04
0.382000E+02  0.210515E+04
0.383000E+02  0.210515E+04
0.384000E+02  0.210515E+04
0.385000E+02  0.210515E+04
0.386000E+02  0.210515E+04
0.387000E+02  0.210515E+04
0.388000E+02  0.210515E+04
0.389000E+02  0.210515E+04
0.390000E+02  0.210515E+04
0.391000E+02  0.210515E+04
0.392000E+02  0.210515E+04
0.393000E+02  0.210515E+04
0.394000E+02  0.210515E+04
0.395000E+02  0.210515E+04
0.396000E+02  0.210515E+04
0.397000E+02  0.210515E+04
0.398000E+02  0.210515E+04
0.399000E+02  0.210515E+04
0.400000E+02  0.210515E+04
0.401000E+02  0.210515E+04
0.402000E+02  0.210515E+04
0.403000E+02  0.210515E+04
0.404000E+02  0.210515E+04
0.405000E+02  0.210515E+04
0.406000E+02  0.210514E+04
0.407000E+02  0.210514E+04
0.408000E+02  0.210514E+04
0.409000E+02  0.210514E+04
0.410000E+02  0.210514E+04
0.411000E+02  0.210514E+04
0.412000E+02  0.210514E+04
0.413000E+02  0.210514E+04
0.414000E+02  0.210514E+04
0.415000E+02  0.210514E+04
0.416000E+02  0.210514E+04
0.417000E+02  0.210514E+04
0.418000E+02  0.210514E+04
0.419000E+02  0.210514E+04
0.420000E+02  0.210514E+04
0.421000E+02  0.210514E+04
0.422000E+02  0.210514E+04
0.423000E+02  0.210514E+04
0.424000E+02  0.210514E+04
0.425000E+02  0.210514E+04
0.426000E+02  0.210514E+04
0.427000E+02  0.210514E+04
0.428000E+02  0.210513E+04
0.429000E+02  0.210513E+04
0.430000E+02  0.210513E+04
0.431000E+02  0.210513E+04
0.432000E+02  0.210513E+04
0.433000E+02  0.210513E+04
0.434000E+02  0.210513E+04
0.435000E+02  0.210513E+04
0.436000E+02  0.210513E+04
0.437000E+02  0.210513E+04
0.438000E+02  0.210513E+04
0.439000E+02  0.210513E+04
0.440000E+02  0.210513E+04
0.441000E+02  0.210513E+04
0.442000E+02  0.210513E+04
0.443000E+02  0.210513E+04
0.444000E+02  0.210513E+04
0.445000E+02  0.210512E+04
0.446000E+02  0.210512E+04
0.447000E+02  0.210512E+04
0.448000E+02  0.210512E+04
0.449000E+02  0.210512E+04
0.450000E+02  0.210512E+04
0.451000E+02  0.210512E+04
0.452000E+02  0.210512E+04
0.453000E+02  0.210512E+04
0.454000E+02  0.210512E+04
0.455000E+02  0.210512E+04
0.456000E+02  0.210512E+04
0.457000E+02  0.210512E+04
0.458000E+02  0.210512E+04
0.459000E+02  0.210512E+04
0.460000E+02  0.210511E+04
0.461000E+02  0.210511E+04
0.462000E+02  0.210511E+04
0.463000E+02  0.210511E+04
0.464000E+02  0.210511E+04
0.465000E+02  0.210511E+04
0.466000E+02  0.210511E+04
0.467000E+02  0.210511E+04
0.468000E+02  0.210511E+04
0.469000E+02  0.210511E+04
0.470000E+02  0.210511E+04
0.471000E+02  0.210511E+04
0.472000E+02  0.210510E+04
0.473000E+02  0.210510E+04
0.474000E+02  0.210510E+04
0.475000E+02  0.210510E+04
0.476000E+02  0.210510E+04
0.477000E+02  0.210510E+04
0.478000E+02  0.210510E+04
0.479000E+02  0.210510E+04
0.480000E+02  0.210510E+04
0.481000E+02  0.210510E+04
0.482000E+02  0.210510E+04
0.483000E+02  0.210510E+04
0.484000E+02  0.210509E+04
0.485000E+02  0.210509E+04
0.486000E+02  0.210509E+04
0.487000E+02  0.210509E+04
0.488000E+02  0.210509E+04
0.489000E+02  0.210509E+04
0.490000E+02  0.210509E+04
0.491000E+02  0.210509E+04
0.492000E+02  0.210509E+04
0.493000E+02  0.210509E+04
0.494000E+02  0.210509E+04
0.495000E+02  0.210508E+04
0.496000E+02  0.210508E+04
0.497000E+02  0.210508E+04
0.498000E+02  0.210508E+04
0.499000E+02  0.210508E+04
0.500000E+02  0.210508E+04
0.501000E+02  0.210508E+04
0.502000E+02  0.210508E+04
0.503000E+02  0.210508E+04
0.504000E+02  0.210508E+04
0.505000E+02  0.210508E+04
0.506000E+02  0.210507E+04
0.507000E+02  0.210507E+04
0.508000E+02  0.210507E+04
0.509000E+02  0.210507E+04
0.510000E+02  0.210507E+04
0.511000E+02  0.210507E+04
0.512000E+02  0.210507E+04
0.513000E+02  0.210507E+04
0.514000E+02  0.210507E+04
0.515000E+02  0.210506E+04
0.516000E+02  0.210506E+04
0.517000E+02  0.210506E+04
0.518000E+02  0.210506E+04
0.519000E+02  0.210506E+04
0.520000E+02  0.210506E+04
0.521000E+02  0.210506E+04
0.522000E+02  0.210506E+04
0.523000E+02  0.210506E+04
0.524000E+02  0.210506E+04
0.525000E+02  0.210505E+04
0.526000E+02  0.210505E+04
0.527000E+02  0.210505E+04
0.528000E+02  0.210505E+04
0.529000E+02  0.210505E+04
0.530000E+02  0.210505E+04
0.531000E+02  0.210505E+04
0.532000E+02  0.210505E+04
0.533000E+02  0.210505E+04
0.534000E+02  0.210504E+04
0.535000E+02  0.210504E+04
0.536000E+02  0.210504E+04
0.537000E+02  0.210504E+04
0.538000E+02  0.210504E+04
0.539000E+02  0.210504E+04
0.540000E+02  0.210504E+04
0.541000E+02  0.210504E+04
0.542000E+02  0.210503E+04
0.543000E+02  0.210503E+04
0.544000E+02  0.210503E+04
0.545000E+02  0.210503E+04
0.546000E+02  0.210503E+04
0.547000E+02  0.210503E+04
0.548000E+02  0.210503E+04
0.549000E+02  0.210503E+04
0.550000E+02  0.210502E+04
0.551000E+02  0.210502E+04
0.552000E+02  0.210502E+04
0.553000E+02  0.210502E+04
0.554000E+02  0.210502E+04
0.555000E+02  0.210502E+04
0.556000E+02  0.210502E+04
0.557000E+02  0.210502E+04
0.558000E+02  0.210502E+04
0.559000E+02  0.210501E+04
0.560000E+02  0.210501E+04
0.561000E+02  0.210501E+04
0.562000E+02  0.210501E+04
0.563000E+02  0.210501E+04
0.564000E+02  0.210501E+04
0.565000E+02  0.210501E+04
0.566000E+02  0.210500E+04
0.567000E+02  0.210500E+04
0.568000E+02  0.210500E+04
0.569000E+02  0.210500E+04
0.570000E+02  0.210500E+04
0.571000E+02  0.210500E+04
0.572000E+02  0.210500E+04
0.573000E+02  0.210500E+04
0.574000E+02  0.210499E+04
0.575000E+02  0.210499E+04
0.576000E+02  0.210499E+04
0.577000E+02  0.210499E+04
0.578000E+02  0.210499E+04
0.579000E+02  0.210499E+04
0.580000E+02  0.210499E+04
0.581000E+02  0.210499E+04
0.582000E+02  0.210498E+04
0.583000E+02  0.210498E+04
0.584000E+02  0.210498E+04
0.585000E+02  0.210498E+04
0.586000E+02  0.210498E+04
0.587000E+02  0.210498E+04
0.588000E+02  0.210498E+04
0.589000E+02  0.210497E+04
0.590000E+02  0.210497E+04
0.591000E+02  0.210497E+04
0.592000E+02  0.210497E+04
0.593000E+02  0.210497E+04
0.594000E+02  0.210497E+04
0.595000E+02  0.210497E+04
0.596000E+02  0.210497E+04
0.597000E+02  0.210496E+04
0.598000E+02  0.210496E+04
0.599000E+02  0.210496E+04
0.600000E+02  0.210496E+04
0.601000E+02  0.210496E+04
0.602000E+02  0.210496E+04
0.603000E+02  0.210496E+04
0.604000E+02  0.210495E+04
0.605000E+02  0.210495E+04
0.606000E+02  0.210495E+04
0.607000E+02  0.210495E+04
0.608000E+02  0.210495E+04
0.609000E+02  0.210495E+04
0.610000E+02  0.210495E+04
0.611000E+02  0.210494E+04
0.612000E+02  0.210494E+04
0.613000E+02  0.210494E+04
0.614000E+02  0.210494E+04
0.615000E+02  0.210494E+04
0.616000E+02  0.210494E+04
0.617000E+02  0.210494E+04
0.618000E+02  0.210493E+04
0.619000E+02  0.210493E+04
0.620000E+02  0.210493E+04
0.621000E+02  0.210493E+04
0.622000E+02  0.210493E+04
0.623000E+02  0.210493E+04
0.624000E+02  0.210493E+04
0.625000E+02  0.210492E+04
0.626000E+02  0.210492E+04
0.627000E+02  0.210492E+04
0.628000E+02  0.210492E+04
0.629000E+02  0.210492E+04
0.630000E+02  0.210492E+04
0.631000E+02  0.210492E+04
0.632000E+02  0.210491E+04
0.633000E+02  0.210491E+04
0.634000E+02  0.210491E+04
0.635000E+02  0.210491E+04
0.636000E+02  0.210491E+04
0.637000E+02  0.210491E+04
0.638000E+02  0.210491E+04
0.639000E+02  0.210491E+04
0.640000E+02  0.210490E+04
0.641000E+02  0.210490E+04
0.642000E+02  0.210490E+04
0.643000E+02  0.210490E+04
0.644000E+02  0.210490E+04
0.645000E+02  0.210490E+04
0.646000E+02  0.210490E+04
0.647000E+02  0.210489E+04
0.648000E+02  0.210489E+04
0.649000E+02  0.210489E+04
0.650000E+02  0.210489E+04
0.651000E+02  0.210489E+04
0.652000E+02  0.210489E+04
0.653000E+02  0.210489E+04
0.654000E+02  0.210488E+04
0.655000E+02  0.210488E+04
0.656000E+02  0.210488E+04
0.657000E+02  0.210488E+04
0.658000E+02  0.210488E+04
0.659000E+02  0.210488E+04
0.660000E+02  0.210488E+04
0.661000E+02  0.210487E+04
0.662000E+02  0.210487E+04
0.663000E+02  0.210487E+04
0.664000E+02  0.210487E+04
0.665000E+02  0.210487E+04
0.666000E+02  0.210487E+04
0.667000E+02  0.210487E+04
0.668000E+02  0.210486E+04
0.669000E+02  0.210486E+04
0.670000E+02  0.210486E+04
0.671000E+02  0.210486E+04
0.672000E+02  0.210486E+04
0.673000E+02  0.210486E+04
0.674000E+02  0.210486E+04
0.675000E+02  0.210485E+04
0.676000E+02  0.210485E+04
0.677000E+02  0.210485E+04
0.678000E+02  0.210485E+04
0.679000E+02  0.210485E+04
0.680000E+02  0.210485E+04
0.681000E+02  0.210485E+04
0.682000E+02  0.210484E+04
0.683000E+02  0.210484E+04
0.684000E+02  0.210484E+04
0.685000E+02  0.210484E+04
0.686000E+02  0.210484E+04
0.687000E+02  0.210484E+04
0.688000E+02  0.210484E+04
0.689000E+02  0.210483E+04
0.690000E+02  0.210483E+04
0.691000E+02  0.210483E+04
0.692000E+02  0.210483E+04
0.693000E+02  0.210483E+04
0.694000E+02  0.210483E+04
0.695000E+02  0.210483E+04
0.696000E+02  0.210483E+04
0.697000E+02  0.210482E+04
0.698000E+02  0.210482E+04
0.699000E+02  0.210482E+04
0.700000E+02  0.210482E+04
0.701000E+02  0.210482E+04
0.702000E+02  0.210482E+04
0.703000E+02  0.210482E+04
0.704000E+02  0.210481E+04
0.705000E+02  0.210481E+04
0.706000E+02  0.210481E+04
0.707000E+02  0.210481E+04
0.708000E+02  0.210481E+04
0.709000E+02  0.210481E+04
0.710000E+02  0.210481E+04
0.711000E+02  0.210481E+04
0.712000E+02  0.210480E+04
0.713000E+02  0.210480E+04
0.714000E+02  0.210480E+04
0.715000E+02  0.210480E+04
0.716000E+02  0.210480E+04
0.717000E+02  0.210480E+04
0.718000E+02  0.210480E+04
0.719000E+02  0.210480E+04
0.720000E+02  0.210479E+04
0.721000E+02  0.210479E+04
0.722000E+02  0.210479E+04
0.723000E+02  0.210479E+04
0.724000E+02  0.210479E+04
0.725000E+02  0.210479E+04
0.726000E+02  0.210479E+04
0.727000E+02  0.210479E+04
0.728000E+02  0.210478E+04
0.729000E+02  0.210478E+04
0.730000E+02  0.210478E+04
0.731000E+02  0.210478E+04
0.732000E+02  0.210478E+04
0.733000E+02  0.210478E+04
0.734000E+02  0.210478E+04
0.735000E+02  0.210478E+04
0.736000E+02  0.210477E+04
0.737000E+02  0.210477E+04
0.738000E+02  0.210477E+04
0.739000E+02  0.210477E+04
0.740000E+02  0.210477E+04
0.741000E+02  0.210477E+04
0.742000E+02  0.210477E+04
0.743000E+02  0.210477E+04
0.744000E+02  0.210477E+04
0.745000E+02  0.210476E+04
0.746000E+02  0.210476E+04
0.747000E+02  0.210476E+04
0.748000E+02  0.210476E+04
0.749000E+02  0.210476E+04
0.750000E+02  0.210476E+04
0.751000E+02  0.210476E+04
0.752000E+02  0.210476E+04
0.753000E+02  0.210475E+04
0.754000E+02  0.210475E+04
0.755000E+02  0.210475E+04
0.756000E+02  0.210475E+04
0.757000E+02  0.210475E+04
0.758000E+02  0.210475E+04
0.759000E+02  0.210475E+04
0.760000E+02  0.210475E+04
0.761000E+02  0.210475E+04
0.762000E+02  0.210475E+04
0.763000E+02  0.210474E+04
0.764000E+02  0.210474E+04
0.765000E+02  0.210474E+04
0.766000E+02  0.210474E+04
0.767000E+02  0.210474E+04
0.768000E+02  0.210474E+04
0.769000E+02  0.210474E+04
0.770000E+02  0.210474E+04
0.771000E+02  0.210474E+04
0.772000E+02  0.210473E+04
0.773000E+02  0.210473E+04
0.774000E+02  0.210473E+04
0.775000E+02  0.210473E+04
0.776000E+02  0.210473E+04
0.777000E+02  0.210473E+04
0.778000E+02  0.210473E+04
0.779000E+02  0.210473E+04
0.780000E+02  0.210473E+04
0.781000E+02  0.210473E+04
0.782000E+02  0.210472E+04
0.783000E+02  0.210472E+04
0.784000E+02  0.210472E+04
0.785000E+02  0.210472E+04
0.786000E+02  0.210472E+04
0.787000E+02  0.210472E+04
0.788000E+02  0.210472E+04
0.789000E+02  0.210472E+04
0.790000E+02  0.210472E+04
0.791000E+02  0.210472E+04
0.792000E+02  0.210472E+04
0.793000E+02  0.210472E+04
0.794000E+02  0.210471E+04
0.795000E+02  0.210471E+04
0.796000E+02  0.210471E+04
0.797000E+02  0.210471E+04
0.798000E+02  0.210471E+04
0.799000E+02  0.210471E+04
0.800000E+02  0.210471E+04
0.801000E+02  0.210471E+04
0.802000E+02  0.210471E+04
0.803000E+02  0.210471E+04
0.804000E+02  0.210471E+04
0.805000E+02  0.210471E+04
0.806000E+02  0.210470E+04
0.807000E+02  0.210470E+04
0.808000E+02  0.210470E+04
0.809000E+02  0.210470E+04
0.810000E+02  0.210470E+04
0.811000E+02  0.210470E+04
0.812000E+02  0.210470E+04
0.813000E+02  0.210470E+04
0.814000E+02  0.210470E+04
0.815000E+02  0.210470E+04
0.816000E+02  0.210470E+04
0.817000E+02  0.210470E+04
0.818000E+02  0.210470E+04
0.819000E+02  0.210469E+04
0.820000E+02  0.210469E+04
0.821000E+02  0.210469E+04
0.822000E+02  0.210469E+04
0.823000E+02  0.210469E+04
0.824000E+02  0.210469E+04
0.825000E+02  0.210469E+04
0.826000E+02  0.210469E+04
0.827000E+02  0.210469E+04
0.828000E+02  0.210469E+04
0.829000E+02  0.210469E+04
0.830000E+02  0.210469E+04
0.831000E+02  0.210469E+04
0.832000E+02  0.210469E+04
0.833000E+02  0.210469E+04
0.834000E+02  0.210469E+04
0.835000E+02  0.210469E+04
0.836000E+02  0.210468E+04
0.837000E+02  0.210468E+04
0.838000E+02  0.210468E+04
0.839000E+02  0.210468E+04
0.840000E+02  0.210468E+04
0.841000E+02  0.210468E+04
0.842000E+02  0.210468E+04
0.843000E+02  0.210468E+04
0.844000E+02  0.210468E+04
0.845000E+02  0.210468E+04
0.846000E+02  0.210468E+04
0.847000E+02  0.210468E+04
0.848000E+02  0.210468E+04
0.849000E+02  0.210468E+04
0.850000E+02  0.210468E+04
0.851000E+02  0.210468E+04
0.852000E+02  0.210468E+04
0.853000E+02  0.210468E+04
0.854000E+02  0.210468E+04
0.855000E+02  0.210468E+04
0.856000E+02  0.210468E+04
0.857000E+02  0.210468E+04
0.858000E+02  0.210467E+04
0.859000E+02  0.210467E+04
0.860000E+02  0.210467E+04
0.861000E+02  0.210467E+04
0.862000E+02  0.210467E+04
0.863000E+02  0.210467E+04
0.864000E+02  0.210467E+04
0.865000E+02  0.210467E+04
0.866000E+02  0.210467E+04
0.867000E+02  0.210467E+04
0.868000E+02  0.210467E+04
0.869000E+02  0.210467E+04
0.870000E+02  0.210467E+04
0.871000E+02  0.210467E+04
0.872000E+02  0.210467E+04
0.873000E+02  0.210467E+04
0.874000E+02  0.210467E+04
0.875000E+02  0.210467E+04
0.876000E+02  0.210467E+04
0.877000E+02  0.210467E+04
0.878000E+02  0.210467E+04
0.879000E+02  0.210467E+04
0.880000E+02  0.210467E+04
0.881000E+02  0.210467E+04
0.882000E+02  0.210467E+04
0.883000E+02  0.210467E+04
0.884000E+02  0.210467E+04
0.885000E+02  0.210467E+04
0.886000E+02  0.210467E+04
0.887000E+02  0.210467E+04
0.888000E+02  0.210467E+04
0.889000E+02  0.210467E+04
0.890000E+02  0.210467E+04
0.891000E+02  0.210467E+04
0.892000E+02  0.210467E+04
0.893000E+02  0.210467E+04
0.894000E+02  0.210467E+04
0.895000E+02  0.210467E+04
0.896000E+02  0.210467E+04
0.897000E+02  0.210467E+04
0.898000E+02  0.210467E+04
0.899000E+02  0.210467E+04
