           1   4.99999805E-05   416.605743    
           2   5.28421515E-05   405.247131    
           3   5.58459433E-05   394.197968    
           4   5.90204181E-05   383.450287    
           5   6.23753440E-05   372.995605    
           6   6.59210418E-05   362.825806    
           7   6.96682255E-05   352.933441    
           8   7.36284055E-05   343.310822    
           9   7.78137837E-05   333.950348    
          10   8.22369911E-05   324.845306    
          11   8.69116193E-05   315.988495    
          12   9.18520818E-05   307.372986    
          13   9.70732654E-05   298.992554    
          14   1.02591250E-04   290.840607    
          15   1.08422944E-04   282.910858    
          16   1.14586146E-04   275.197266    
          17   1.21099612E-04   267.694122    
          18   1.27983396E-04   260.395447    
          19   1.35258495E-04   253.295761    
          20   1.42947058E-04   246.389725    
          21   1.51072745E-04   239.671921    
          22   1.59660325E-04   233.137253    
          23   1.68735962E-04   226.780853    
          24   1.78327595E-04   220.597656    
          25   1.88464459E-04   214.583054    
          26   1.99177419E-04   208.732529    
          27   2.10499478E-04   203.041428    
          28   2.22464980E-04   197.505585    
          29   2.35110798E-04   192.120590    
          30   2.48475291E-04   186.882477    
          31   2.62599642E-04   181.787109    
          32   2.77526851E-04   176.830704    
          33   2.93302437E-04   172.009460    
          34   3.09974916E-04   167.319641    
          35   3.27595160E-04   162.757675    
          36   3.46216781E-04   158.320129    
          37   3.65897140E-04   154.003525    
          38   3.86696222E-04   149.804626    
          39   4.08677355E-04   145.720261    
          40   4.31908236E-04   141.747177    
          41   4.56459617E-04   137.882446    
          42   4.82406351E-04   134.123138    
          43   5.09828271E-04   130.466263    
          44   5.38808992E-04   126.909103    
          45   5.69436757E-04   123.448975    
          46   6.01805805E-04   120.083130    
          47   6.36014855E-04   116.809067    
          48   6.72168157E-04   113.624298    
          49   7.10376888E-04   110.526344    
          50   7.50757579E-04   107.512848    
          51   7.93433224E-04   104.581543    
          52   8.38534732E-04   101.730156    
          53   8.86200869E-04   98.9564590    
          54   9.36575583E-04   96.2584457    
          55   9.89813823E-04   93.6339798    
          56   1.04607875E-03   91.0810547    
          57   1.10554206E-03   88.5977402    
          58   1.16838492E-03   86.1821594    
          59   1.23480067E-03   83.8323975    
          60   1.30499166E-03   81.5467148    
          61   1.37917185E-03   79.3233795    
          62   1.45756954E-03   77.1606293    
          63   1.54042372E-03   75.0568542    
          64   1.62798667E-03   73.0104599    
          65   1.72052800E-03   71.0198441    
          66   1.81832979E-03   69.0834961    
          67   1.92168984E-03   67.1999664    
          68   2.03092652E-03   65.3677750    
          69   2.14637257E-03   63.5855408    
          70   2.26837979E-03   61.8519135    
          71   2.39732349E-03   60.1655540    
          72   2.53359694E-03   58.5251656    
          73   2.67761550E-03   56.9295158    
          74   2.82982178E-03   55.3773689    
          75   2.99068028E-03   53.8675423    
          76   3.16068088E-03   52.3988991    
          77   3.34034488E-03   50.9703064    
          78   3.53022548E-03   49.5806427    
          79   3.73089570E-03   48.2289009    
          80   3.94297251E-03   46.9140282    
          81   4.16710693E-03   45.6349983    
          82   4.40398231E-03   44.3908539    
          83   4.65431996E-03   43.1806526    
          84   4.91889007E-03   42.0034561    
          85   5.19849965E-03   40.8583679    
          86   5.49400039E-03   39.7445374    
          87   5.80630125E-03   38.6610832    
          88   6.13635499E-03   37.6071930    
          89   6.48516649E-03   36.5820770    
          90   6.85380911E-03   35.5849342    
          91   7.24340742E-03   34.6150208    
          92   7.65514746E-03   33.6715965    
          93   8.09029676E-03   32.7539406    
          94   8.55018198E-03   31.8613586    
          95   9.03620385E-03   30.9931831    
          96   9.54985805E-03   30.1487465    
          97   1.00927101E-02   29.3274136    
          98   1.06664151E-02   28.5285816    
          99   1.12727368E-02   27.7516270    
         100   1.19135184E-02   26.9959927    
         101   1.25907306E-02   26.2610931    
         102   1.33064380E-02   25.5463943    
         103   1.40628219E-02   24.8513756    
         104   1.48622096E-02   24.1755104    
         105   1.57070365E-02   23.5183182    
         106   1.65998787E-02   22.8793259    
         107   1.75434835E-02   22.2580700    
         108   1.85407251E-02   21.6541157    
         109   1.95946451E-02   21.0670509    
         110   2.07084827E-02   20.4964638    
         111   2.18856242E-02   19.9419804    
         112   2.31296904E-02   19.4032345    
         113   2.44444758E-02   18.8798885    
         114   2.58339848E-02   18.3716316    
         115   2.73024924E-02   17.8781624    
         116   2.88544763E-02   17.3992100    
         117   3.04946639E-02   16.9345417    
         118   3.22281010E-02   16.4839325    
         119   3.40600796E-02   16.0471992    
         120   3.59961689E-02   15.6241961    
         121   3.80423367E-02   15.2147942    
         122   4.02048156E-02   14.8189211    
         123   4.24901955E-02   14.4365396    
         124   4.49055098E-02   14.0676470    
         125   4.74580936E-02   13.7123079    
         126   5.01558036E-02   13.3706226    
         127   5.30068614E-02   13.0427580    
         128   5.60199544E-02   12.7289438    
         129   5.92043549E-02   12.4294653    
         130   6.25697672E-02   12.1446877    
         131   6.61264509E-02   11.8750496    
         132   6.98853433E-02   11.6210604    
         133   7.38579035E-02   11.3833179    
         134   7.80562460E-02   11.1624928    
         135   8.24932754E-02   10.9593353    
         136   8.71824771E-02   10.7746763    
         137   9.21382830E-02   10.6093988    
         138   9.73757952E-02   10.4644585    
         139  0.102910966       10.3408413    
         140  0.108760841       10.2395449    
         141  0.114943244       10.1615810    
         142  0.121477015       10.1079130    
         143  0.128382266       10.0794477    
         144  0.135680020       10.0769968    
         145  0.143392548       10.1012402    
         146  0.151543558       10.1526947    
         147  0.160157904       10.2316761    
         148  0.169261828       10.3382750    
         149  0.178883344       10.4723368    
         150  0.189051688       10.6334352    
         151  0.199798152       10.8208790    
         152  0.211155489       11.0337000    
         153  0.223158285       11.2706728    
         154  0.235843509       11.5303173    
         155  0.249249801       11.8109198    
         156  0.263418019       12.1105452    
         157  0.278391749       12.4270849    
         158  0.294216663       12.7582645    
         159  0.310940951       13.1016760    
         160  0.328616083       13.4548359    
         161  0.347295761       13.8151865    
         162  0.367037445       14.1801682    
         163  0.387901336       14.5472374    
         164  0.409950972       14.9139042    
         165  0.433254242       15.2777891    
         166  0.457882166       15.6366386    
         167  0.483909756       15.9883642    
         168  0.511416852       16.3310909    
         169  0.540488124       16.6631584    
         170  0.571211338       16.9831257    
         171  0.603680968       17.2898140    
         172  0.637996972       17.5823040    
         173  0.674262941       17.8598881    
         174  0.712590337       18.1221218    
         175  0.753097296       18.3687744    
         176  0.795905948       18.5997944    
         177  0.841147959       18.8153305    
         178  0.888962686       19.0156784    
         179  0.939494371       19.2012558    
         180  0.992898464       19.3725948    
         181   1.04933941       19.5303001    
         182   1.10898745       19.6750202    
         183   1.17202616       19.8074741    
         184   1.23864949       19.9283981    
         185   1.30905867       20.0385437    
         186   1.38347006       20.1386566    
         187   1.46211278       20.2294636    
         188   1.54522431       20.3116798    
         189   1.63306022       20.3859844    
         190   1.72589087       20.4530334    
         191   1.82399654       20.5134392    
         192   1.92767870       20.5677814    
         193   2.03725696       20.6166000    
         194   2.15306163       20.6604042    
         195   2.27544904       20.6996536    
         196   2.40479326       20.7347832    
         197   2.54149294       20.7661896    
         198   2.68596005       20.7942371    
         199   2.83863926       20.8192539    
         200   3.00000072       20.8415451    
